[INFO ] 2022-07-21T11:04:03,881Z [Test worker] cordapp.JarScanningCordappLoader. - Loading CorDapps from RestrictedURL(url=file:/Users/karthik/Infosys/corda/bootcamp-cordapp/contracts/build/generated-custom-cordapps/20220721-110403.686-B319E434C44FCAE6/custom-cordapp_1_10_fe9f2e01-c31c-497b-b41a-d202b67fb19f.jar, rootPackageName=null) {}
[INFO ] 2022-07-21T11:04:03,903Z [Test worker] cordapp.JarScanningCordappLoader. - Scanning CorDapp in file:/Users/karthik/Infosys/corda/bootcamp-cordapp/contracts/build/generated-custom-cordapps/20220721-110403.686-B319E434C44FCAE6/custom-cordapp_1_10_fe9f2e01-c31c-497b-b41a-d202b67fb19f.jar {}
[INFO ] 2022-07-21T11:04:36,554Z [Test worker] cordapp.JarScanningCordappLoader. - Loading CorDapps from RestrictedURL(url=file:/Users/karthik/Infosys/corda/bootcamp-cordapp/contracts/build/generated-custom-cordapps/20220721-110436.346-A99E223C0E1041A1/custom-cordapp_1_10_4f09f137-f761-4162-b8aa-9eb14d1c5b01.jar, rootPackageName=null) {}
[INFO ] 2022-07-21T11:04:36,569Z [Test worker] cordapp.JarScanningCordappLoader. - Scanning CorDapp in file:/Users/karthik/Infosys/corda/bootcamp-cordapp/contracts/build/generated-custom-cordapps/20220721-110436.346-A99E223C0E1041A1/custom-cordapp_1_10_4f09f137-f761-4162-b8aa-9eb14d1c5b01.jar {}
[WARN ] 2022-07-21T11:04:37,169Z [Test worker] contracts.TransactionState. - State class com.bootcamp.states.TokenState is not annotated with @BelongsToContract, and does not have an enclosing class which implements Contract. Annotate TokenState with @BelongsToContract(com.bootcamp.contracts.TokenContract.class) to remove this warning. {}
[WARN ] 2022-07-21T11:04:37,171Z [Test worker] contracts.TransactionState. - State class com.bootcamp.states.TokenState is not annotated with @BelongsToContract, and does not have an enclosing class which implements Contract. Annotate TokenState with @BelongsToContract(com.bootcamp.contracts.TokenContract.class) to remove this warning. {}
[WARN ] 2022-07-21T11:04:37,173Z [Test worker] contracts.TransactionState. - State class com.bootcamp.states.TokenState is not annotated with @BelongsToContract, and does not have an enclosing class which implements Contract. Annotate TokenState with @BelongsToContract(com.bootcamp.contracts.TokenContract.class) to remove this warning. {}
[WARN ] 2022-07-21T11:04:37,174Z [Test worker] contracts.TransactionState. - State class com.bootcamp.states.TokenState is not annotated with @BelongsToContract, and does not have an enclosing class which implements Contract. Annotate TokenState with @BelongsToContract(com.bootcamp.contracts.TokenContract.class) to remove this warning. {}
[WARN ] 2022-07-21T11:04:37,269Z [Test worker] contracts.TransactionState. - State class com.bootcamp.states.TokenState is not annotated with @BelongsToContract, and does not have an enclosing class which implements Contract. Annotate TokenState with @BelongsToContract(com.bootcamp.contracts.TokenContract.class) to remove this warning. {}
[WARN ] 2022-07-21T11:04:37,270Z [Test worker] contracts.TransactionState. - State class com.bootcamp.states.TokenState is not annotated with @BelongsToContract, and does not have an enclosing class which implements Contract. Annotate TokenState with @BelongsToContract(com.bootcamp.contracts.TokenContract.class) to remove this warning. {}
[ERROR] 2022-07-21T11:04:37,284Z [Test worker] internal.Verifier. - Error validating transaction F026F252FDEBBDE594466592099D7F19BFE01D9F60C4185E060EF4C76F11BFE5. {}
java.lang.IllegalArgumentException: One output expected
	at com.bootcamp.contracts.TokenContract.verify(TokenContract.java:25) ~[main/:?]
	at net.corda.core.internal.ContractVerifier.apply(TransactionVerifierServiceInternal.kt:434) ~[corda-core-4.8.5.jar:?]
	at net.corda.core.internal.BasicVerifier.verifyContracts(TransactionVerifierServiceInternal.kt:386) ~[corda-core-4.8.5.jar:?]
	at net.corda.core.internal.Verifier.verify(TransactionVerifierServiceInternal.kt:72) ~[corda-core-4.8.5.jar:?]
	at net.corda.core.transactions.LedgerTransaction.verify(LedgerTransaction.kt:239) ~[corda-core-4.8.5.jar:?]
	at net.corda.core.transactions.TransactionBuilder.addMissingDependency(TransactionBuilder.kt:248) ~[corda-core-4.8.5.jar:?]
	at net.corda.core.transactions.TransactionBuilder.toWireTransactionWithContext(TransactionBuilder.kt:228) ~[corda-core-4.8.5.jar:?]
	at net.corda.core.transactions.TransactionBuilder.toWireTransactionWithContext$core(TransactionBuilder.kt:186) ~[corda-core-4.8.5.jar:?]
	at net.corda.core.transactions.TransactionBuilder.toWireTransaction(TransactionBuilder.kt:144) ~[corda-core-4.8.5.jar:?]
	at net.corda.testing.dsl.TestTransactionDSLInterpreter.toWireTransaction$test_utils(TestDSL.kt:146) ~[corda-test-utils-4.8.5.jar:?]
	at net.corda.testing.dsl.TestTransactionDSLInterpreter.verifies(TestDSL.kt:190) ~[corda-test-utils-4.8.5.jar:?]
	at net.corda.testing.dsl.Verifies$DefaultImpls.failsWith(LedgerDSLInterpreter.kt:45) ~[corda-test-utils-4.8.5.jar:?]
	at net.corda.testing.dsl.TransactionDSLInterpreter$DefaultImpls.failsWith(TransactionDSLInterpreter.kt) ~[corda-test-utils-4.8.5.jar:?]
	at net.corda.testing.dsl.TestTransactionDSLInterpreter.failsWith(TestDSL.kt:80) ~[corda-test-utils-4.8.5.jar:?]
	at net.corda.testing.dsl.Verifies$DefaultImpls.fails(LedgerDSLInterpreter.kt:75) ~[corda-test-utils-4.8.5.jar:?]
	at net.corda.testing.dsl.TransactionDSLInterpreter$DefaultImpls.fails(TransactionDSLInterpreter.kt) ~[corda-test-utils-4.8.5.jar:?]
	at net.corda.testing.dsl.TestTransactionDSLInterpreter.fails(TestDSL.kt:80) ~[corda-test-utils-4.8.5.jar:?]
	at net.corda.testing.dsl.TransactionDSL.fails(TransactionDSLInterpreter.kt) ~[corda-test-utils-4.8.5.jar:?]
	at com.bootcamp.contracts.ContractTests.lambda$tokenContractRequiresOneOutputInTheTransaction$2(ContractTests.java:56) ~[test/:?]
	at net.corda.testing.node.NodeTestUtils$transaction$1.invoke(NodeTestUtils.kt:54) ~[corda-node-driver-4.8.5.jar:?]
	at net.corda.testing.node.NodeTestUtils$transaction$1.invoke(NodeTestUtils.kt) ~[corda-node-driver-4.8.5.jar:?]
	at net.corda.testing.node.NodeTestUtils$ledger$2.invoke(NodeTestUtils.kt:39) ~[corda-node-driver-4.8.5.jar:?]
	at net.corda.testing.node.NodeTestUtils$ledger$2.invoke(NodeTestUtils.kt) ~[corda-node-driver-4.8.5.jar:?]
	at net.corda.testing.internal.InternalTestUtilsKt$withTestSerializationEnvIfNotSet$1.invoke(InternalTestUtils.kt:241) ~[corda-test-utils-4.8.5.jar:?]
	at net.corda.testing.internal.InternalTestUtilsKt$withTestSerializationEnvIfNotSet$1.invoke(InternalTestUtils.kt) ~[corda-test-utils-4.8.5.jar:?]
	at net.corda.testing.common.internal.CommonSerializationTestHelpersKt.asContextEnv(CommonSerializationTestHelpers.kt:19) ~[corda-test-common-4.8.5.jar:?]
	at net.corda.coretesting.internal.InternalSerializationTestHelpersKt.asTestContextEnv(InternalSerializationTestHelpers.kt:70) ~[corda-core-test-utils-4.8.5.jar:?]
	at net.corda.testing.internal.InternalTestUtilsKt.withTestSerializationEnvIfNotSet(InternalTestUtils.kt:241) ~[corda-test-utils-4.8.5.jar:?]
	at net.corda.testing.node.NodeTestUtils.ledger(NodeTestUtils.kt:36) ~[corda-node-driver-4.8.5.jar:?]
	at net.corda.testing.node.NodeTestUtils.transaction(NodeTestUtils.kt:53) ~[corda-node-driver-4.8.5.jar:?]
	at net.corda.testing.node.NodeTestUtils.transaction$default(NodeTestUtils.kt:51) ~[corda-node-driver-4.8.5.jar:?]
	at net.corda.testing.node.NodeTestUtils.transaction(NodeTestUtils.kt) ~[corda-node-driver-4.8.5.jar:?]
	at com.bootcamp.contracts.ContractTests.tokenContractRequiresOneOutputInTheTransaction(ContractTests.java:51) ~[test/:?]
	at sun.reflect.NativeMethodAccessorImpl.invoke0(Native Method) ~[?:1.8.0_332]
	at sun.reflect.NativeMethodAccessorImpl.invoke(NativeMethodAccessorImpl.java:62) ~[?:1.8.0_332]
	at sun.reflect.DelegatingMethodAccessorImpl.invoke(DelegatingMethodAccessorImpl.java:43) ~[?:1.8.0_332]
	at java.lang.reflect.Method.invoke(Method.java:498) ~[?:1.8.0_332]
	at org.junit.runners.model.FrameworkMethod$1.runReflectiveCall(FrameworkMethod.java:50) ~[junit-4.12.jar:4.12]
	at org.junit.internal.runners.model.ReflectiveCallable.run(ReflectiveCallable.java:12) ~[junit-4.12.jar:4.12]
	at org.junit.runners.model.FrameworkMethod.invokeExplosively(FrameworkMethod.java:47) ~[junit-4.12.jar:4.12]
	at org.junit.internal.runners.statements.InvokeMethod.evaluate(InvokeMethod.java:17) ~[junit-4.12.jar:4.12]
	at org.junit.runners.ParentRunner.runLeaf(ParentRunner.java:325) ~[junit-4.12.jar:4.12]
	at org.junit.runners.BlockJUnit4ClassRunner.runChild(BlockJUnit4ClassRunner.java:78) ~[junit-4.12.jar:4.12]
	at org.junit.runners.BlockJUnit4ClassRunner.runChild(BlockJUnit4ClassRunner.java:57) ~[junit-4.12.jar:4.12]
	at org.junit.runners.ParentRunner$3.run(ParentRunner.java:290) ~[junit-4.12.jar:4.12]
	at org.junit.runners.ParentRunner$1.schedule(ParentRunner.java:71) ~[junit-4.12.jar:4.12]
	at org.junit.runners.ParentRunner.runChildren(ParentRunner.java:288) ~[junit-4.12.jar:4.12]
	at org.junit.runners.ParentRunner.access$000(ParentRunner.java:58) ~[junit-4.12.jar:4.12]
	at org.junit.runners.ParentRunner$2.evaluate(ParentRunner.java:268) ~[junit-4.12.jar:4.12]
	at org.junit.runners.ParentRunner.run(ParentRunner.java:363) ~[junit-4.12.jar:4.12]
	at org.gradle.api.internal.tasks.testing.junit.JUnitTestClassExecutor.runTestClass(JUnitTestClassExecutor.java:110) ~[?:?]
	at org.gradle.api.internal.tasks.testing.junit.JUnitTestClassExecutor.execute(JUnitTestClassExecutor.java:58) ~[?:?]
	at org.gradle.api.internal.tasks.testing.junit.JUnitTestClassExecutor.execute(JUnitTestClassExecutor.java:38) ~[?:?]
	at org.gradle.api.internal.tasks.testing.junit.AbstractJUnitTestClassProcessor.processTestClass(AbstractJUnitTestClassProcessor.java:62) ~[?:?]
	at org.gradle.api.internal.tasks.testing.SuiteTestClassProcessor.processTestClass(SuiteTestClassProcessor.java:51) ~[?:?]
	at sun.reflect.NativeMethodAccessorImpl.invoke0(Native Method) ~[?:1.8.0_332]
	at sun.reflect.NativeMethodAccessorImpl.invoke(NativeMethodAccessorImpl.java:62) ~[?:1.8.0_332]
	at sun.reflect.DelegatingMethodAccessorImpl.invoke(DelegatingMethodAccessorImpl.java:43) ~[?:1.8.0_332]
	at java.lang.reflect.Method.invoke(Method.java:498) ~[?:1.8.0_332]
	at org.gradle.internal.dispatch.ReflectionDispatch.dispatch(ReflectionDispatch.java:36) ~[gradle-tooling-api-5.6.4.jar:5.6.4]
	at org.gradle.internal.dispatch.ReflectionDispatch.dispatch(ReflectionDispatch.java:24) ~[gradle-tooling-api-5.6.4.jar:5.6.4]
	at org.gradle.internal.dispatch.ContextClassLoaderDispatch.dispatch(ContextClassLoaderDispatch.java:33) ~[?:?]
	at org.gradle.internal.dispatch.ProxyDispatchAdapter$DispatchingInvocationHandler.invoke(ProxyDispatchAdapter.java:94) ~[gradle-tooling-api-5.6.4.jar:5.6.4]
	at com.sun.proxy.$Proxy2.processTestClass(Unknown Source) ~[?:?]
	at org.gradle.api.internal.tasks.testing.worker.TestWorker.processTestClass(TestWorker.java:118) ~[?:?]
	at sun.reflect.NativeMethodAccessorImpl.invoke0(Native Method) ~[?:1.8.0_332]
	at sun.reflect.NativeMethodAccessorImpl.invoke(NativeMethodAccessorImpl.java:62) ~[?:1.8.0_332]
	at sun.reflect.DelegatingMethodAccessorImpl.invoke(DelegatingMethodAccessorImpl.java:43) ~[?:1.8.0_332]
	at java.lang.reflect.Method.invoke(Method.java:498) ~[?:1.8.0_332]
	at org.gradle.internal.dispatch.ReflectionDispatch.dispatch(ReflectionDispatch.java:36) ~[gradle-tooling-api-5.6.4.jar:5.6.4]
	at org.gradle.internal.dispatch.ReflectionDispatch.dispatch(ReflectionDispatch.java:24) ~[gradle-tooling-api-5.6.4.jar:5.6.4]
	at org.gradle.internal.remote.internal.hub.MessageHubBackedObjectConnection$DispatchWrapper.dispatch(MessageHubBackedObjectConnection.java:182) ~[?:?]
	at org.gradle.internal.remote.internal.hub.MessageHubBackedObjectConnection$DispatchWrapper.dispatch(MessageHubBackedObjectConnection.java:164) ~[?:?]
	at org.gradle.internal.remote.internal.hub.MessageHub$Handler.run(MessageHub.java:412) ~[?:?]
	at org.gradle.internal.concurrent.ExecutorPolicy$CatchAndRecordFailures.onExecute(ExecutorPolicy.java:64) ~[gradle-tooling-api-5.6.4.jar:5.6.4]
	at org.gradle.internal.concurrent.ManagedExecutorImpl$1.run(ManagedExecutorImpl.java:48) ~[gradle-tooling-api-5.6.4.jar:5.6.4]
	at java.util.concurrent.ThreadPoolExecutor.runWorker(ThreadPoolExecutor.java:1149) ~[?:1.8.0_332]
	at java.util.concurrent.ThreadPoolExecutor$Worker.run(ThreadPoolExecutor.java:624) ~[?:1.8.0_332]
	at org.gradle.internal.concurrent.ThreadFactoryImpl$ManagedThreadRunnable.run(ThreadFactoryImpl.java:56) ~[gradle-tooling-api-5.6.4.jar:5.6.4]
	at java.lang.Thread.run(Thread.java:750) [?:1.8.0_332]
[WARN ] 2022-07-21T11:04:37,286Z [Test worker] contracts.TransactionState. - State class com.bootcamp.states.TokenState is not annotated with @BelongsToContract, and does not have an enclosing class which implements Contract. Annotate TokenState with @BelongsToContract(com.bootcamp.contracts.TokenContract.class) to remove this warning. {}
[WARN ] 2022-07-21T11:04:37,287Z [Test worker] contracts.TransactionState. - State class com.bootcamp.states.TokenState is not annotated with @BelongsToContract, and does not have an enclosing class which implements Contract. Annotate TokenState with @BelongsToContract(com.bootcamp.contracts.TokenContract.class) to remove this warning. {}
[ERROR] 2022-07-21T11:04:37,287Z [Test worker] internal.Verifier. - Error validating transaction F026F252FDEBBDE594466592099D7F19BFE01D9F60C4185E060EF4C76F11BFE5. {}
java.lang.IllegalArgumentException: One output expected
	at com.bootcamp.contracts.TokenContract.verify(TokenContract.java:25) ~[main/:?]
	at net.corda.core.internal.ContractVerifier.apply(TransactionVerifierServiceInternal.kt:434) ~[corda-core-4.8.5.jar:?]
	at net.corda.core.internal.BasicVerifier.verifyContracts(TransactionVerifierServiceInternal.kt:386) ~[corda-core-4.8.5.jar:?]
	at net.corda.core.internal.Verifier.verify(TransactionVerifierServiceInternal.kt:72) ~[corda-core-4.8.5.jar:?]
	at net.corda.core.transactions.LedgerTransaction.verify(LedgerTransaction.kt:239) ~[corda-core-4.8.5.jar:?]
	at net.corda.testing.dsl.TestTransactionDSLInterpreter.verifies(TestDSL.kt:190) ~[corda-test-utils-4.8.5.jar:?]
	at net.corda.testing.dsl.Verifies$DefaultImpls.failsWith(LedgerDSLInterpreter.kt:45) ~[corda-test-utils-4.8.5.jar:?]
	at net.corda.testing.dsl.TransactionDSLInterpreter$DefaultImpls.failsWith(TransactionDSLInterpreter.kt) ~[corda-test-utils-4.8.5.jar:?]
	at net.corda.testing.dsl.TestTransactionDSLInterpreter.failsWith(TestDSL.kt:80) ~[corda-test-utils-4.8.5.jar:?]
	at net.corda.testing.dsl.Verifies$DefaultImpls.fails(LedgerDSLInterpreter.kt:75) ~[corda-test-utils-4.8.5.jar:?]
	at net.corda.testing.dsl.TransactionDSLInterpreter$DefaultImpls.fails(TransactionDSLInterpreter.kt) ~[corda-test-utils-4.8.5.jar:?]
	at net.corda.testing.dsl.TestTransactionDSLInterpreter.fails(TestDSL.kt:80) ~[corda-test-utils-4.8.5.jar:?]
	at net.corda.testing.dsl.TransactionDSL.fails(TransactionDSLInterpreter.kt) ~[corda-test-utils-4.8.5.jar:?]
	at com.bootcamp.contracts.ContractTests.lambda$tokenContractRequiresOneOutputInTheTransaction$2(ContractTests.java:56) ~[test/:?]
	at net.corda.testing.node.NodeTestUtils$transaction$1.invoke(NodeTestUtils.kt:54) ~[corda-node-driver-4.8.5.jar:?]
	at net.corda.testing.node.NodeTestUtils$transaction$1.invoke(NodeTestUtils.kt) ~[corda-node-driver-4.8.5.jar:?]
	at net.corda.testing.node.NodeTestUtils$ledger$2.invoke(NodeTestUtils.kt:39) ~[corda-node-driver-4.8.5.jar:?]
	at net.corda.testing.node.NodeTestUtils$ledger$2.invoke(NodeTestUtils.kt) ~[corda-node-driver-4.8.5.jar:?]
	at net.corda.testing.internal.InternalTestUtilsKt$withTestSerializationEnvIfNotSet$1.invoke(InternalTestUtils.kt:241) ~[corda-test-utils-4.8.5.jar:?]
	at net.corda.testing.internal.InternalTestUtilsKt$withTestSerializationEnvIfNotSet$1.invoke(InternalTestUtils.kt) ~[corda-test-utils-4.8.5.jar:?]
	at net.corda.testing.common.internal.CommonSerializationTestHelpersKt.asContextEnv(CommonSerializationTestHelpers.kt:19) ~[corda-test-common-4.8.5.jar:?]
	at net.corda.coretesting.internal.InternalSerializationTestHelpersKt.asTestContextEnv(InternalSerializationTestHelpers.kt:70) ~[corda-core-test-utils-4.8.5.jar:?]
	at net.corda.testing.internal.InternalTestUtilsKt.withTestSerializationEnvIfNotSet(InternalTestUtils.kt:241) ~[corda-test-utils-4.8.5.jar:?]
	at net.corda.testing.node.NodeTestUtils.ledger(NodeTestUtils.kt:36) ~[corda-node-driver-4.8.5.jar:?]
	at net.corda.testing.node.NodeTestUtils.transaction(NodeTestUtils.kt:53) ~[corda-node-driver-4.8.5.jar:?]
	at net.corda.testing.node.NodeTestUtils.transaction$default(NodeTestUtils.kt:51) ~[corda-node-driver-4.8.5.jar:?]
	at net.corda.testing.node.NodeTestUtils.transaction(NodeTestUtils.kt) ~[corda-node-driver-4.8.5.jar:?]
	at com.bootcamp.contracts.ContractTests.tokenContractRequiresOneOutputInTheTransaction(ContractTests.java:51) ~[test/:?]
	at sun.reflect.NativeMethodAccessorImpl.invoke0(Native Method) ~[?:1.8.0_332]
	at sun.reflect.NativeMethodAccessorImpl.invoke(NativeMethodAccessorImpl.java:62) ~[?:1.8.0_332]
	at sun.reflect.DelegatingMethodAccessorImpl.invoke(DelegatingMethodAccessorImpl.java:43) ~[?:1.8.0_332]
	at java.lang.reflect.Method.invoke(Method.java:498) ~[?:1.8.0_332]
	at org.junit.runners.model.FrameworkMethod$1.runReflectiveCall(FrameworkMethod.java:50) ~[junit-4.12.jar:4.12]
	at org.junit.internal.runners.model.ReflectiveCallable.run(ReflectiveCallable.java:12) ~[junit-4.12.jar:4.12]
	at org.junit.runners.model.FrameworkMethod.invokeExplosively(FrameworkMethod.java:47) ~[junit-4.12.jar:4.12]
	at org.junit.internal.runners.statements.InvokeMethod.evaluate(InvokeMethod.java:17) ~[junit-4.12.jar:4.12]
	at org.junit.runners.ParentRunner.runLeaf(ParentRunner.java:325) ~[junit-4.12.jar:4.12]
	at org.junit.runners.BlockJUnit4ClassRunner.runChild(BlockJUnit4ClassRunner.java:78) ~[junit-4.12.jar:4.12]
	at org.junit.runners.BlockJUnit4ClassRunner.runChild(BlockJUnit4ClassRunner.java:57) ~[junit-4.12.jar:4.12]
	at org.junit.runners.ParentRunner$3.run(ParentRunner.java:290) ~[junit-4.12.jar:4.12]
	at org.junit.runners.ParentRunner$1.schedule(ParentRunner.java:71) ~[junit-4.12.jar:4.12]
	at org.junit.runners.ParentRunner.runChildren(ParentRunner.java:288) ~[junit-4.12.jar:4.12]
	at org.junit.runners.ParentRunner.access$000(ParentRunner.java:58) ~[junit-4.12.jar:4.12]
	at org.junit.runners.ParentRunner$2.evaluate(ParentRunner.java:268) ~[junit-4.12.jar:4.12]
	at org.junit.runners.ParentRunner.run(ParentRunner.java:363) ~[junit-4.12.jar:4.12]
	at org.gradle.api.internal.tasks.testing.junit.JUnitTestClassExecutor.runTestClass(JUnitTestClassExecutor.java:110) ~[?:?]
	at org.gradle.api.internal.tasks.testing.junit.JUnitTestClassExecutor.execute(JUnitTestClassExecutor.java:58) ~[?:?]
	at org.gradle.api.internal.tasks.testing.junit.JUnitTestClassExecutor.execute(JUnitTestClassExecutor.java:38) ~[?:?]
	at org.gradle.api.internal.tasks.testing.junit.AbstractJUnitTestClassProcessor.processTestClass(AbstractJUnitTestClassProcessor.java:62) ~[?:?]
	at org.gradle.api.internal.tasks.testing.SuiteTestClassProcessor.processTestClass(SuiteTestClassProcessor.java:51) ~[?:?]
	at sun.reflect.NativeMethodAccessorImpl.invoke0(Native Method) ~[?:1.8.0_332]
	at sun.reflect.NativeMethodAccessorImpl.invoke(NativeMethodAccessorImpl.java:62) ~[?:1.8.0_332]
	at sun.reflect.DelegatingMethodAccessorImpl.invoke(DelegatingMethodAccessorImpl.java:43) ~[?:1.8.0_332]
	at java.lang.reflect.Method.invoke(Method.java:498) ~[?:1.8.0_332]
	at org.gradle.internal.dispatch.ReflectionDispatch.dispatch(ReflectionDispatch.java:36) ~[gradle-tooling-api-5.6.4.jar:5.6.4]
	at org.gradle.internal.dispatch.ReflectionDispatch.dispatch(ReflectionDispatch.java:24) ~[gradle-tooling-api-5.6.4.jar:5.6.4]
	at org.gradle.internal.dispatch.ContextClassLoaderDispatch.dispatch(ContextClassLoaderDispatch.java:33) ~[?:?]
	at org.gradle.internal.dispatch.ProxyDispatchAdapter$DispatchingInvocationHandler.invoke(ProxyDispatchAdapter.java:94) ~[gradle-tooling-api-5.6.4.jar:5.6.4]
	at com.sun.proxy.$Proxy2.processTestClass(Unknown Source) ~[?:?]
	at org.gradle.api.internal.tasks.testing.worker.TestWorker.processTestClass(TestWorker.java:118) ~[?:?]
	at sun.reflect.NativeMethodAccessorImpl.invoke0(Native Method) ~[?:1.8.0_332]
	at sun.reflect.NativeMethodAccessorImpl.invoke(NativeMethodAccessorImpl.java:62) ~[?:1.8.0_332]
	at sun.reflect.DelegatingMethodAccessorImpl.invoke(DelegatingMethodAccessorImpl.java:43) ~[?:1.8.0_332]
	at java.lang.reflect.Method.invoke(Method.java:498) ~[?:1.8.0_332]
	at org.gradle.internal.dispatch.ReflectionDispatch.dispatch(ReflectionDispatch.java:36) ~[gradle-tooling-api-5.6.4.jar:5.6.4]
	at org.gradle.internal.dispatch.ReflectionDispatch.dispatch(ReflectionDispatch.java:24) ~[gradle-tooling-api-5.6.4.jar:5.6.4]
	at org.gradle.internal.remote.internal.hub.MessageHubBackedObjectConnection$DispatchWrapper.dispatch(MessageHubBackedObjectConnection.java:182) ~[?:?]
	at org.gradle.internal.remote.internal.hub.MessageHubBackedObjectConnection$DispatchWrapper.dispatch(MessageHubBackedObjectConnection.java:164) ~[?:?]
	at org.gradle.internal.remote.internal.hub.MessageHub$Handler.run(MessageHub.java:412) ~[?:?]
	at org.gradle.internal.concurrent.ExecutorPolicy$CatchAndRecordFailures.onExecute(ExecutorPolicy.java:64) ~[gradle-tooling-api-5.6.4.jar:5.6.4]
	at org.gradle.internal.concurrent.ManagedExecutorImpl$1.run(ManagedExecutorImpl.java:48) ~[gradle-tooling-api-5.6.4.jar:5.6.4]
	at java.util.concurrent.ThreadPoolExecutor.runWorker(ThreadPoolExecutor.java:1149) ~[?:1.8.0_332]
	at java.util.concurrent.ThreadPoolExecutor$Worker.run(ThreadPoolExecutor.java:624) ~[?:1.8.0_332]
	at org.gradle.internal.concurrent.ThreadFactoryImpl$ManagedThreadRunnable.run(ThreadFactoryImpl.java:56) ~[gradle-tooling-api-5.6.4.jar:5.6.4]
	at java.lang.Thread.run(Thread.java:750) [?:1.8.0_332]
[WARN ] 2022-07-21T11:04:37,317Z [Test worker] contracts.TransactionState. - State class com.bootcamp.states.TokenState is not annotated with @BelongsToContract, and does not have an enclosing class which implements Contract. Annotate TokenState with @BelongsToContract(com.bootcamp.contracts.TokenContract.class) to remove this warning. {}
[WARN ] 2022-07-21T11:04:37,318Z [Test worker] contracts.TransactionState. - State class com.bootcamp.states.TokenState is not annotated with @BelongsToContract, and does not have an enclosing class which implements Contract. Annotate TokenState with @BelongsToContract(com.bootcamp.contracts.TokenContract.class) to remove this warning. {}
[WARN ] 2022-07-21T11:04:37,343Z [Test worker] contracts.TransactionState. - State class com.bootcamp.states.TokenState is not annotated with @BelongsToContract, and does not have an enclosing class which implements Contract. Annotate TokenState with @BelongsToContract(com.bootcamp.contracts.TokenContract.class) to remove this warning. {}
[WARN ] 2022-07-21T11:04:37,346Z [Test worker] contracts.TransactionState. - State class com.bootcamp.states.TokenState is not annotated with @BelongsToContract, and does not have an enclosing class which implements Contract. Annotate TokenState with @BelongsToContract(com.bootcamp.contracts.TokenContract.class) to remove this warning. {}
[INFO ] 2022-07-21T11:04:37,347Z [Test worker] cordapp.JarScanningCordappLoader. - Loading CorDapps from RestrictedURL(url=file:/Users/karthik/Infosys/corda/bootcamp-cordapp/contracts/build/generated-custom-cordapps/20220721-110436.346-A99E223C0E1041A1/custom-cordapp_1_10_4f09f137-f761-4162-b8aa-9eb14d1c5b01.jar, rootPackageName=null) {}
[INFO ] 2022-07-21T11:04:37,347Z [Test worker] cordapp.JarScanningCordappLoader. - Scanning CorDapp in file:/Users/karthik/Infosys/corda/bootcamp-cordapp/contracts/build/generated-custom-cordapps/20220721-110436.346-A99E223C0E1041A1/custom-cordapp_1_10_4f09f137-f761-4162-b8aa-9eb14d1c5b01.jar {}
[WARN ] 2022-07-21T11:04:37,399Z [Test worker] contracts.TransactionState. - State class com.bootcamp.states.TokenState is not annotated with @BelongsToContract, and does not have an enclosing class which implements Contract. Annotate TokenState with @BelongsToContract(com.bootcamp.contracts.TokenContract.class) to remove this warning. {}
[WARN ] 2022-07-21T11:04:37,399Z [Test worker] contracts.TransactionState. - State class com.bootcamp.states.TokenState is not annotated with @BelongsToContract, and does not have an enclosing class which implements Contract. Annotate TokenState with @BelongsToContract(com.bootcamp.contracts.TokenContract.class) to remove this warning. {}
[WARN ] 2022-07-21T11:04:37,436Z [Test worker] contracts.TransactionState. - State class com.bootcamp.states.TokenState is not annotated with @BelongsToContract, and does not have an enclosing class which implements Contract. Annotate TokenState with @BelongsToContract(com.bootcamp.contracts.TokenContract.class) to remove this warning. {}
[ERROR] 2022-07-21T11:04:37,436Z [Test worker] internal.Verifier. - Error validating transaction A3C47A8BBE48714BDF257DFB91C929A2050BC6213D3AA793ECA3AD797E190523. {}
java.lang.IllegalArgumentException: Issuer must sign
	at com.bootcamp.contracts.TokenContract.verify(TokenContract.java:42) ~[main/:?]
	at net.corda.core.internal.ContractVerifier.apply(TransactionVerifierServiceInternal.kt:434) ~[corda-core-4.8.5.jar:?]
	at net.corda.core.internal.BasicVerifier.verifyContracts(TransactionVerifierServiceInternal.kt:386) ~[corda-core-4.8.5.jar:?]
	at net.corda.core.internal.Verifier.verify(TransactionVerifierServiceInternal.kt:72) ~[corda-core-4.8.5.jar:?]
	at net.corda.core.transactions.LedgerTransaction.verify(LedgerTransaction.kt:239) ~[corda-core-4.8.5.jar:?]
	at net.corda.core.transactions.TransactionBuilder.addMissingDependency(TransactionBuilder.kt:248) ~[corda-core-4.8.5.jar:?]
	at net.corda.core.transactions.TransactionBuilder.toWireTransactionWithContext(TransactionBuilder.kt:228) ~[corda-core-4.8.5.jar:?]
	at net.corda.core.transactions.TransactionBuilder.toWireTransactionWithContext$core(TransactionBuilder.kt:186) ~[corda-core-4.8.5.jar:?]
	at net.corda.core.transactions.TransactionBuilder.toWireTransaction(TransactionBuilder.kt:144) ~[corda-core-4.8.5.jar:?]
	at net.corda.testing.dsl.TestTransactionDSLInterpreter.toWireTransaction$test_utils(TestDSL.kt:146) ~[corda-test-utils-4.8.5.jar:?]
	at net.corda.testing.dsl.TestTransactionDSLInterpreter.verifies(TestDSL.kt:190) ~[corda-test-utils-4.8.5.jar:?]
	at net.corda.testing.dsl.Verifies$DefaultImpls.failsWith(LedgerDSLInterpreter.kt:45) ~[corda-test-utils-4.8.5.jar:?]
	at net.corda.testing.dsl.TransactionDSLInterpreter$DefaultImpls.failsWith(TransactionDSLInterpreter.kt) ~[corda-test-utils-4.8.5.jar:?]
	at net.corda.testing.dsl.TestTransactionDSLInterpreter.failsWith(TestDSL.kt:80) ~[corda-test-utils-4.8.5.jar:?]
	at net.corda.testing.dsl.Verifies$DefaultImpls.fails(LedgerDSLInterpreter.kt:75) ~[corda-test-utils-4.8.5.jar:?]
	at net.corda.testing.dsl.TransactionDSLInterpreter$DefaultImpls.fails(TransactionDSLInterpreter.kt) ~[corda-test-utils-4.8.5.jar:?]
	at net.corda.testing.dsl.TestTransactionDSLInterpreter.fails(TestDSL.kt:80) ~[corda-test-utils-4.8.5.jar:?]
	at net.corda.testing.dsl.TransactionDSL.fails(TransactionDSLInterpreter.kt) ~[corda-test-utils-4.8.5.jar:?]
	at com.bootcamp.contracts.ContractTests.lambda$tokenContractRequiresTheIssuerToBeARequiredSignerInTheTransaction$14(ContractTests.java:174) ~[test/:?]
	at net.corda.testing.node.NodeTestUtils$transaction$1.invoke(NodeTestUtils.kt:54) ~[corda-node-driver-4.8.5.jar:?]
	at net.corda.testing.node.NodeTestUtils$transaction$1.invoke(NodeTestUtils.kt) ~[corda-node-driver-4.8.5.jar:?]
	at net.corda.testing.node.NodeTestUtils$ledger$2.invoke(NodeTestUtils.kt:39) ~[corda-node-driver-4.8.5.jar:?]
	at net.corda.testing.node.NodeTestUtils$ledger$2.invoke(NodeTestUtils.kt) ~[corda-node-driver-4.8.5.jar:?]
	at net.corda.testing.internal.InternalTestUtilsKt$withTestSerializationEnvIfNotSet$1.invoke(InternalTestUtils.kt:241) ~[corda-test-utils-4.8.5.jar:?]
	at net.corda.testing.internal.InternalTestUtilsKt$withTestSerializationEnvIfNotSet$1.invoke(InternalTestUtils.kt) ~[corda-test-utils-4.8.5.jar:?]
	at net.corda.testing.common.internal.CommonSerializationTestHelpersKt.asContextEnv(CommonSerializationTestHelpers.kt:19) ~[corda-test-common-4.8.5.jar:?]
	at net.corda.coretesting.internal.InternalSerializationTestHelpersKt.asTestContextEnv(InternalSerializationTestHelpers.kt:70) ~[corda-core-test-utils-4.8.5.jar:?]
	at net.corda.testing.internal.InternalTestUtilsKt.withTestSerializationEnvIfNotSet(InternalTestUtils.kt:241) ~[corda-test-utils-4.8.5.jar:?]
	at net.corda.testing.node.NodeTestUtils.ledger(NodeTestUtils.kt:36) ~[corda-node-driver-4.8.5.jar:?]
	at net.corda.testing.node.NodeTestUtils.transaction(NodeTestUtils.kt:53) ~[corda-node-driver-4.8.5.jar:?]
	at net.corda.testing.node.NodeTestUtils.transaction$default(NodeTestUtils.kt:51) ~[corda-node-driver-4.8.5.jar:?]
	at net.corda.testing.node.NodeTestUtils.transaction(NodeTestUtils.kt) ~[corda-node-driver-4.8.5.jar:?]
	at com.bootcamp.contracts.ContractTests.tokenContractRequiresTheIssuerToBeARequiredSignerInTheTransaction(ContractTests.java:170) ~[test/:?]
	at sun.reflect.NativeMethodAccessorImpl.invoke0(Native Method) ~[?:1.8.0_332]
	at sun.reflect.NativeMethodAccessorImpl.invoke(NativeMethodAccessorImpl.java:62) ~[?:1.8.0_332]
	at sun.reflect.DelegatingMethodAccessorImpl.invoke(DelegatingMethodAccessorImpl.java:43) ~[?:1.8.0_332]
	at java.lang.reflect.Method.invoke(Method.java:498) ~[?:1.8.0_332]
	at org.junit.runners.model.FrameworkMethod$1.runReflectiveCall(FrameworkMethod.java:50) ~[junit-4.12.jar:4.12]
	at org.junit.internal.runners.model.ReflectiveCallable.run(ReflectiveCallable.java:12) ~[junit-4.12.jar:4.12]
	at org.junit.runners.model.FrameworkMethod.invokeExplosively(FrameworkMethod.java:47) ~[junit-4.12.jar:4.12]
	at org.junit.internal.runners.statements.InvokeMethod.evaluate(InvokeMethod.java:17) ~[junit-4.12.jar:4.12]
	at org.junit.runners.ParentRunner.runLeaf(ParentRunner.java:325) ~[junit-4.12.jar:4.12]
	at org.junit.runners.BlockJUnit4ClassRunner.runChild(BlockJUnit4ClassRunner.java:78) ~[junit-4.12.jar:4.12]
	at org.junit.runners.BlockJUnit4ClassRunner.runChild(BlockJUnit4ClassRunner.java:57) ~[junit-4.12.jar:4.12]
	at org.junit.runners.ParentRunner$3.run(ParentRunner.java:290) ~[junit-4.12.jar:4.12]
	at org.junit.runners.ParentRunner$1.schedule(ParentRunner.java:71) ~[junit-4.12.jar:4.12]
	at org.junit.runners.ParentRunner.runChildren(ParentRunner.java:288) ~[junit-4.12.jar:4.12]
	at org.junit.runners.ParentRunner.access$000(ParentRunner.java:58) ~[junit-4.12.jar:4.12]
	at org.junit.runners.ParentRunner$2.evaluate(ParentRunner.java:268) ~[junit-4.12.jar:4.12]
	at org.junit.runners.ParentRunner.run(ParentRunner.java:363) ~[junit-4.12.jar:4.12]
	at org.gradle.api.internal.tasks.testing.junit.JUnitTestClassExecutor.runTestClass(JUnitTestClassExecutor.java:110) ~[?:?]
	at org.gradle.api.internal.tasks.testing.junit.JUnitTestClassExecutor.execute(JUnitTestClassExecutor.java:58) ~[?:?]
	at org.gradle.api.internal.tasks.testing.junit.JUnitTestClassExecutor.execute(JUnitTestClassExecutor.java:38) ~[?:?]
	at org.gradle.api.internal.tasks.testing.junit.AbstractJUnitTestClassProcessor.processTestClass(AbstractJUnitTestClassProcessor.java:62) ~[?:?]
	at org.gradle.api.internal.tasks.testing.SuiteTestClassProcessor.processTestClass(SuiteTestClassProcessor.java:51) ~[?:?]
	at sun.reflect.NativeMethodAccessorImpl.invoke0(Native Method) ~[?:1.8.0_332]
	at sun.reflect.NativeMethodAccessorImpl.invoke(NativeMethodAccessorImpl.java:62) ~[?:1.8.0_332]
	at sun.reflect.DelegatingMethodAccessorImpl.invoke(DelegatingMethodAccessorImpl.java:43) ~[?:1.8.0_332]
	at java.lang.reflect.Method.invoke(Method.java:498) ~[?:1.8.0_332]
	at org.gradle.internal.dispatch.ReflectionDispatch.dispatch(ReflectionDispatch.java:36) ~[gradle-tooling-api-5.6.4.jar:5.6.4]
	at org.gradle.internal.dispatch.ReflectionDispatch.dispatch(ReflectionDispatch.java:24) ~[gradle-tooling-api-5.6.4.jar:5.6.4]
	at org.gradle.internal.dispatch.ContextClassLoaderDispatch.dispatch(ContextClassLoaderDispatch.java:33) ~[?:?]
	at org.gradle.internal.dispatch.ProxyDispatchAdapter$DispatchingInvocationHandler.invoke(ProxyDispatchAdapter.java:94) ~[gradle-tooling-api-5.6.4.jar:5.6.4]
	at com.sun.proxy.$Proxy2.processTestClass(Unknown Source) ~[?:?]
	at org.gradle.api.internal.tasks.testing.worker.TestWorker.processTestClass(TestWorker.java:118) ~[?:?]
	at sun.reflect.NativeMethodAccessorImpl.invoke0(Native Method) ~[?:1.8.0_332]
	at sun.reflect.NativeMethodAccessorImpl.invoke(NativeMethodAccessorImpl.java:62) ~[?:1.8.0_332]
	at sun.reflect.DelegatingMethodAccessorImpl.invoke(DelegatingMethodAccessorImpl.java:43) ~[?:1.8.0_332]
	at java.lang.reflect.Method.invoke(Method.java:498) ~[?:1.8.0_332]
	at org.gradle.internal.dispatch.ReflectionDispatch.dispatch(ReflectionDispatch.java:36) ~[gradle-tooling-api-5.6.4.jar:5.6.4]
	at org.gradle.internal.dispatch.ReflectionDispatch.dispatch(ReflectionDispatch.java:24) ~[gradle-tooling-api-5.6.4.jar:5.6.4]
	at org.gradle.internal.remote.internal.hub.MessageHubBackedObjectConnection$DispatchWrapper.dispatch(MessageHubBackedObjectConnection.java:182) ~[?:?]
	at org.gradle.internal.remote.internal.hub.MessageHubBackedObjectConnection$DispatchWrapper.dispatch(MessageHubBackedObjectConnection.java:164) ~[?:?]
	at org.gradle.internal.remote.internal.hub.MessageHub$Handler.run(MessageHub.java:412) ~[?:?]
	at org.gradle.internal.concurrent.ExecutorPolicy$CatchAndRecordFailures.onExecute(ExecutorPolicy.java:64) ~[gradle-tooling-api-5.6.4.jar:5.6.4]
	at org.gradle.internal.concurrent.ManagedExecutorImpl$1.run(ManagedExecutorImpl.java:48) ~[gradle-tooling-api-5.6.4.jar:5.6.4]
	at java.util.concurrent.ThreadPoolExecutor.runWorker(ThreadPoolExecutor.java:1149) ~[?:1.8.0_332]
	at java.util.concurrent.ThreadPoolExecutor$Worker.run(ThreadPoolExecutor.java:624) ~[?:1.8.0_332]
	at org.gradle.internal.concurrent.ThreadFactoryImpl$ManagedThreadRunnable.run(ThreadFactoryImpl.java:56) ~[gradle-tooling-api-5.6.4.jar:5.6.4]
	at java.lang.Thread.run(Thread.java:750) [?:1.8.0_332]
[WARN ] 2022-07-21T11:04:37,438Z [Test worker] contracts.TransactionState. - State class com.bootcamp.states.TokenState is not annotated with @BelongsToContract, and does not have an enclosing class which implements Contract. Annotate TokenState with @BelongsToContract(com.bootcamp.contracts.TokenContract.class) to remove this warning. {}
[ERROR] 2022-07-21T11:04:37,438Z [Test worker] internal.Verifier. - Error validating transaction A3C47A8BBE48714BDF257DFB91C929A2050BC6213D3AA793ECA3AD797E190523. {}
java.lang.IllegalArgumentException: Issuer must sign
	at com.bootcamp.contracts.TokenContract.verify(TokenContract.java:42) ~[main/:?]
	at net.corda.core.internal.ContractVerifier.apply(TransactionVerifierServiceInternal.kt:434) ~[corda-core-4.8.5.jar:?]
	at net.corda.core.internal.BasicVerifier.verifyContracts(TransactionVerifierServiceInternal.kt:386) ~[corda-core-4.8.5.jar:?]
	at net.corda.core.internal.Verifier.verify(TransactionVerifierServiceInternal.kt:72) ~[corda-core-4.8.5.jar:?]
	at net.corda.core.transactions.LedgerTransaction.verify(LedgerTransaction.kt:239) ~[corda-core-4.8.5.jar:?]
	at net.corda.testing.dsl.TestTransactionDSLInterpreter.verifies(TestDSL.kt:190) ~[corda-test-utils-4.8.5.jar:?]
	at net.corda.testing.dsl.Verifies$DefaultImpls.failsWith(LedgerDSLInterpreter.kt:45) ~[corda-test-utils-4.8.5.jar:?]
	at net.corda.testing.dsl.TransactionDSLInterpreter$DefaultImpls.failsWith(TransactionDSLInterpreter.kt) ~[corda-test-utils-4.8.5.jar:?]
	at net.corda.testing.dsl.TestTransactionDSLInterpreter.failsWith(TestDSL.kt:80) ~[corda-test-utils-4.8.5.jar:?]
	at net.corda.testing.dsl.Verifies$DefaultImpls.fails(LedgerDSLInterpreter.kt:75) ~[corda-test-utils-4.8.5.jar:?]
	at net.corda.testing.dsl.TransactionDSLInterpreter$DefaultImpls.fails(TransactionDSLInterpreter.kt) ~[corda-test-utils-4.8.5.jar:?]
	at net.corda.testing.dsl.TestTransactionDSLInterpreter.fails(TestDSL.kt:80) ~[corda-test-utils-4.8.5.jar:?]
	at net.corda.testing.dsl.TransactionDSL.fails(TransactionDSLInterpreter.kt) ~[corda-test-utils-4.8.5.jar:?]
	at com.bootcamp.contracts.ContractTests.lambda$tokenContractRequiresTheIssuerToBeARequiredSignerInTheTransaction$14(ContractTests.java:174) ~[test/:?]
	at net.corda.testing.node.NodeTestUtils$transaction$1.invoke(NodeTestUtils.kt:54) ~[corda-node-driver-4.8.5.jar:?]
	at net.corda.testing.node.NodeTestUtils$transaction$1.invoke(NodeTestUtils.kt) ~[corda-node-driver-4.8.5.jar:?]
	at net.corda.testing.node.NodeTestUtils$ledger$2.invoke(NodeTestUtils.kt:39) ~[corda-node-driver-4.8.5.jar:?]
	at net.corda.testing.node.NodeTestUtils$ledger$2.invoke(NodeTestUtils.kt) ~[corda-node-driver-4.8.5.jar:?]
	at net.corda.testing.internal.InternalTestUtilsKt$withTestSerializationEnvIfNotSet$1.invoke(InternalTestUtils.kt:241) ~[corda-test-utils-4.8.5.jar:?]
	at net.corda.testing.internal.InternalTestUtilsKt$withTestSerializationEnvIfNotSet$1.invoke(InternalTestUtils.kt) ~[corda-test-utils-4.8.5.jar:?]
	at net.corda.testing.common.internal.CommonSerializationTestHelpersKt.asContextEnv(CommonSerializationTestHelpers.kt:19) ~[corda-test-common-4.8.5.jar:?]
	at net.corda.coretesting.internal.InternalSerializationTestHelpersKt.asTestContextEnv(InternalSerializationTestHelpers.kt:70) ~[corda-core-test-utils-4.8.5.jar:?]
	at net.corda.testing.internal.InternalTestUtilsKt.withTestSerializationEnvIfNotSet(InternalTestUtils.kt:241) ~[corda-test-utils-4.8.5.jar:?]
	at net.corda.testing.node.NodeTestUtils.ledger(NodeTestUtils.kt:36) ~[corda-node-driver-4.8.5.jar:?]
	at net.corda.testing.node.NodeTestUtils.transaction(NodeTestUtils.kt:53) ~[corda-node-driver-4.8.5.jar:?]
	at net.corda.testing.node.NodeTestUtils.transaction$default(NodeTestUtils.kt:51) ~[corda-node-driver-4.8.5.jar:?]
	at net.corda.testing.node.NodeTestUtils.transaction(NodeTestUtils.kt) ~[corda-node-driver-4.8.5.jar:?]
	at com.bootcamp.contracts.ContractTests.tokenContractRequiresTheIssuerToBeARequiredSignerInTheTransaction(ContractTests.java:170) ~[test/:?]
	at sun.reflect.NativeMethodAccessorImpl.invoke0(Native Method) ~[?:1.8.0_332]
	at sun.reflect.NativeMethodAccessorImpl.invoke(NativeMethodAccessorImpl.java:62) ~[?:1.8.0_332]
	at sun.reflect.DelegatingMethodAccessorImpl.invoke(DelegatingMethodAccessorImpl.java:43) ~[?:1.8.0_332]
	at java.lang.reflect.Method.invoke(Method.java:498) ~[?:1.8.0_332]
	at org.junit.runners.model.FrameworkMethod$1.runReflectiveCall(FrameworkMethod.java:50) ~[junit-4.12.jar:4.12]
	at org.junit.internal.runners.model.ReflectiveCallable.run(ReflectiveCallable.java:12) ~[junit-4.12.jar:4.12]
	at org.junit.runners.model.FrameworkMethod.invokeExplosively(FrameworkMethod.java:47) ~[junit-4.12.jar:4.12]
	at org.junit.internal.runners.statements.InvokeMethod.evaluate(InvokeMethod.java:17) ~[junit-4.12.jar:4.12]
	at org.junit.runners.ParentRunner.runLeaf(ParentRunner.java:325) ~[junit-4.12.jar:4.12]
	at org.junit.runners.BlockJUnit4ClassRunner.runChild(BlockJUnit4ClassRunner.java:78) ~[junit-4.12.jar:4.12]
	at org.junit.runners.BlockJUnit4ClassRunner.runChild(BlockJUnit4ClassRunner.java:57) ~[junit-4.12.jar:4.12]
	at org.junit.runners.ParentRunner$3.run(ParentRunner.java:290) ~[junit-4.12.jar:4.12]
	at org.junit.runners.ParentRunner$1.schedule(ParentRunner.java:71) ~[junit-4.12.jar:4.12]
	at org.junit.runners.ParentRunner.runChildren(ParentRunner.java:288) ~[junit-4.12.jar:4.12]
	at org.junit.runners.ParentRunner.access$000(ParentRunner.java:58) ~[junit-4.12.jar:4.12]
	at org.junit.runners.ParentRunner$2.evaluate(ParentRunner.java:268) ~[junit-4.12.jar:4.12]
	at org.junit.runners.ParentRunner.run(ParentRunner.java:363) ~[junit-4.12.jar:4.12]
	at org.gradle.api.internal.tasks.testing.junit.JUnitTestClassExecutor.runTestClass(JUnitTestClassExecutor.java:110) ~[?:?]
	at org.gradle.api.internal.tasks.testing.junit.JUnitTestClassExecutor.execute(JUnitTestClassExecutor.java:58) ~[?:?]
	at org.gradle.api.internal.tasks.testing.junit.JUnitTestClassExecutor.execute(JUnitTestClassExecutor.java:38) ~[?:?]
	at org.gradle.api.internal.tasks.testing.junit.AbstractJUnitTestClassProcessor.processTestClass(AbstractJUnitTestClassProcessor.java:62) ~[?:?]
	at org.gradle.api.internal.tasks.testing.SuiteTestClassProcessor.processTestClass(SuiteTestClassProcessor.java:51) ~[?:?]
	at sun.reflect.NativeMethodAccessorImpl.invoke0(Native Method) ~[?:1.8.0_332]
	at sun.reflect.NativeMethodAccessorImpl.invoke(NativeMethodAccessorImpl.java:62) ~[?:1.8.0_332]
	at sun.reflect.DelegatingMethodAccessorImpl.invoke(DelegatingMethodAccessorImpl.java:43) ~[?:1.8.0_332]
	at java.lang.reflect.Method.invoke(Method.java:498) ~[?:1.8.0_332]
	at org.gradle.internal.dispatch.ReflectionDispatch.dispatch(ReflectionDispatch.java:36) ~[gradle-tooling-api-5.6.4.jar:5.6.4]
	at org.gradle.internal.dispatch.ReflectionDispatch.dispatch(ReflectionDispatch.java:24) ~[gradle-tooling-api-5.6.4.jar:5.6.4]
	at org.gradle.internal.dispatch.ContextClassLoaderDispatch.dispatch(ContextClassLoaderDispatch.java:33) ~[?:?]
	at org.gradle.internal.dispatch.ProxyDispatchAdapter$DispatchingInvocationHandler.invoke(ProxyDispatchAdapter.java:94) ~[gradle-tooling-api-5.6.4.jar:5.6.4]
	at com.sun.proxy.$Proxy2.processTestClass(Unknown Source) ~[?:?]
	at org.gradle.api.internal.tasks.testing.worker.TestWorker.processTestClass(TestWorker.java:118) ~[?:?]
	at sun.reflect.NativeMethodAccessorImpl.invoke0(Native Method) ~[?:1.8.0_332]
	at sun.reflect.NativeMethodAccessorImpl.invoke(NativeMethodAccessorImpl.java:62) ~[?:1.8.0_332]
	at sun.reflect.DelegatingMethodAccessorImpl.invoke(DelegatingMethodAccessorImpl.java:43) ~[?:1.8.0_332]
	at java.lang.reflect.Method.invoke(Method.java:498) ~[?:1.8.0_332]
	at org.gradle.internal.dispatch.ReflectionDispatch.dispatch(ReflectionDispatch.java:36) ~[gradle-tooling-api-5.6.4.jar:5.6.4]
	at org.gradle.internal.dispatch.ReflectionDispatch.dispatch(ReflectionDispatch.java:24) ~[gradle-tooling-api-5.6.4.jar:5.6.4]
	at org.gradle.internal.remote.internal.hub.MessageHubBackedObjectConnection$DispatchWrapper.dispatch(MessageHubBackedObjectConnection.java:182) ~[?:?]
	at org.gradle.internal.remote.internal.hub.MessageHubBackedObjectConnection$DispatchWrapper.dispatch(MessageHubBackedObjectConnection.java:164) ~[?:?]
	at org.gradle.internal.remote.internal.hub.MessageHub$Handler.run(MessageHub.java:412) ~[?:?]
	at org.gradle.internal.concurrent.ExecutorPolicy$CatchAndRecordFailures.onExecute(ExecutorPolicy.java:64) ~[gradle-tooling-api-5.6.4.jar:5.6.4]
	at org.gradle.internal.concurrent.ManagedExecutorImpl$1.run(ManagedExecutorImpl.java:48) ~[gradle-tooling-api-5.6.4.jar:5.6.4]
	at java.util.concurrent.ThreadPoolExecutor.runWorker(ThreadPoolExecutor.java:1149) ~[?:1.8.0_332]
	at java.util.concurrent.ThreadPoolExecutor$Worker.run(ThreadPoolExecutor.java:624) ~[?:1.8.0_332]
	at org.gradle.internal.concurrent.ThreadFactoryImpl$ManagedThreadRunnable.run(ThreadFactoryImpl.java:56) ~[gradle-tooling-api-5.6.4.jar:5.6.4]
	at java.lang.Thread.run(Thread.java:750) [?:1.8.0_332]
[WARN ] 2022-07-21T11:04:37,465Z [Test worker] contracts.TransactionState. - State class com.bootcamp.states.TokenState is not annotated with @BelongsToContract, and does not have an enclosing class which implements Contract. Annotate TokenState with @BelongsToContract(com.bootcamp.contracts.TokenContract.class) to remove this warning. {}
[WARN ] 2022-07-21T11:04:37,465Z [Test worker] contracts.TransactionState. - State class com.bootcamp.states.TokenState is not annotated with @BelongsToContract, and does not have an enclosing class which implements Contract. Annotate TokenState with @BelongsToContract(com.bootcamp.contracts.TokenContract.class) to remove this warning. {}
[WARN ] 2022-07-21T11:04:37,490Z [Test worker] contracts.TransactionState. - State class com.bootcamp.states.TokenState is not annotated with @BelongsToContract, and does not have an enclosing class which implements Contract. Annotate TokenState with @BelongsToContract(com.bootcamp.contracts.TokenContract.class) to remove this warning. {}
[ERROR] 2022-07-21T11:04:37,490Z [Test worker] internal.Verifier. - Error validating transaction 37F499E994D5C46D1FD3AEBC6AEDCA973AA11318982917D200A496BCDB17FEAF. {}
java.lang.IllegalArgumentException: Issuer must sign
	at com.bootcamp.contracts.TokenContract.verify(TokenContract.java:42) ~[main/:?]
	at net.corda.core.internal.ContractVerifier.apply(TransactionVerifierServiceInternal.kt:434) ~[corda-core-4.8.5.jar:?]
	at net.corda.core.internal.BasicVerifier.verifyContracts(TransactionVerifierServiceInternal.kt:386) ~[corda-core-4.8.5.jar:?]
	at net.corda.core.internal.Verifier.verify(TransactionVerifierServiceInternal.kt:72) ~[corda-core-4.8.5.jar:?]
	at net.corda.core.transactions.LedgerTransaction.verify(LedgerTransaction.kt:239) ~[corda-core-4.8.5.jar:?]
	at net.corda.core.transactions.TransactionBuilder.addMissingDependency(TransactionBuilder.kt:248) ~[corda-core-4.8.5.jar:?]
	at net.corda.core.transactions.TransactionBuilder.toWireTransactionWithContext(TransactionBuilder.kt:228) ~[corda-core-4.8.5.jar:?]
	at net.corda.core.transactions.TransactionBuilder.toWireTransactionWithContext$core(TransactionBuilder.kt:186) ~[corda-core-4.8.5.jar:?]
	at net.corda.core.transactions.TransactionBuilder.toWireTransaction(TransactionBuilder.kt:144) ~[corda-core-4.8.5.jar:?]
	at net.corda.testing.dsl.TestTransactionDSLInterpreter.toWireTransaction$test_utils(TestDSL.kt:146) ~[corda-test-utils-4.8.5.jar:?]
	at net.corda.testing.dsl.TestTransactionDSLInterpreter.verifies(TestDSL.kt:190) ~[corda-test-utils-4.8.5.jar:?]
	at net.corda.testing.dsl.Verifies$DefaultImpls.failsWith(LedgerDSLInterpreter.kt:45) ~[corda-test-utils-4.8.5.jar:?]
	at net.corda.testing.dsl.TransactionDSLInterpreter$DefaultImpls.failsWith(TransactionDSLInterpreter.kt) ~[corda-test-utils-4.8.5.jar:?]
	at net.corda.testing.dsl.TestTransactionDSLInterpreter.failsWith(TestDSL.kt:80) ~[corda-test-utils-4.8.5.jar:?]
	at net.corda.testing.dsl.Verifies$DefaultImpls.fails(LedgerDSLInterpreter.kt:75) ~[corda-test-utils-4.8.5.jar:?]
	at net.corda.testing.dsl.TransactionDSLInterpreter$DefaultImpls.fails(TransactionDSLInterpreter.kt) ~[corda-test-utils-4.8.5.jar:?]
	at net.corda.testing.dsl.TestTransactionDSLInterpreter.fails(TestDSL.kt:80) ~[corda-test-utils-4.8.5.jar:?]
	at net.corda.testing.dsl.TransactionDSL.fails(TransactionDSLInterpreter.kt) ~[corda-test-utils-4.8.5.jar:?]
	at com.bootcamp.contracts.ContractTests.lambda$tokenContractRequiresTheIssuerToBeARequiredSignerInTheTransaction$15(ContractTests.java:182) ~[test/:?]
	at net.corda.testing.node.NodeTestUtils$transaction$1.invoke(NodeTestUtils.kt:54) ~[corda-node-driver-4.8.5.jar:?]
	at net.corda.testing.node.NodeTestUtils$transaction$1.invoke(NodeTestUtils.kt) ~[corda-node-driver-4.8.5.jar:?]
	at net.corda.testing.node.NodeTestUtils$ledger$2.invoke(NodeTestUtils.kt:39) ~[corda-node-driver-4.8.5.jar:?]
	at net.corda.testing.node.NodeTestUtils$ledger$2.invoke(NodeTestUtils.kt) ~[corda-node-driver-4.8.5.jar:?]
	at net.corda.testing.internal.InternalTestUtilsKt$withTestSerializationEnvIfNotSet$1.invoke(InternalTestUtils.kt:241) ~[corda-test-utils-4.8.5.jar:?]
	at net.corda.testing.internal.InternalTestUtilsKt$withTestSerializationEnvIfNotSet$1.invoke(InternalTestUtils.kt) ~[corda-test-utils-4.8.5.jar:?]
	at net.corda.testing.common.internal.CommonSerializationTestHelpersKt.asContextEnv(CommonSerializationTestHelpers.kt:19) ~[corda-test-common-4.8.5.jar:?]
	at net.corda.coretesting.internal.InternalSerializationTestHelpersKt.asTestContextEnv(InternalSerializationTestHelpers.kt:70) ~[corda-core-test-utils-4.8.5.jar:?]
	at net.corda.testing.internal.InternalTestUtilsKt.withTestSerializationEnvIfNotSet(InternalTestUtils.kt:241) ~[corda-test-utils-4.8.5.jar:?]
	at net.corda.testing.node.NodeTestUtils.ledger(NodeTestUtils.kt:36) ~[corda-node-driver-4.8.5.jar:?]
	at net.corda.testing.node.NodeTestUtils.transaction(NodeTestUtils.kt:53) ~[corda-node-driver-4.8.5.jar:?]
	at net.corda.testing.node.NodeTestUtils.transaction$default(NodeTestUtils.kt:51) ~[corda-node-driver-4.8.5.jar:?]
	at net.corda.testing.node.NodeTestUtils.transaction(NodeTestUtils.kt) ~[corda-node-driver-4.8.5.jar:?]
	at com.bootcamp.contracts.ContractTests.tokenContractRequiresTheIssuerToBeARequiredSignerInTheTransaction(ContractTests.java:178) ~[test/:?]
	at sun.reflect.NativeMethodAccessorImpl.invoke0(Native Method) ~[?:1.8.0_332]
	at sun.reflect.NativeMethodAccessorImpl.invoke(NativeMethodAccessorImpl.java:62) ~[?:1.8.0_332]
	at sun.reflect.DelegatingMethodAccessorImpl.invoke(DelegatingMethodAccessorImpl.java:43) ~[?:1.8.0_332]
	at java.lang.reflect.Method.invoke(Method.java:498) ~[?:1.8.0_332]
	at org.junit.runners.model.FrameworkMethod$1.runReflectiveCall(FrameworkMethod.java:50) ~[junit-4.12.jar:4.12]
	at org.junit.internal.runners.model.ReflectiveCallable.run(ReflectiveCallable.java:12) ~[junit-4.12.jar:4.12]
	at org.junit.runners.model.FrameworkMethod.invokeExplosively(FrameworkMethod.java:47) ~[junit-4.12.jar:4.12]
	at org.junit.internal.runners.statements.InvokeMethod.evaluate(InvokeMethod.java:17) ~[junit-4.12.jar:4.12]
	at org.junit.runners.ParentRunner.runLeaf(ParentRunner.java:325) ~[junit-4.12.jar:4.12]
	at org.junit.runners.BlockJUnit4ClassRunner.runChild(BlockJUnit4ClassRunner.java:78) ~[junit-4.12.jar:4.12]
	at org.junit.runners.BlockJUnit4ClassRunner.runChild(BlockJUnit4ClassRunner.java:57) ~[junit-4.12.jar:4.12]
	at org.junit.runners.ParentRunner$3.run(ParentRunner.java:290) ~[junit-4.12.jar:4.12]
	at org.junit.runners.ParentRunner$1.schedule(ParentRunner.java:71) ~[junit-4.12.jar:4.12]
	at org.junit.runners.ParentRunner.runChildren(ParentRunner.java:288) ~[junit-4.12.jar:4.12]
	at org.junit.runners.ParentRunner.access$000(ParentRunner.java:58) ~[junit-4.12.jar:4.12]
	at org.junit.runners.ParentRunner$2.evaluate(ParentRunner.java:268) ~[junit-4.12.jar:4.12]
	at org.junit.runners.ParentRunner.run(ParentRunner.java:363) ~[junit-4.12.jar:4.12]
	at org.gradle.api.internal.tasks.testing.junit.JUnitTestClassExecutor.runTestClass(JUnitTestClassExecutor.java:110) ~[?:?]
	at org.gradle.api.internal.tasks.testing.junit.JUnitTestClassExecutor.execute(JUnitTestClassExecutor.java:58) ~[?:?]
	at org.gradle.api.internal.tasks.testing.junit.JUnitTestClassExecutor.execute(JUnitTestClassExecutor.java:38) ~[?:?]
	at org.gradle.api.internal.tasks.testing.junit.AbstractJUnitTestClassProcessor.processTestClass(AbstractJUnitTestClassProcessor.java:62) ~[?:?]
	at org.gradle.api.internal.tasks.testing.SuiteTestClassProcessor.processTestClass(SuiteTestClassProcessor.java:51) ~[?:?]
	at sun.reflect.NativeMethodAccessorImpl.invoke0(Native Method) ~[?:1.8.0_332]
	at sun.reflect.NativeMethodAccessorImpl.invoke(NativeMethodAccessorImpl.java:62) ~[?:1.8.0_332]
	at sun.reflect.DelegatingMethodAccessorImpl.invoke(DelegatingMethodAccessorImpl.java:43) ~[?:1.8.0_332]
	at java.lang.reflect.Method.invoke(Method.java:498) ~[?:1.8.0_332]
	at org.gradle.internal.dispatch.ReflectionDispatch.dispatch(ReflectionDispatch.java:36) ~[gradle-tooling-api-5.6.4.jar:5.6.4]
	at org.gradle.internal.dispatch.ReflectionDispatch.dispatch(ReflectionDispatch.java:24) ~[gradle-tooling-api-5.6.4.jar:5.6.4]
	at org.gradle.internal.dispatch.ContextClassLoaderDispatch.dispatch(ContextClassLoaderDispatch.java:33) ~[?:?]
	at org.gradle.internal.dispatch.ProxyDispatchAdapter$DispatchingInvocationHandler.invoke(ProxyDispatchAdapter.java:94) ~[gradle-tooling-api-5.6.4.jar:5.6.4]
	at com.sun.proxy.$Proxy2.processTestClass(Unknown Source) ~[?:?]
	at org.gradle.api.internal.tasks.testing.worker.TestWorker.processTestClass(TestWorker.java:118) ~[?:?]
	at sun.reflect.NativeMethodAccessorImpl.invoke0(Native Method) ~[?:1.8.0_332]
	at sun.reflect.NativeMethodAccessorImpl.invoke(NativeMethodAccessorImpl.java:62) ~[?:1.8.0_332]
	at sun.reflect.DelegatingMethodAccessorImpl.invoke(DelegatingMethodAccessorImpl.java:43) ~[?:1.8.0_332]
	at java.lang.reflect.Method.invoke(Method.java:498) ~[?:1.8.0_332]
	at org.gradle.internal.dispatch.ReflectionDispatch.dispatch(ReflectionDispatch.java:36) ~[gradle-tooling-api-5.6.4.jar:5.6.4]
	at org.gradle.internal.dispatch.ReflectionDispatch.dispatch(ReflectionDispatch.java:24) ~[gradle-tooling-api-5.6.4.jar:5.6.4]
	at org.gradle.internal.remote.internal.hub.MessageHubBackedObjectConnection$DispatchWrapper.dispatch(MessageHubBackedObjectConnection.java:182) ~[?:?]
	at org.gradle.internal.remote.internal.hub.MessageHubBackedObjectConnection$DispatchWrapper.dispatch(MessageHubBackedObjectConnection.java:164) ~[?:?]
	at org.gradle.internal.remote.internal.hub.MessageHub$Handler.run(MessageHub.java:412) ~[?:?]
	at org.gradle.internal.concurrent.ExecutorPolicy$CatchAndRecordFailures.onExecute(ExecutorPolicy.java:64) ~[gradle-tooling-api-5.6.4.jar:5.6.4]
	at org.gradle.internal.concurrent.ManagedExecutorImpl$1.run(ManagedExecutorImpl.java:48) ~[gradle-tooling-api-5.6.4.jar:5.6.4]
	at java.util.concurrent.ThreadPoolExecutor.runWorker(ThreadPoolExecutor.java:1149) ~[?:1.8.0_332]
	at java.util.concurrent.ThreadPoolExecutor$Worker.run(ThreadPoolExecutor.java:624) ~[?:1.8.0_332]
	at org.gradle.internal.concurrent.ThreadFactoryImpl$ManagedThreadRunnable.run(ThreadFactoryImpl.java:56) ~[gradle-tooling-api-5.6.4.jar:5.6.4]
	at java.lang.Thread.run(Thread.java:750) [?:1.8.0_332]
[WARN ] 2022-07-21T11:04:37,497Z [Test worker] contracts.TransactionState. - State class com.bootcamp.states.TokenState is not annotated with @BelongsToContract, and does not have an enclosing class which implements Contract. Annotate TokenState with @BelongsToContract(com.bootcamp.contracts.TokenContract.class) to remove this warning. {}
[ERROR] 2022-07-21T11:04:37,497Z [Test worker] internal.Verifier. - Error validating transaction 37F499E994D5C46D1FD3AEBC6AEDCA973AA11318982917D200A496BCDB17FEAF. {}
java.lang.IllegalArgumentException: Issuer must sign
	at com.bootcamp.contracts.TokenContract.verify(TokenContract.java:42) ~[main/:?]
	at net.corda.core.internal.ContractVerifier.apply(TransactionVerifierServiceInternal.kt:434) ~[corda-core-4.8.5.jar:?]
	at net.corda.core.internal.BasicVerifier.verifyContracts(TransactionVerifierServiceInternal.kt:386) ~[corda-core-4.8.5.jar:?]
	at net.corda.core.internal.Verifier.verify(TransactionVerifierServiceInternal.kt:72) ~[corda-core-4.8.5.jar:?]
	at net.corda.core.transactions.LedgerTransaction.verify(LedgerTransaction.kt:239) ~[corda-core-4.8.5.jar:?]
	at net.corda.testing.dsl.TestTransactionDSLInterpreter.verifies(TestDSL.kt:190) ~[corda-test-utils-4.8.5.jar:?]
	at net.corda.testing.dsl.Verifies$DefaultImpls.failsWith(LedgerDSLInterpreter.kt:45) ~[corda-test-utils-4.8.5.jar:?]
	at net.corda.testing.dsl.TransactionDSLInterpreter$DefaultImpls.failsWith(TransactionDSLInterpreter.kt) ~[corda-test-utils-4.8.5.jar:?]
	at net.corda.testing.dsl.TestTransactionDSLInterpreter.failsWith(TestDSL.kt:80) ~[corda-test-utils-4.8.5.jar:?]
	at net.corda.testing.dsl.Verifies$DefaultImpls.fails(LedgerDSLInterpreter.kt:75) ~[corda-test-utils-4.8.5.jar:?]
	at net.corda.testing.dsl.TransactionDSLInterpreter$DefaultImpls.fails(TransactionDSLInterpreter.kt) ~[corda-test-utils-4.8.5.jar:?]
	at net.corda.testing.dsl.TestTransactionDSLInterpreter.fails(TestDSL.kt:80) ~[corda-test-utils-4.8.5.jar:?]
	at net.corda.testing.dsl.TransactionDSL.fails(TransactionDSLInterpreter.kt) ~[corda-test-utils-4.8.5.jar:?]
	at com.bootcamp.contracts.ContractTests.lambda$tokenContractRequiresTheIssuerToBeARequiredSignerInTheTransaction$15(ContractTests.java:182) ~[test/:?]
	at net.corda.testing.node.NodeTestUtils$transaction$1.invoke(NodeTestUtils.kt:54) ~[corda-node-driver-4.8.5.jar:?]
	at net.corda.testing.node.NodeTestUtils$transaction$1.invoke(NodeTestUtils.kt) ~[corda-node-driver-4.8.5.jar:?]
	at net.corda.testing.node.NodeTestUtils$ledger$2.invoke(NodeTestUtils.kt:39) ~[corda-node-driver-4.8.5.jar:?]
	at net.corda.testing.node.NodeTestUtils$ledger$2.invoke(NodeTestUtils.kt) ~[corda-node-driver-4.8.5.jar:?]
	at net.corda.testing.internal.InternalTestUtilsKt$withTestSerializationEnvIfNotSet$1.invoke(InternalTestUtils.kt:241) ~[corda-test-utils-4.8.5.jar:?]
	at net.corda.testing.internal.InternalTestUtilsKt$withTestSerializationEnvIfNotSet$1.invoke(InternalTestUtils.kt) ~[corda-test-utils-4.8.5.jar:?]
	at net.corda.testing.common.internal.CommonSerializationTestHelpersKt.asContextEnv(CommonSerializationTestHelpers.kt:19) ~[corda-test-common-4.8.5.jar:?]
	at net.corda.coretesting.internal.InternalSerializationTestHelpersKt.asTestContextEnv(InternalSerializationTestHelpers.kt:70) ~[corda-core-test-utils-4.8.5.jar:?]
	at net.corda.testing.internal.InternalTestUtilsKt.withTestSerializationEnvIfNotSet(InternalTestUtils.kt:241) ~[corda-test-utils-4.8.5.jar:?]
	at net.corda.testing.node.NodeTestUtils.ledger(NodeTestUtils.kt:36) ~[corda-node-driver-4.8.5.jar:?]
	at net.corda.testing.node.NodeTestUtils.transaction(NodeTestUtils.kt:53) ~[corda-node-driver-4.8.5.jar:?]
	at net.corda.testing.node.NodeTestUtils.transaction$default(NodeTestUtils.kt:51) ~[corda-node-driver-4.8.5.jar:?]
	at net.corda.testing.node.NodeTestUtils.transaction(NodeTestUtils.kt) ~[corda-node-driver-4.8.5.jar:?]
	at com.bootcamp.contracts.ContractTests.tokenContractRequiresTheIssuerToBeARequiredSignerInTheTransaction(ContractTests.java:178) ~[test/:?]
	at sun.reflect.NativeMethodAccessorImpl.invoke0(Native Method) ~[?:1.8.0_332]
	at sun.reflect.NativeMethodAccessorImpl.invoke(NativeMethodAccessorImpl.java:62) ~[?:1.8.0_332]
	at sun.reflect.DelegatingMethodAccessorImpl.invoke(DelegatingMethodAccessorImpl.java:43) ~[?:1.8.0_332]
	at java.lang.reflect.Method.invoke(Method.java:498) ~[?:1.8.0_332]
	at org.junit.runners.model.FrameworkMethod$1.runReflectiveCall(FrameworkMethod.java:50) ~[junit-4.12.jar:4.12]
	at org.junit.internal.runners.model.ReflectiveCallable.run(ReflectiveCallable.java:12) ~[junit-4.12.jar:4.12]
	at org.junit.runners.model.FrameworkMethod.invokeExplosively(FrameworkMethod.java:47) ~[junit-4.12.jar:4.12]
	at org.junit.internal.runners.statements.InvokeMethod.evaluate(InvokeMethod.java:17) ~[junit-4.12.jar:4.12]
	at org.junit.runners.ParentRunner.runLeaf(ParentRunner.java:325) ~[junit-4.12.jar:4.12]
	at org.junit.runners.BlockJUnit4ClassRunner.runChild(BlockJUnit4ClassRunner.java:78) ~[junit-4.12.jar:4.12]
	at org.junit.runners.BlockJUnit4ClassRunner.runChild(BlockJUnit4ClassRunner.java:57) ~[junit-4.12.jar:4.12]
	at org.junit.runners.ParentRunner$3.run(ParentRunner.java:290) ~[junit-4.12.jar:4.12]
	at org.junit.runners.ParentRunner$1.schedule(ParentRunner.java:71) ~[junit-4.12.jar:4.12]
	at org.junit.runners.ParentRunner.runChildren(ParentRunner.java:288) ~[junit-4.12.jar:4.12]
	at org.junit.runners.ParentRunner.access$000(ParentRunner.java:58) ~[junit-4.12.jar:4.12]
	at org.junit.runners.ParentRunner$2.evaluate(ParentRunner.java:268) ~[junit-4.12.jar:4.12]
	at org.junit.runners.ParentRunner.run(ParentRunner.java:363) ~[junit-4.12.jar:4.12]
	at org.gradle.api.internal.tasks.testing.junit.JUnitTestClassExecutor.runTestClass(JUnitTestClassExecutor.java:110) ~[?:?]
	at org.gradle.api.internal.tasks.testing.junit.JUnitTestClassExecutor.execute(JUnitTestClassExecutor.java:58) ~[?:?]
	at org.gradle.api.internal.tasks.testing.junit.JUnitTestClassExecutor.execute(JUnitTestClassExecutor.java:38) ~[?:?]
	at org.gradle.api.internal.tasks.testing.junit.AbstractJUnitTestClassProcessor.processTestClass(AbstractJUnitTestClassProcessor.java:62) ~[?:?]
	at org.gradle.api.internal.tasks.testing.SuiteTestClassProcessor.processTestClass(SuiteTestClassProcessor.java:51) ~[?:?]
	at sun.reflect.NativeMethodAccessorImpl.invoke0(Native Method) ~[?:1.8.0_332]
	at sun.reflect.NativeMethodAccessorImpl.invoke(NativeMethodAccessorImpl.java:62) ~[?:1.8.0_332]
	at sun.reflect.DelegatingMethodAccessorImpl.invoke(DelegatingMethodAccessorImpl.java:43) ~[?:1.8.0_332]
	at java.lang.reflect.Method.invoke(Method.java:498) ~[?:1.8.0_332]
	at org.gradle.internal.dispatch.ReflectionDispatch.dispatch(ReflectionDispatch.java:36) ~[gradle-tooling-api-5.6.4.jar:5.6.4]
	at org.gradle.internal.dispatch.ReflectionDispatch.dispatch(ReflectionDispatch.java:24) ~[gradle-tooling-api-5.6.4.jar:5.6.4]
	at org.gradle.internal.dispatch.ContextClassLoaderDispatch.dispatch(ContextClassLoaderDispatch.java:33) ~[?:?]
	at org.gradle.internal.dispatch.ProxyDispatchAdapter$DispatchingInvocationHandler.invoke(ProxyDispatchAdapter.java:94) ~[gradle-tooling-api-5.6.4.jar:5.6.4]
	at com.sun.proxy.$Proxy2.processTestClass(Unknown Source) ~[?:?]
	at org.gradle.api.internal.tasks.testing.worker.TestWorker.processTestClass(TestWorker.java:118) ~[?:?]
	at sun.reflect.NativeMethodAccessorImpl.invoke0(Native Method) ~[?:1.8.0_332]
	at sun.reflect.NativeMethodAccessorImpl.invoke(NativeMethodAccessorImpl.java:62) ~[?:1.8.0_332]
	at sun.reflect.DelegatingMethodAccessorImpl.invoke(DelegatingMethodAccessorImpl.java:43) ~[?:1.8.0_332]
	at java.lang.reflect.Method.invoke(Method.java:498) ~[?:1.8.0_332]
	at org.gradle.internal.dispatch.ReflectionDispatch.dispatch(ReflectionDispatch.java:36) ~[gradle-tooling-api-5.6.4.jar:5.6.4]
	at org.gradle.internal.dispatch.ReflectionDispatch.dispatch(ReflectionDispatch.java:24) ~[gradle-tooling-api-5.6.4.jar:5.6.4]
	at org.gradle.internal.remote.internal.hub.MessageHubBackedObjectConnection$DispatchWrapper.dispatch(MessageHubBackedObjectConnection.java:182) ~[?:?]
	at org.gradle.internal.remote.internal.hub.MessageHubBackedObjectConnection$DispatchWrapper.dispatch(MessageHubBackedObjectConnection.java:164) ~[?:?]
	at org.gradle.internal.remote.internal.hub.MessageHub$Handler.run(MessageHub.java:412) ~[?:?]
	at org.gradle.internal.concurrent.ExecutorPolicy$CatchAndRecordFailures.onExecute(ExecutorPolicy.java:64) ~[gradle-tooling-api-5.6.4.jar:5.6.4]
	at org.gradle.internal.concurrent.ManagedExecutorImpl$1.run(ManagedExecutorImpl.java:48) ~[gradle-tooling-api-5.6.4.jar:5.6.4]
	at java.util.concurrent.ThreadPoolExecutor.runWorker(ThreadPoolExecutor.java:1149) ~[?:1.8.0_332]
	at java.util.concurrent.ThreadPoolExecutor$Worker.run(ThreadPoolExecutor.java:624) ~[?:1.8.0_332]
	at org.gradle.internal.concurrent.ThreadFactoryImpl$ManagedThreadRunnable.run(ThreadFactoryImpl.java:56) ~[gradle-tooling-api-5.6.4.jar:5.6.4]
	at java.lang.Thread.run(Thread.java:750) [?:1.8.0_332]
[WARN ] 2022-07-21T11:04:37,519Z [Test worker] contracts.TransactionState. - State class com.bootcamp.states.TokenState is not annotated with @BelongsToContract, and does not have an enclosing class which implements Contract. Annotate TokenState with @BelongsToContract(com.bootcamp.contracts.TokenContract.class) to remove this warning. {}
[WARN ] 2022-07-21T11:04:37,519Z [Test worker] contracts.TransactionState. - State class com.bootcamp.states.TokenState is not annotated with @BelongsToContract, and does not have an enclosing class which implements Contract. Annotate TokenState with @BelongsToContract(com.bootcamp.contracts.TokenContract.class) to remove this warning. {}
[WARN ] 2022-07-21T11:04:37,547Z [Test worker] contracts.TransactionState. - State class com.bootcamp.states.TokenState is not annotated with @BelongsToContract, and does not have an enclosing class which implements Contract. Annotate TokenState with @BelongsToContract(com.bootcamp.contracts.TokenContract.class) to remove this warning. {}
[WARN ] 2022-07-21T11:04:37,549Z [Test worker] contracts.TransactionState. - State class com.bootcamp.states.TokenState is not annotated with @BelongsToContract, and does not have an enclosing class which implements Contract. Annotate TokenState with @BelongsToContract(com.bootcamp.contracts.TokenContract.class) to remove this warning. {}
[WARN ] 2022-07-21T11:04:37,570Z [Test worker] contracts.TransactionState. - State class com.bootcamp.states.TokenState is not annotated with @BelongsToContract, and does not have an enclosing class which implements Contract. Annotate TokenState with @BelongsToContract(com.bootcamp.contracts.TokenContract.class) to remove this warning. {}
[WARN ] 2022-07-21T11:04:37,571Z [Test worker] contracts.TransactionState. - State class com.bootcamp.states.TokenState is not annotated with @BelongsToContract, and does not have an enclosing class which implements Contract. Annotate TokenState with @BelongsToContract(com.bootcamp.contracts.TokenContract.class) to remove this warning. {}
[WARN ] 2022-07-21T11:04:37,584Z [Test worker] contracts.TransactionState. - State class com.bootcamp.states.TokenState is not annotated with @BelongsToContract, and does not have an enclosing class which implements Contract. Annotate TokenState with @BelongsToContract(com.bootcamp.contracts.TokenContract.class) to remove this warning. {}
[WARN ] 2022-07-21T11:04:37,586Z [Test worker] contracts.TransactionState. - State class com.bootcamp.states.TokenState is not annotated with @BelongsToContract, and does not have an enclosing class which implements Contract. Annotate TokenState with @BelongsToContract(com.bootcamp.contracts.TokenContract.class) to remove this warning. {}
[INFO ] 2022-07-21T11:04:37,587Z [Test worker] cordapp.JarScanningCordappLoader. - Loading CorDapps from RestrictedURL(url=file:/Users/karthik/Infosys/corda/bootcamp-cordapp/contracts/build/generated-custom-cordapps/20220721-110436.346-A99E223C0E1041A1/custom-cordapp_1_10_4f09f137-f761-4162-b8aa-9eb14d1c5b01.jar, rootPackageName=null) {}
[INFO ] 2022-07-21T11:04:37,587Z [Test worker] cordapp.JarScanningCordappLoader. - Scanning CorDapp in file:/Users/karthik/Infosys/corda/bootcamp-cordapp/contracts/build/generated-custom-cordapps/20220721-110436.346-A99E223C0E1041A1/custom-cordapp_1_10_4f09f137-f761-4162-b8aa-9eb14d1c5b01.jar {}
[INFO ] 2022-07-21T11:04:37,623Z [Test worker] cordapp.JarScanningCordappLoader. - Loading CorDapps from RestrictedURL(url=file:/Users/karthik/Infosys/corda/bootcamp-cordapp/contracts/build/generated-custom-cordapps/20220721-110436.346-A99E223C0E1041A1/custom-cordapp_1_10_4f09f137-f761-4162-b8aa-9eb14d1c5b01.jar, rootPackageName=null) {}
[INFO ] 2022-07-21T11:04:37,623Z [Test worker] cordapp.JarScanningCordappLoader. - Scanning CorDapp in file:/Users/karthik/Infosys/corda/bootcamp-cordapp/contracts/build/generated-custom-cordapps/20220721-110436.346-A99E223C0E1041A1/custom-cordapp_1_10_4f09f137-f761-4162-b8aa-9eb14d1c5b01.jar {}
[WARN ] 2022-07-21T11:04:37,661Z [Test worker] contracts.TransactionState. - State class net.corda.testing.contracts.DummyState belongs to contract net.corda.testing.contracts.DummyContract, but is bundled with contract com.bootcamp.contracts.TokenContract in TransactionState. Annotate DummyState with @BelongsToContract(com.bootcamp.contracts.TokenContract.class) to remove this warning. {}
[WARN ] 2022-07-21T11:04:37,662Z [Test worker] contracts.TransactionState. - State class net.corda.testing.contracts.DummyState belongs to contract net.corda.testing.contracts.DummyContract, but is bundled with contract com.bootcamp.contracts.TokenContract in TransactionState. Annotate DummyState with @BelongsToContract(com.bootcamp.contracts.TokenContract.class) to remove this warning. {}
[WARN ] 2022-07-21T11:04:37,674Z [Test worker] contracts.TransactionState. - State class net.corda.testing.contracts.DummyState belongs to contract net.corda.testing.contracts.DummyContract, but is bundled with contract com.bootcamp.contracts.TokenContract in TransactionState. Annotate DummyState with @BelongsToContract(com.bootcamp.contracts.TokenContract.class) to remove this warning. {}
[WARN ] 2022-07-21T11:04:37,674Z [Test worker] internal.Verifier. - State of class net.corda.testing.contracts.DummyState belongs to contract net.corda.testing.contracts.DummyContract, but is bundled in TransactionState with com.bootcamp.contracts.TokenContract. {}
[ERROR] 2022-07-21T11:04:37,674Z [Test worker] internal.Verifier. - Error validating transaction DF5C55681DEADA79594E746E89F15BA7DBD4C27E38C92A95007AC322259CC3D6. {}
java.lang.IllegalArgumentException: TokenState Expected
	at com.bootcamp.contracts.TokenContract.verify(TokenContract.java:31) ~[main/:?]
	at net.corda.core.internal.ContractVerifier.apply(TransactionVerifierServiceInternal.kt:434) ~[corda-core-4.8.5.jar:?]
	at net.corda.core.internal.BasicVerifier.verifyContracts(TransactionVerifierServiceInternal.kt:386) ~[corda-core-4.8.5.jar:?]
	at net.corda.core.internal.Verifier.verify(TransactionVerifierServiceInternal.kt:72) ~[corda-core-4.8.5.jar:?]
	at net.corda.core.transactions.LedgerTransaction.verify(LedgerTransaction.kt:239) ~[corda-core-4.8.5.jar:?]
	at net.corda.core.transactions.TransactionBuilder.addMissingDependency(TransactionBuilder.kt:248) ~[corda-core-4.8.5.jar:?]
	at net.corda.core.transactions.TransactionBuilder.toWireTransactionWithContext(TransactionBuilder.kt:228) ~[corda-core-4.8.5.jar:?]
	at net.corda.core.transactions.TransactionBuilder.toWireTransactionWithContext$core(TransactionBuilder.kt:186) ~[corda-core-4.8.5.jar:?]
	at net.corda.core.transactions.TransactionBuilder.toWireTransaction(TransactionBuilder.kt:144) ~[corda-core-4.8.5.jar:?]
	at net.corda.testing.dsl.TestTransactionDSLInterpreter.toWireTransaction$test_utils(TestDSL.kt:146) ~[corda-test-utils-4.8.5.jar:?]
	at net.corda.testing.dsl.TestTransactionDSLInterpreter.verifies(TestDSL.kt:190) ~[corda-test-utils-4.8.5.jar:?]
	at net.corda.testing.dsl.Verifies$DefaultImpls.failsWith(LedgerDSLInterpreter.kt:45) ~[corda-test-utils-4.8.5.jar:?]
	at net.corda.testing.dsl.TransactionDSLInterpreter$DefaultImpls.failsWith(TransactionDSLInterpreter.kt) ~[corda-test-utils-4.8.5.jar:?]
	at net.corda.testing.dsl.TestTransactionDSLInterpreter.failsWith(TestDSL.kt:80) ~[corda-test-utils-4.8.5.jar:?]
	at net.corda.testing.dsl.Verifies$DefaultImpls.fails(LedgerDSLInterpreter.kt:75) ~[corda-test-utils-4.8.5.jar:?]
	at net.corda.testing.dsl.TransactionDSLInterpreter$DefaultImpls.fails(TransactionDSLInterpreter.kt) ~[corda-test-utils-4.8.5.jar:?]
	at net.corda.testing.dsl.TestTransactionDSLInterpreter.fails(TestDSL.kt:80) ~[corda-test-utils-4.8.5.jar:?]
	at net.corda.testing.dsl.TransactionDSL.fails(TransactionDSLInterpreter.kt) ~[corda-test-utils-4.8.5.jar:?]
	at com.bootcamp.contracts.ContractTests.lambda$tokenContractRequiresTheTransactionsOutputToBeATokenState$6(ContractTests.java:95) ~[test/:?]
	at net.corda.testing.node.NodeTestUtils$transaction$1.invoke(NodeTestUtils.kt:54) ~[corda-node-driver-4.8.5.jar:?]
	at net.corda.testing.node.NodeTestUtils$transaction$1.invoke(NodeTestUtils.kt) ~[corda-node-driver-4.8.5.jar:?]
	at net.corda.testing.node.NodeTestUtils$ledger$2.invoke(NodeTestUtils.kt:39) ~[corda-node-driver-4.8.5.jar:?]
	at net.corda.testing.node.NodeTestUtils$ledger$2.invoke(NodeTestUtils.kt) ~[corda-node-driver-4.8.5.jar:?]
	at net.corda.testing.internal.InternalTestUtilsKt$withTestSerializationEnvIfNotSet$1.invoke(InternalTestUtils.kt:241) ~[corda-test-utils-4.8.5.jar:?]
	at net.corda.testing.internal.InternalTestUtilsKt$withTestSerializationEnvIfNotSet$1.invoke(InternalTestUtils.kt) ~[corda-test-utils-4.8.5.jar:?]
	at net.corda.testing.common.internal.CommonSerializationTestHelpersKt.asContextEnv(CommonSerializationTestHelpers.kt:19) ~[corda-test-common-4.8.5.jar:?]
	at net.corda.coretesting.internal.InternalSerializationTestHelpersKt.asTestContextEnv(InternalSerializationTestHelpers.kt:70) ~[corda-core-test-utils-4.8.5.jar:?]
	at net.corda.testing.internal.InternalTestUtilsKt.withTestSerializationEnvIfNotSet(InternalTestUtils.kt:241) ~[corda-test-utils-4.8.5.jar:?]
	at net.corda.testing.node.NodeTestUtils.ledger(NodeTestUtils.kt:36) ~[corda-node-driver-4.8.5.jar:?]
	at net.corda.testing.node.NodeTestUtils.transaction(NodeTestUtils.kt:53) ~[corda-node-driver-4.8.5.jar:?]
	at net.corda.testing.node.NodeTestUtils.transaction$default(NodeTestUtils.kt:51) ~[corda-node-driver-4.8.5.jar:?]
	at net.corda.testing.node.NodeTestUtils.transaction(NodeTestUtils.kt) ~[corda-node-driver-4.8.5.jar:?]
	at com.bootcamp.contracts.ContractTests.tokenContractRequiresTheTransactionsOutputToBeATokenState(ContractTests.java:91) ~[test/:?]
	at sun.reflect.NativeMethodAccessorImpl.invoke0(Native Method) ~[?:1.8.0_332]
	at sun.reflect.NativeMethodAccessorImpl.invoke(NativeMethodAccessorImpl.java:62) ~[?:1.8.0_332]
	at sun.reflect.DelegatingMethodAccessorImpl.invoke(DelegatingMethodAccessorImpl.java:43) ~[?:1.8.0_332]
	at java.lang.reflect.Method.invoke(Method.java:498) ~[?:1.8.0_332]
	at org.junit.runners.model.FrameworkMethod$1.runReflectiveCall(FrameworkMethod.java:50) ~[junit-4.12.jar:4.12]
	at org.junit.internal.runners.model.ReflectiveCallable.run(ReflectiveCallable.java:12) ~[junit-4.12.jar:4.12]
	at org.junit.runners.model.FrameworkMethod.invokeExplosively(FrameworkMethod.java:47) ~[junit-4.12.jar:4.12]
	at org.junit.internal.runners.statements.InvokeMethod.evaluate(InvokeMethod.java:17) ~[junit-4.12.jar:4.12]
	at org.junit.runners.ParentRunner.runLeaf(ParentRunner.java:325) ~[junit-4.12.jar:4.12]
	at org.junit.runners.BlockJUnit4ClassRunner.runChild(BlockJUnit4ClassRunner.java:78) ~[junit-4.12.jar:4.12]
	at org.junit.runners.BlockJUnit4ClassRunner.runChild(BlockJUnit4ClassRunner.java:57) ~[junit-4.12.jar:4.12]
	at org.junit.runners.ParentRunner$3.run(ParentRunner.java:290) ~[junit-4.12.jar:4.12]
	at org.junit.runners.ParentRunner$1.schedule(ParentRunner.java:71) ~[junit-4.12.jar:4.12]
	at org.junit.runners.ParentRunner.runChildren(ParentRunner.java:288) ~[junit-4.12.jar:4.12]
	at org.junit.runners.ParentRunner.access$000(ParentRunner.java:58) ~[junit-4.12.jar:4.12]
	at org.junit.runners.ParentRunner$2.evaluate(ParentRunner.java:268) ~[junit-4.12.jar:4.12]
	at org.junit.runners.ParentRunner.run(ParentRunner.java:363) ~[junit-4.12.jar:4.12]
	at org.gradle.api.internal.tasks.testing.junit.JUnitTestClassExecutor.runTestClass(JUnitTestClassExecutor.java:110) ~[?:?]
	at org.gradle.api.internal.tasks.testing.junit.JUnitTestClassExecutor.execute(JUnitTestClassExecutor.java:58) ~[?:?]
	at org.gradle.api.internal.tasks.testing.junit.JUnitTestClassExecutor.execute(JUnitTestClassExecutor.java:38) ~[?:?]
	at org.gradle.api.internal.tasks.testing.junit.AbstractJUnitTestClassProcessor.processTestClass(AbstractJUnitTestClassProcessor.java:62) ~[?:?]
	at org.gradle.api.internal.tasks.testing.SuiteTestClassProcessor.processTestClass(SuiteTestClassProcessor.java:51) ~[?:?]
	at sun.reflect.NativeMethodAccessorImpl.invoke0(Native Method) ~[?:1.8.0_332]
	at sun.reflect.NativeMethodAccessorImpl.invoke(NativeMethodAccessorImpl.java:62) ~[?:1.8.0_332]
	at sun.reflect.DelegatingMethodAccessorImpl.invoke(DelegatingMethodAccessorImpl.java:43) ~[?:1.8.0_332]
	at java.lang.reflect.Method.invoke(Method.java:498) ~[?:1.8.0_332]
	at org.gradle.internal.dispatch.ReflectionDispatch.dispatch(ReflectionDispatch.java:36) ~[gradle-tooling-api-5.6.4.jar:5.6.4]
	at org.gradle.internal.dispatch.ReflectionDispatch.dispatch(ReflectionDispatch.java:24) ~[gradle-tooling-api-5.6.4.jar:5.6.4]
	at org.gradle.internal.dispatch.ContextClassLoaderDispatch.dispatch(ContextClassLoaderDispatch.java:33) ~[?:?]
	at org.gradle.internal.dispatch.ProxyDispatchAdapter$DispatchingInvocationHandler.invoke(ProxyDispatchAdapter.java:94) ~[gradle-tooling-api-5.6.4.jar:5.6.4]
	at com.sun.proxy.$Proxy2.processTestClass(Unknown Source) ~[?:?]
	at org.gradle.api.internal.tasks.testing.worker.TestWorker.processTestClass(TestWorker.java:118) ~[?:?]
	at sun.reflect.NativeMethodAccessorImpl.invoke0(Native Method) ~[?:1.8.0_332]
	at sun.reflect.NativeMethodAccessorImpl.invoke(NativeMethodAccessorImpl.java:62) ~[?:1.8.0_332]
	at sun.reflect.DelegatingMethodAccessorImpl.invoke(DelegatingMethodAccessorImpl.java:43) ~[?:1.8.0_332]
	at java.lang.reflect.Method.invoke(Method.java:498) ~[?:1.8.0_332]
	at org.gradle.internal.dispatch.ReflectionDispatch.dispatch(ReflectionDispatch.java:36) ~[gradle-tooling-api-5.6.4.jar:5.6.4]
	at org.gradle.internal.dispatch.ReflectionDispatch.dispatch(ReflectionDispatch.java:24) ~[gradle-tooling-api-5.6.4.jar:5.6.4]
	at org.gradle.internal.remote.internal.hub.MessageHubBackedObjectConnection$DispatchWrapper.dispatch(MessageHubBackedObjectConnection.java:182) ~[?:?]
	at org.gradle.internal.remote.internal.hub.MessageHubBackedObjectConnection$DispatchWrapper.dispatch(MessageHubBackedObjectConnection.java:164) ~[?:?]
	at org.gradle.internal.remote.internal.hub.MessageHub$Handler.run(MessageHub.java:412) ~[?:?]
	at org.gradle.internal.concurrent.ExecutorPolicy$CatchAndRecordFailures.onExecute(ExecutorPolicy.java:64) ~[gradle-tooling-api-5.6.4.jar:5.6.4]
	at org.gradle.internal.concurrent.ManagedExecutorImpl$1.run(ManagedExecutorImpl.java:48) ~[gradle-tooling-api-5.6.4.jar:5.6.4]
	at java.util.concurrent.ThreadPoolExecutor.runWorker(ThreadPoolExecutor.java:1149) ~[?:1.8.0_332]
	at java.util.concurrent.ThreadPoolExecutor$Worker.run(ThreadPoolExecutor.java:624) ~[?:1.8.0_332]
	at org.gradle.internal.concurrent.ThreadFactoryImpl$ManagedThreadRunnable.run(ThreadFactoryImpl.java:56) ~[gradle-tooling-api-5.6.4.jar:5.6.4]
	at java.lang.Thread.run(Thread.java:750) [?:1.8.0_332]
[WARN ] 2022-07-21T11:04:37,676Z [Test worker] contracts.TransactionState. - State class net.corda.testing.contracts.DummyState belongs to contract net.corda.testing.contracts.DummyContract, but is bundled with contract com.bootcamp.contracts.TokenContract in TransactionState. Annotate DummyState with @BelongsToContract(com.bootcamp.contracts.TokenContract.class) to remove this warning. {}
[ERROR] 2022-07-21T11:04:37,676Z [Test worker] internal.Verifier. - Error validating transaction DF5C55681DEADA79594E746E89F15BA7DBD4C27E38C92A95007AC322259CC3D6. {}
java.lang.IllegalArgumentException: TokenState Expected
	at com.bootcamp.contracts.TokenContract.verify(TokenContract.java:31) ~[main/:?]
	at net.corda.core.internal.ContractVerifier.apply(TransactionVerifierServiceInternal.kt:434) ~[corda-core-4.8.5.jar:?]
	at net.corda.core.internal.BasicVerifier.verifyContracts(TransactionVerifierServiceInternal.kt:386) ~[corda-core-4.8.5.jar:?]
	at net.corda.core.internal.Verifier.verify(TransactionVerifierServiceInternal.kt:72) ~[corda-core-4.8.5.jar:?]
	at net.corda.core.transactions.LedgerTransaction.verify(LedgerTransaction.kt:239) ~[corda-core-4.8.5.jar:?]
	at net.corda.testing.dsl.TestTransactionDSLInterpreter.verifies(TestDSL.kt:190) ~[corda-test-utils-4.8.5.jar:?]
	at net.corda.testing.dsl.Verifies$DefaultImpls.failsWith(LedgerDSLInterpreter.kt:45) ~[corda-test-utils-4.8.5.jar:?]
	at net.corda.testing.dsl.TransactionDSLInterpreter$DefaultImpls.failsWith(TransactionDSLInterpreter.kt) ~[corda-test-utils-4.8.5.jar:?]
	at net.corda.testing.dsl.TestTransactionDSLInterpreter.failsWith(TestDSL.kt:80) ~[corda-test-utils-4.8.5.jar:?]
	at net.corda.testing.dsl.Verifies$DefaultImpls.fails(LedgerDSLInterpreter.kt:75) ~[corda-test-utils-4.8.5.jar:?]
	at net.corda.testing.dsl.TransactionDSLInterpreter$DefaultImpls.fails(TransactionDSLInterpreter.kt) ~[corda-test-utils-4.8.5.jar:?]
	at net.corda.testing.dsl.TestTransactionDSLInterpreter.fails(TestDSL.kt:80) ~[corda-test-utils-4.8.5.jar:?]
	at net.corda.testing.dsl.TransactionDSL.fails(TransactionDSLInterpreter.kt) ~[corda-test-utils-4.8.5.jar:?]
	at com.bootcamp.contracts.ContractTests.lambda$tokenContractRequiresTheTransactionsOutputToBeATokenState$6(ContractTests.java:95) ~[test/:?]
	at net.corda.testing.node.NodeTestUtils$transaction$1.invoke(NodeTestUtils.kt:54) ~[corda-node-driver-4.8.5.jar:?]
	at net.corda.testing.node.NodeTestUtils$transaction$1.invoke(NodeTestUtils.kt) ~[corda-node-driver-4.8.5.jar:?]
	at net.corda.testing.node.NodeTestUtils$ledger$2.invoke(NodeTestUtils.kt:39) ~[corda-node-driver-4.8.5.jar:?]
	at net.corda.testing.node.NodeTestUtils$ledger$2.invoke(NodeTestUtils.kt) ~[corda-node-driver-4.8.5.jar:?]
	at net.corda.testing.internal.InternalTestUtilsKt$withTestSerializationEnvIfNotSet$1.invoke(InternalTestUtils.kt:241) ~[corda-test-utils-4.8.5.jar:?]
	at net.corda.testing.internal.InternalTestUtilsKt$withTestSerializationEnvIfNotSet$1.invoke(InternalTestUtils.kt) ~[corda-test-utils-4.8.5.jar:?]
	at net.corda.testing.common.internal.CommonSerializationTestHelpersKt.asContextEnv(CommonSerializationTestHelpers.kt:19) ~[corda-test-common-4.8.5.jar:?]
	at net.corda.coretesting.internal.InternalSerializationTestHelpersKt.asTestContextEnv(InternalSerializationTestHelpers.kt:70) ~[corda-core-test-utils-4.8.5.jar:?]
	at net.corda.testing.internal.InternalTestUtilsKt.withTestSerializationEnvIfNotSet(InternalTestUtils.kt:241) ~[corda-test-utils-4.8.5.jar:?]
	at net.corda.testing.node.NodeTestUtils.ledger(NodeTestUtils.kt:36) ~[corda-node-driver-4.8.5.jar:?]
	at net.corda.testing.node.NodeTestUtils.transaction(NodeTestUtils.kt:53) ~[corda-node-driver-4.8.5.jar:?]
	at net.corda.testing.node.NodeTestUtils.transaction$default(NodeTestUtils.kt:51) ~[corda-node-driver-4.8.5.jar:?]
	at net.corda.testing.node.NodeTestUtils.transaction(NodeTestUtils.kt) ~[corda-node-driver-4.8.5.jar:?]
	at com.bootcamp.contracts.ContractTests.tokenContractRequiresTheTransactionsOutputToBeATokenState(ContractTests.java:91) ~[test/:?]
	at sun.reflect.NativeMethodAccessorImpl.invoke0(Native Method) ~[?:1.8.0_332]
	at sun.reflect.NativeMethodAccessorImpl.invoke(NativeMethodAccessorImpl.java:62) ~[?:1.8.0_332]
	at sun.reflect.DelegatingMethodAccessorImpl.invoke(DelegatingMethodAccessorImpl.java:43) ~[?:1.8.0_332]
	at java.lang.reflect.Method.invoke(Method.java:498) ~[?:1.8.0_332]
	at org.junit.runners.model.FrameworkMethod$1.runReflectiveCall(FrameworkMethod.java:50) ~[junit-4.12.jar:4.12]
	at org.junit.internal.runners.model.ReflectiveCallable.run(ReflectiveCallable.java:12) ~[junit-4.12.jar:4.12]
	at org.junit.runners.model.FrameworkMethod.invokeExplosively(FrameworkMethod.java:47) ~[junit-4.12.jar:4.12]
	at org.junit.internal.runners.statements.InvokeMethod.evaluate(InvokeMethod.java:17) ~[junit-4.12.jar:4.12]
	at org.junit.runners.ParentRunner.runLeaf(ParentRunner.java:325) ~[junit-4.12.jar:4.12]
	at org.junit.runners.BlockJUnit4ClassRunner.runChild(BlockJUnit4ClassRunner.java:78) ~[junit-4.12.jar:4.12]
	at org.junit.runners.BlockJUnit4ClassRunner.runChild(BlockJUnit4ClassRunner.java:57) ~[junit-4.12.jar:4.12]
	at org.junit.runners.ParentRunner$3.run(ParentRunner.java:290) ~[junit-4.12.jar:4.12]
	at org.junit.runners.ParentRunner$1.schedule(ParentRunner.java:71) ~[junit-4.12.jar:4.12]
	at org.junit.runners.ParentRunner.runChildren(ParentRunner.java:288) ~[junit-4.12.jar:4.12]
	at org.junit.runners.ParentRunner.access$000(ParentRunner.java:58) ~[junit-4.12.jar:4.12]
	at org.junit.runners.ParentRunner$2.evaluate(ParentRunner.java:268) ~[junit-4.12.jar:4.12]
	at org.junit.runners.ParentRunner.run(ParentRunner.java:363) ~[junit-4.12.jar:4.12]
	at org.gradle.api.internal.tasks.testing.junit.JUnitTestClassExecutor.runTestClass(JUnitTestClassExecutor.java:110) ~[?:?]
	at org.gradle.api.internal.tasks.testing.junit.JUnitTestClassExecutor.execute(JUnitTestClassExecutor.java:58) ~[?:?]
	at org.gradle.api.internal.tasks.testing.junit.JUnitTestClassExecutor.execute(JUnitTestClassExecutor.java:38) ~[?:?]
	at org.gradle.api.internal.tasks.testing.junit.AbstractJUnitTestClassProcessor.processTestClass(AbstractJUnitTestClassProcessor.java:62) ~[?:?]
	at org.gradle.api.internal.tasks.testing.SuiteTestClassProcessor.processTestClass(SuiteTestClassProcessor.java:51) ~[?:?]
	at sun.reflect.NativeMethodAccessorImpl.invoke0(Native Method) ~[?:1.8.0_332]
	at sun.reflect.NativeMethodAccessorImpl.invoke(NativeMethodAccessorImpl.java:62) ~[?:1.8.0_332]
	at sun.reflect.DelegatingMethodAccessorImpl.invoke(DelegatingMethodAccessorImpl.java:43) ~[?:1.8.0_332]
	at java.lang.reflect.Method.invoke(Method.java:498) ~[?:1.8.0_332]
	at org.gradle.internal.dispatch.ReflectionDispatch.dispatch(ReflectionDispatch.java:36) ~[gradle-tooling-api-5.6.4.jar:5.6.4]
	at org.gradle.internal.dispatch.ReflectionDispatch.dispatch(ReflectionDispatch.java:24) ~[gradle-tooling-api-5.6.4.jar:5.6.4]
	at org.gradle.internal.dispatch.ContextClassLoaderDispatch.dispatch(ContextClassLoaderDispatch.java:33) ~[?:?]
	at org.gradle.internal.dispatch.ProxyDispatchAdapter$DispatchingInvocationHandler.invoke(ProxyDispatchAdapter.java:94) ~[gradle-tooling-api-5.6.4.jar:5.6.4]
	at com.sun.proxy.$Proxy2.processTestClass(Unknown Source) ~[?:?]
	at org.gradle.api.internal.tasks.testing.worker.TestWorker.processTestClass(TestWorker.java:118) ~[?:?]
	at sun.reflect.NativeMethodAccessorImpl.invoke0(Native Method) ~[?:1.8.0_332]
	at sun.reflect.NativeMethodAccessorImpl.invoke(NativeMethodAccessorImpl.java:62) ~[?:1.8.0_332]
	at sun.reflect.DelegatingMethodAccessorImpl.invoke(DelegatingMethodAccessorImpl.java:43) ~[?:1.8.0_332]
	at java.lang.reflect.Method.invoke(Method.java:498) ~[?:1.8.0_332]
	at org.gradle.internal.dispatch.ReflectionDispatch.dispatch(ReflectionDispatch.java:36) ~[gradle-tooling-api-5.6.4.jar:5.6.4]
	at org.gradle.internal.dispatch.ReflectionDispatch.dispatch(ReflectionDispatch.java:24) ~[gradle-tooling-api-5.6.4.jar:5.6.4]
	at org.gradle.internal.remote.internal.hub.MessageHubBackedObjectConnection$DispatchWrapper.dispatch(MessageHubBackedObjectConnection.java:182) ~[?:?]
	at org.gradle.internal.remote.internal.hub.MessageHubBackedObjectConnection$DispatchWrapper.dispatch(MessageHubBackedObjectConnection.java:164) ~[?:?]
	at org.gradle.internal.remote.internal.hub.MessageHub$Handler.run(MessageHub.java:412) ~[?:?]
	at org.gradle.internal.concurrent.ExecutorPolicy$CatchAndRecordFailures.onExecute(ExecutorPolicy.java:64) ~[gradle-tooling-api-5.6.4.jar:5.6.4]
	at org.gradle.internal.concurrent.ManagedExecutorImpl$1.run(ManagedExecutorImpl.java:48) ~[gradle-tooling-api-5.6.4.jar:5.6.4]
	at java.util.concurrent.ThreadPoolExecutor.runWorker(ThreadPoolExecutor.java:1149) ~[?:1.8.0_332]
	at java.util.concurrent.ThreadPoolExecutor$Worker.run(ThreadPoolExecutor.java:624) ~[?:1.8.0_332]
	at org.gradle.internal.concurrent.ThreadFactoryImpl$ManagedThreadRunnable.run(ThreadFactoryImpl.java:56) ~[gradle-tooling-api-5.6.4.jar:5.6.4]
	at java.lang.Thread.run(Thread.java:750) [?:1.8.0_332]
[WARN ] 2022-07-21T11:04:37,691Z [Test worker] contracts.TransactionState. - State class com.bootcamp.states.TokenState is not annotated with @BelongsToContract, and does not have an enclosing class which implements Contract. Annotate TokenState with @BelongsToContract(com.bootcamp.contracts.TokenContract.class) to remove this warning. {}
[WARN ] 2022-07-21T11:04:37,692Z [Test worker] contracts.TransactionState. - State class com.bootcamp.states.TokenState is not annotated with @BelongsToContract, and does not have an enclosing class which implements Contract. Annotate TokenState with @BelongsToContract(com.bootcamp.contracts.TokenContract.class) to remove this warning. {}
[WARN ] 2022-07-21T11:04:37,731Z [Test worker] contracts.TransactionState. - State class com.bootcamp.states.TokenState is not annotated with @BelongsToContract, and does not have an enclosing class which implements Contract. Annotate TokenState with @BelongsToContract(com.bootcamp.contracts.TokenContract.class) to remove this warning. {}
[WARN ] 2022-07-21T11:04:37,735Z [Test worker] contracts.TransactionState. - State class com.bootcamp.states.TokenState is not annotated with @BelongsToContract, and does not have an enclosing class which implements Contract. Annotate TokenState with @BelongsToContract(com.bootcamp.contracts.TokenContract.class) to remove this warning. {}
[INFO ] 2022-07-21T11:04:37,737Z [Test worker] cordapp.JarScanningCordappLoader. - Loading CorDapps from RestrictedURL(url=file:/Users/karthik/Infosys/corda/bootcamp-cordapp/contracts/build/generated-custom-cordapps/20220721-110436.346-A99E223C0E1041A1/custom-cordapp_1_10_4f09f137-f761-4162-b8aa-9eb14d1c5b01.jar, rootPackageName=null) {}
[INFO ] 2022-07-21T11:04:37,737Z [Test worker] cordapp.JarScanningCordappLoader. - Scanning CorDapp in file:/Users/karthik/Infosys/corda/bootcamp-cordapp/contracts/build/generated-custom-cordapps/20220721-110436.346-A99E223C0E1041A1/custom-cordapp_1_10_4f09f137-f761-4162-b8aa-9eb14d1c5b01.jar {}
[WARN ] 2022-07-21T11:04:37,783Z [Test worker] contracts.TransactionState. - State class com.bootcamp.states.TokenState is not annotated with @BelongsToContract, and does not have an enclosing class which implements Contract. Annotate TokenState with @BelongsToContract(com.bootcamp.contracts.TokenContract.class) to remove this warning. {}
[WARN ] 2022-07-21T11:04:37,784Z [Test worker] contracts.TransactionState. - State class com.bootcamp.states.TokenState is not annotated with @BelongsToContract, and does not have an enclosing class which implements Contract. Annotate TokenState with @BelongsToContract(com.bootcamp.contracts.TokenContract.class) to remove this warning. {}
[WARN ] 2022-07-21T11:04:37,804Z [Test worker] contracts.TransactionState. - State class com.bootcamp.states.TokenState is not annotated with @BelongsToContract, and does not have an enclosing class which implements Contract. Annotate TokenState with @BelongsToContract(com.bootcamp.contracts.TokenContract.class) to remove this warning. {}
[ERROR] 2022-07-21T11:04:37,805Z [Test worker] internal.Verifier. - Error validating transaction 4405CB2BDD0881F0544F3A5DB88229ABC7A8D629C17673B48873AF4962264716. {}
java.lang.IllegalArgumentException: Issue command expected
	at com.bootcamp.contracts.TokenContract.verify(TokenContract.java:34) ~[main/:?]
	at net.corda.core.internal.ContractVerifier.apply(TransactionVerifierServiceInternal.kt:434) ~[corda-core-4.8.5.jar:?]
	at net.corda.core.internal.BasicVerifier.verifyContracts(TransactionVerifierServiceInternal.kt:386) ~[corda-core-4.8.5.jar:?]
	at net.corda.core.internal.Verifier.verify(TransactionVerifierServiceInternal.kt:72) ~[corda-core-4.8.5.jar:?]
	at net.corda.core.transactions.LedgerTransaction.verify(LedgerTransaction.kt:239) ~[corda-core-4.8.5.jar:?]
	at net.corda.core.transactions.TransactionBuilder.addMissingDependency(TransactionBuilder.kt:248) ~[corda-core-4.8.5.jar:?]
	at net.corda.core.transactions.TransactionBuilder.toWireTransactionWithContext(TransactionBuilder.kt:228) ~[corda-core-4.8.5.jar:?]
	at net.corda.core.transactions.TransactionBuilder.toWireTransactionWithContext$core(TransactionBuilder.kt:186) ~[corda-core-4.8.5.jar:?]
	at net.corda.core.transactions.TransactionBuilder.toWireTransaction(TransactionBuilder.kt:144) ~[corda-core-4.8.5.jar:?]
	at net.corda.testing.dsl.TestTransactionDSLInterpreter.toWireTransaction$test_utils(TestDSL.kt:146) ~[corda-test-utils-4.8.5.jar:?]
	at net.corda.testing.dsl.TestTransactionDSLInterpreter.verifies(TestDSL.kt:190) ~[corda-test-utils-4.8.5.jar:?]
	at net.corda.testing.dsl.Verifies$DefaultImpls.failsWith(LedgerDSLInterpreter.kt:45) ~[corda-test-utils-4.8.5.jar:?]
	at net.corda.testing.dsl.TransactionDSLInterpreter$DefaultImpls.failsWith(TransactionDSLInterpreter.kt) ~[corda-test-utils-4.8.5.jar:?]
	at net.corda.testing.dsl.TestTransactionDSLInterpreter.failsWith(TestDSL.kt:80) ~[corda-test-utils-4.8.5.jar:?]
	at net.corda.testing.dsl.Verifies$DefaultImpls.fails(LedgerDSLInterpreter.kt:75) ~[corda-test-utils-4.8.5.jar:?]
	at net.corda.testing.dsl.TransactionDSLInterpreter$DefaultImpls.fails(TransactionDSLInterpreter.kt) ~[corda-test-utils-4.8.5.jar:?]
	at net.corda.testing.dsl.TestTransactionDSLInterpreter.fails(TestDSL.kt:80) ~[corda-test-utils-4.8.5.jar:?]
	at net.corda.testing.dsl.TransactionDSL.fails(TransactionDSLInterpreter.kt) ~[corda-test-utils-4.8.5.jar:?]
	at com.bootcamp.contracts.ContractTests.lambda$tokenContractRequiresTheTransactionsCommandToBeAnIssueCommand$12(ContractTests.java:153) ~[test/:?]
	at net.corda.testing.node.NodeTestUtils$transaction$1.invoke(NodeTestUtils.kt:54) ~[corda-node-driver-4.8.5.jar:?]
	at net.corda.testing.node.NodeTestUtils$transaction$1.invoke(NodeTestUtils.kt) ~[corda-node-driver-4.8.5.jar:?]
	at net.corda.testing.node.NodeTestUtils$ledger$2.invoke(NodeTestUtils.kt:39) ~[corda-node-driver-4.8.5.jar:?]
	at net.corda.testing.node.NodeTestUtils$ledger$2.invoke(NodeTestUtils.kt) ~[corda-node-driver-4.8.5.jar:?]
	at net.corda.testing.internal.InternalTestUtilsKt$withTestSerializationEnvIfNotSet$1.invoke(InternalTestUtils.kt:241) ~[corda-test-utils-4.8.5.jar:?]
	at net.corda.testing.internal.InternalTestUtilsKt$withTestSerializationEnvIfNotSet$1.invoke(InternalTestUtils.kt) ~[corda-test-utils-4.8.5.jar:?]
	at net.corda.testing.common.internal.CommonSerializationTestHelpersKt.asContextEnv(CommonSerializationTestHelpers.kt:19) ~[corda-test-common-4.8.5.jar:?]
	at net.corda.coretesting.internal.InternalSerializationTestHelpersKt.asTestContextEnv(InternalSerializationTestHelpers.kt:70) ~[corda-core-test-utils-4.8.5.jar:?]
	at net.corda.testing.internal.InternalTestUtilsKt.withTestSerializationEnvIfNotSet(InternalTestUtils.kt:241) ~[corda-test-utils-4.8.5.jar:?]
	at net.corda.testing.node.NodeTestUtils.ledger(NodeTestUtils.kt:36) ~[corda-node-driver-4.8.5.jar:?]
	at net.corda.testing.node.NodeTestUtils.transaction(NodeTestUtils.kt:53) ~[corda-node-driver-4.8.5.jar:?]
	at net.corda.testing.node.NodeTestUtils.transaction$default(NodeTestUtils.kt:51) ~[corda-node-driver-4.8.5.jar:?]
	at net.corda.testing.node.NodeTestUtils.transaction(NodeTestUtils.kt) ~[corda-node-driver-4.8.5.jar:?]
	at com.bootcamp.contracts.ContractTests.tokenContractRequiresTheTransactionsCommandToBeAnIssueCommand(ContractTests.java:149) ~[test/:?]
	at sun.reflect.NativeMethodAccessorImpl.invoke0(Native Method) ~[?:1.8.0_332]
	at sun.reflect.NativeMethodAccessorImpl.invoke(NativeMethodAccessorImpl.java:62) ~[?:1.8.0_332]
	at sun.reflect.DelegatingMethodAccessorImpl.invoke(DelegatingMethodAccessorImpl.java:43) ~[?:1.8.0_332]
	at java.lang.reflect.Method.invoke(Method.java:498) ~[?:1.8.0_332]
	at org.junit.runners.model.FrameworkMethod$1.runReflectiveCall(FrameworkMethod.java:50) ~[junit-4.12.jar:4.12]
	at org.junit.internal.runners.model.ReflectiveCallable.run(ReflectiveCallable.java:12) ~[junit-4.12.jar:4.12]
	at org.junit.runners.model.FrameworkMethod.invokeExplosively(FrameworkMethod.java:47) ~[junit-4.12.jar:4.12]
	at org.junit.internal.runners.statements.InvokeMethod.evaluate(InvokeMethod.java:17) ~[junit-4.12.jar:4.12]
	at org.junit.runners.ParentRunner.runLeaf(ParentRunner.java:325) ~[junit-4.12.jar:4.12]
	at org.junit.runners.BlockJUnit4ClassRunner.runChild(BlockJUnit4ClassRunner.java:78) ~[junit-4.12.jar:4.12]
	at org.junit.runners.BlockJUnit4ClassRunner.runChild(BlockJUnit4ClassRunner.java:57) ~[junit-4.12.jar:4.12]
	at org.junit.runners.ParentRunner$3.run(ParentRunner.java:290) ~[junit-4.12.jar:4.12]
	at org.junit.runners.ParentRunner$1.schedule(ParentRunner.java:71) ~[junit-4.12.jar:4.12]
	at org.junit.runners.ParentRunner.runChildren(ParentRunner.java:288) ~[junit-4.12.jar:4.12]
	at org.junit.runners.ParentRunner.access$000(ParentRunner.java:58) ~[junit-4.12.jar:4.12]
	at org.junit.runners.ParentRunner$2.evaluate(ParentRunner.java:268) ~[junit-4.12.jar:4.12]
	at org.junit.runners.ParentRunner.run(ParentRunner.java:363) ~[junit-4.12.jar:4.12]
	at org.gradle.api.internal.tasks.testing.junit.JUnitTestClassExecutor.runTestClass(JUnitTestClassExecutor.java:110) ~[?:?]
	at org.gradle.api.internal.tasks.testing.junit.JUnitTestClassExecutor.execute(JUnitTestClassExecutor.java:58) ~[?:?]
	at org.gradle.api.internal.tasks.testing.junit.JUnitTestClassExecutor.execute(JUnitTestClassExecutor.java:38) ~[?:?]
	at org.gradle.api.internal.tasks.testing.junit.AbstractJUnitTestClassProcessor.processTestClass(AbstractJUnitTestClassProcessor.java:62) ~[?:?]
	at org.gradle.api.internal.tasks.testing.SuiteTestClassProcessor.processTestClass(SuiteTestClassProcessor.java:51) ~[?:?]
	at sun.reflect.NativeMethodAccessorImpl.invoke0(Native Method) ~[?:1.8.0_332]
	at sun.reflect.NativeMethodAccessorImpl.invoke(NativeMethodAccessorImpl.java:62) ~[?:1.8.0_332]
	at sun.reflect.DelegatingMethodAccessorImpl.invoke(DelegatingMethodAccessorImpl.java:43) ~[?:1.8.0_332]
	at java.lang.reflect.Method.invoke(Method.java:498) ~[?:1.8.0_332]
	at org.gradle.internal.dispatch.ReflectionDispatch.dispatch(ReflectionDispatch.java:36) ~[gradle-tooling-api-5.6.4.jar:5.6.4]
	at org.gradle.internal.dispatch.ReflectionDispatch.dispatch(ReflectionDispatch.java:24) ~[gradle-tooling-api-5.6.4.jar:5.6.4]
	at org.gradle.internal.dispatch.ContextClassLoaderDispatch.dispatch(ContextClassLoaderDispatch.java:33) ~[?:?]
	at org.gradle.internal.dispatch.ProxyDispatchAdapter$DispatchingInvocationHandler.invoke(ProxyDispatchAdapter.java:94) ~[gradle-tooling-api-5.6.4.jar:5.6.4]
	at com.sun.proxy.$Proxy2.processTestClass(Unknown Source) ~[?:?]
	at org.gradle.api.internal.tasks.testing.worker.TestWorker.processTestClass(TestWorker.java:118) ~[?:?]
	at sun.reflect.NativeMethodAccessorImpl.invoke0(Native Method) ~[?:1.8.0_332]
	at sun.reflect.NativeMethodAccessorImpl.invoke(NativeMethodAccessorImpl.java:62) ~[?:1.8.0_332]
	at sun.reflect.DelegatingMethodAccessorImpl.invoke(DelegatingMethodAccessorImpl.java:43) ~[?:1.8.0_332]
	at java.lang.reflect.Method.invoke(Method.java:498) ~[?:1.8.0_332]
	at org.gradle.internal.dispatch.ReflectionDispatch.dispatch(ReflectionDispatch.java:36) ~[gradle-tooling-api-5.6.4.jar:5.6.4]
	at org.gradle.internal.dispatch.ReflectionDispatch.dispatch(ReflectionDispatch.java:24) ~[gradle-tooling-api-5.6.4.jar:5.6.4]
	at org.gradle.internal.remote.internal.hub.MessageHubBackedObjectConnection$DispatchWrapper.dispatch(MessageHubBackedObjectConnection.java:182) ~[?:?]
	at org.gradle.internal.remote.internal.hub.MessageHubBackedObjectConnection$DispatchWrapper.dispatch(MessageHubBackedObjectConnection.java:164) ~[?:?]
	at org.gradle.internal.remote.internal.hub.MessageHub$Handler.run(MessageHub.java:412) ~[?:?]
	at org.gradle.internal.concurrent.ExecutorPolicy$CatchAndRecordFailures.onExecute(ExecutorPolicy.java:64) ~[gradle-tooling-api-5.6.4.jar:5.6.4]
	at org.gradle.internal.concurrent.ManagedExecutorImpl$1.run(ManagedExecutorImpl.java:48) ~[gradle-tooling-api-5.6.4.jar:5.6.4]
	at java.util.concurrent.ThreadPoolExecutor.runWorker(ThreadPoolExecutor.java:1149) ~[?:1.8.0_332]
	at java.util.concurrent.ThreadPoolExecutor$Worker.run(ThreadPoolExecutor.java:624) ~[?:1.8.0_332]
	at org.gradle.internal.concurrent.ThreadFactoryImpl$ManagedThreadRunnable.run(ThreadFactoryImpl.java:56) ~[gradle-tooling-api-5.6.4.jar:5.6.4]
	at java.lang.Thread.run(Thread.java:750) [?:1.8.0_332]
[WARN ] 2022-07-21T11:04:37,806Z [Test worker] contracts.TransactionState. - State class com.bootcamp.states.TokenState is not annotated with @BelongsToContract, and does not have an enclosing class which implements Contract. Annotate TokenState with @BelongsToContract(com.bootcamp.contracts.TokenContract.class) to remove this warning. {}
[ERROR] 2022-07-21T11:04:37,807Z [Test worker] internal.Verifier. - Error validating transaction 4405CB2BDD0881F0544F3A5DB88229ABC7A8D629C17673B48873AF4962264716. {}
java.lang.IllegalArgumentException: Issue command expected
	at com.bootcamp.contracts.TokenContract.verify(TokenContract.java:34) ~[main/:?]
	at net.corda.core.internal.ContractVerifier.apply(TransactionVerifierServiceInternal.kt:434) ~[corda-core-4.8.5.jar:?]
	at net.corda.core.internal.BasicVerifier.verifyContracts(TransactionVerifierServiceInternal.kt:386) ~[corda-core-4.8.5.jar:?]
	at net.corda.core.internal.Verifier.verify(TransactionVerifierServiceInternal.kt:72) ~[corda-core-4.8.5.jar:?]
	at net.corda.core.transactions.LedgerTransaction.verify(LedgerTransaction.kt:239) ~[corda-core-4.8.5.jar:?]
	at net.corda.testing.dsl.TestTransactionDSLInterpreter.verifies(TestDSL.kt:190) ~[corda-test-utils-4.8.5.jar:?]
	at net.corda.testing.dsl.Verifies$DefaultImpls.failsWith(LedgerDSLInterpreter.kt:45) ~[corda-test-utils-4.8.5.jar:?]
	at net.corda.testing.dsl.TransactionDSLInterpreter$DefaultImpls.failsWith(TransactionDSLInterpreter.kt) ~[corda-test-utils-4.8.5.jar:?]
	at net.corda.testing.dsl.TestTransactionDSLInterpreter.failsWith(TestDSL.kt:80) ~[corda-test-utils-4.8.5.jar:?]
	at net.corda.testing.dsl.Verifies$DefaultImpls.fails(LedgerDSLInterpreter.kt:75) ~[corda-test-utils-4.8.5.jar:?]
	at net.corda.testing.dsl.TransactionDSLInterpreter$DefaultImpls.fails(TransactionDSLInterpreter.kt) ~[corda-test-utils-4.8.5.jar:?]
	at net.corda.testing.dsl.TestTransactionDSLInterpreter.fails(TestDSL.kt:80) ~[corda-test-utils-4.8.5.jar:?]
	at net.corda.testing.dsl.TransactionDSL.fails(TransactionDSLInterpreter.kt) ~[corda-test-utils-4.8.5.jar:?]
	at com.bootcamp.contracts.ContractTests.lambda$tokenContractRequiresTheTransactionsCommandToBeAnIssueCommand$12(ContractTests.java:153) ~[test/:?]
	at net.corda.testing.node.NodeTestUtils$transaction$1.invoke(NodeTestUtils.kt:54) ~[corda-node-driver-4.8.5.jar:?]
	at net.corda.testing.node.NodeTestUtils$transaction$1.invoke(NodeTestUtils.kt) ~[corda-node-driver-4.8.5.jar:?]
	at net.corda.testing.node.NodeTestUtils$ledger$2.invoke(NodeTestUtils.kt:39) ~[corda-node-driver-4.8.5.jar:?]
	at net.corda.testing.node.NodeTestUtils$ledger$2.invoke(NodeTestUtils.kt) ~[corda-node-driver-4.8.5.jar:?]
	at net.corda.testing.internal.InternalTestUtilsKt$withTestSerializationEnvIfNotSet$1.invoke(InternalTestUtils.kt:241) ~[corda-test-utils-4.8.5.jar:?]
	at net.corda.testing.internal.InternalTestUtilsKt$withTestSerializationEnvIfNotSet$1.invoke(InternalTestUtils.kt) ~[corda-test-utils-4.8.5.jar:?]
	at net.corda.testing.common.internal.CommonSerializationTestHelpersKt.asContextEnv(CommonSerializationTestHelpers.kt:19) ~[corda-test-common-4.8.5.jar:?]
	at net.corda.coretesting.internal.InternalSerializationTestHelpersKt.asTestContextEnv(InternalSerializationTestHelpers.kt:70) ~[corda-core-test-utils-4.8.5.jar:?]
	at net.corda.testing.internal.InternalTestUtilsKt.withTestSerializationEnvIfNotSet(InternalTestUtils.kt:241) ~[corda-test-utils-4.8.5.jar:?]
	at net.corda.testing.node.NodeTestUtils.ledger(NodeTestUtils.kt:36) ~[corda-node-driver-4.8.5.jar:?]
	at net.corda.testing.node.NodeTestUtils.transaction(NodeTestUtils.kt:53) ~[corda-node-driver-4.8.5.jar:?]
	at net.corda.testing.node.NodeTestUtils.transaction$default(NodeTestUtils.kt:51) ~[corda-node-driver-4.8.5.jar:?]
	at net.corda.testing.node.NodeTestUtils.transaction(NodeTestUtils.kt) ~[corda-node-driver-4.8.5.jar:?]
	at com.bootcamp.contracts.ContractTests.tokenContractRequiresTheTransactionsCommandToBeAnIssueCommand(ContractTests.java:149) ~[test/:?]
	at sun.reflect.NativeMethodAccessorImpl.invoke0(Native Method) ~[?:1.8.0_332]
	at sun.reflect.NativeMethodAccessorImpl.invoke(NativeMethodAccessorImpl.java:62) ~[?:1.8.0_332]
	at sun.reflect.DelegatingMethodAccessorImpl.invoke(DelegatingMethodAccessorImpl.java:43) ~[?:1.8.0_332]
	at java.lang.reflect.Method.invoke(Method.java:498) ~[?:1.8.0_332]
	at org.junit.runners.model.FrameworkMethod$1.runReflectiveCall(FrameworkMethod.java:50) ~[junit-4.12.jar:4.12]
	at org.junit.internal.runners.model.ReflectiveCallable.run(ReflectiveCallable.java:12) ~[junit-4.12.jar:4.12]
	at org.junit.runners.model.FrameworkMethod.invokeExplosively(FrameworkMethod.java:47) ~[junit-4.12.jar:4.12]
	at org.junit.internal.runners.statements.InvokeMethod.evaluate(InvokeMethod.java:17) ~[junit-4.12.jar:4.12]
	at org.junit.runners.ParentRunner.runLeaf(ParentRunner.java:325) ~[junit-4.12.jar:4.12]
	at org.junit.runners.BlockJUnit4ClassRunner.runChild(BlockJUnit4ClassRunner.java:78) ~[junit-4.12.jar:4.12]
	at org.junit.runners.BlockJUnit4ClassRunner.runChild(BlockJUnit4ClassRunner.java:57) ~[junit-4.12.jar:4.12]
	at org.junit.runners.ParentRunner$3.run(ParentRunner.java:290) ~[junit-4.12.jar:4.12]
	at org.junit.runners.ParentRunner$1.schedule(ParentRunner.java:71) ~[junit-4.12.jar:4.12]
	at org.junit.runners.ParentRunner.runChildren(ParentRunner.java:288) ~[junit-4.12.jar:4.12]
	at org.junit.runners.ParentRunner.access$000(ParentRunner.java:58) ~[junit-4.12.jar:4.12]
	at org.junit.runners.ParentRunner$2.evaluate(ParentRunner.java:268) ~[junit-4.12.jar:4.12]
	at org.junit.runners.ParentRunner.run(ParentRunner.java:363) ~[junit-4.12.jar:4.12]
	at org.gradle.api.internal.tasks.testing.junit.JUnitTestClassExecutor.runTestClass(JUnitTestClassExecutor.java:110) ~[?:?]
	at org.gradle.api.internal.tasks.testing.junit.JUnitTestClassExecutor.execute(JUnitTestClassExecutor.java:58) ~[?:?]
	at org.gradle.api.internal.tasks.testing.junit.JUnitTestClassExecutor.execute(JUnitTestClassExecutor.java:38) ~[?:?]
	at org.gradle.api.internal.tasks.testing.junit.AbstractJUnitTestClassProcessor.processTestClass(AbstractJUnitTestClassProcessor.java:62) ~[?:?]
	at org.gradle.api.internal.tasks.testing.SuiteTestClassProcessor.processTestClass(SuiteTestClassProcessor.java:51) ~[?:?]
	at sun.reflect.NativeMethodAccessorImpl.invoke0(Native Method) ~[?:1.8.0_332]
	at sun.reflect.NativeMethodAccessorImpl.invoke(NativeMethodAccessorImpl.java:62) ~[?:1.8.0_332]
	at sun.reflect.DelegatingMethodAccessorImpl.invoke(DelegatingMethodAccessorImpl.java:43) ~[?:1.8.0_332]
	at java.lang.reflect.Method.invoke(Method.java:498) ~[?:1.8.0_332]
	at org.gradle.internal.dispatch.ReflectionDispatch.dispatch(ReflectionDispatch.java:36) ~[gradle-tooling-api-5.6.4.jar:5.6.4]
	at org.gradle.internal.dispatch.ReflectionDispatch.dispatch(ReflectionDispatch.java:24) ~[gradle-tooling-api-5.6.4.jar:5.6.4]
	at org.gradle.internal.dispatch.ContextClassLoaderDispatch.dispatch(ContextClassLoaderDispatch.java:33) ~[?:?]
	at org.gradle.internal.dispatch.ProxyDispatchAdapter$DispatchingInvocationHandler.invoke(ProxyDispatchAdapter.java:94) ~[gradle-tooling-api-5.6.4.jar:5.6.4]
	at com.sun.proxy.$Proxy2.processTestClass(Unknown Source) ~[?:?]
	at org.gradle.api.internal.tasks.testing.worker.TestWorker.processTestClass(TestWorker.java:118) ~[?:?]
	at sun.reflect.NativeMethodAccessorImpl.invoke0(Native Method) ~[?:1.8.0_332]
	at sun.reflect.NativeMethodAccessorImpl.invoke(NativeMethodAccessorImpl.java:62) ~[?:1.8.0_332]
	at sun.reflect.DelegatingMethodAccessorImpl.invoke(DelegatingMethodAccessorImpl.java:43) ~[?:1.8.0_332]
	at java.lang.reflect.Method.invoke(Method.java:498) ~[?:1.8.0_332]
	at org.gradle.internal.dispatch.ReflectionDispatch.dispatch(ReflectionDispatch.java:36) ~[gradle-tooling-api-5.6.4.jar:5.6.4]
	at org.gradle.internal.dispatch.ReflectionDispatch.dispatch(ReflectionDispatch.java:24) ~[gradle-tooling-api-5.6.4.jar:5.6.4]
	at org.gradle.internal.remote.internal.hub.MessageHubBackedObjectConnection$DispatchWrapper.dispatch(MessageHubBackedObjectConnection.java:182) ~[?:?]
	at org.gradle.internal.remote.internal.hub.MessageHubBackedObjectConnection$DispatchWrapper.dispatch(MessageHubBackedObjectConnection.java:164) ~[?:?]
	at org.gradle.internal.remote.internal.hub.MessageHub$Handler.run(MessageHub.java:412) ~[?:?]
	at org.gradle.internal.concurrent.ExecutorPolicy$CatchAndRecordFailures.onExecute(ExecutorPolicy.java:64) ~[gradle-tooling-api-5.6.4.jar:5.6.4]
	at org.gradle.internal.concurrent.ManagedExecutorImpl$1.run(ManagedExecutorImpl.java:48) ~[gradle-tooling-api-5.6.4.jar:5.6.4]
	at java.util.concurrent.ThreadPoolExecutor.runWorker(ThreadPoolExecutor.java:1149) ~[?:1.8.0_332]
	at java.util.concurrent.ThreadPoolExecutor$Worker.run(ThreadPoolExecutor.java:624) ~[?:1.8.0_332]
	at org.gradle.internal.concurrent.ThreadFactoryImpl$ManagedThreadRunnable.run(ThreadFactoryImpl.java:56) ~[gradle-tooling-api-5.6.4.jar:5.6.4]
	at java.lang.Thread.run(Thread.java:750) [?:1.8.0_332]
[WARN ] 2022-07-21T11:04:37,825Z [Test worker] contracts.TransactionState. - State class com.bootcamp.states.TokenState is not annotated with @BelongsToContract, and does not have an enclosing class which implements Contract. Annotate TokenState with @BelongsToContract(com.bootcamp.contracts.TokenContract.class) to remove this warning. {}
[WARN ] 2022-07-21T11:04:37,826Z [Test worker] contracts.TransactionState. - State class com.bootcamp.states.TokenState is not annotated with @BelongsToContract, and does not have an enclosing class which implements Contract. Annotate TokenState with @BelongsToContract(com.bootcamp.contracts.TokenContract.class) to remove this warning. {}
[WARN ] 2022-07-21T11:04:37,849Z [Test worker] contracts.TransactionState. - State class com.bootcamp.states.TokenState is not annotated with @BelongsToContract, and does not have an enclosing class which implements Contract. Annotate TokenState with @BelongsToContract(com.bootcamp.contracts.TokenContract.class) to remove this warning. {}
[WARN ] 2022-07-21T11:04:37,849Z [Test worker] contracts.TransactionState. - State class com.bootcamp.states.TokenState is not annotated with @BelongsToContract, and does not have an enclosing class which implements Contract. Annotate TokenState with @BelongsToContract(com.bootcamp.contracts.TokenContract.class) to remove this warning. {}
[INFO ] 2022-07-21T11:04:37,850Z [Test worker] cordapp.JarScanningCordappLoader. - Loading CorDapps from RestrictedURL(url=file:/Users/karthik/Infosys/corda/bootcamp-cordapp/contracts/build/generated-custom-cordapps/20220721-110436.346-A99E223C0E1041A1/custom-cordapp_1_10_4f09f137-f761-4162-b8aa-9eb14d1c5b01.jar, rootPackageName=null) {}
[INFO ] 2022-07-21T11:04:37,850Z [Test worker] cordapp.JarScanningCordappLoader. - Scanning CorDapp in file:/Users/karthik/Infosys/corda/bootcamp-cordapp/contracts/build/generated-custom-cordapps/20220721-110436.346-A99E223C0E1041A1/custom-cordapp_1_10_4f09f137-f761-4162-b8aa-9eb14d1c5b01.jar {}
[WARN ] 2022-07-21T11:04:37,883Z [Test worker] contracts.TransactionState. - State class com.bootcamp.states.TokenState is not annotated with @BelongsToContract, and does not have an enclosing class which implements Contract. Annotate TokenState with @BelongsToContract(com.bootcamp.contracts.TokenContract.class) to remove this warning. {}
[WARN ] 2022-07-21T11:04:37,883Z [Test worker] contracts.TransactionState. - State class com.bootcamp.states.TokenState is not annotated with @BelongsToContract, and does not have an enclosing class which implements Contract. Annotate TokenState with @BelongsToContract(com.bootcamp.contracts.TokenContract.class) to remove this warning. {}
[WARN ] 2022-07-21T11:04:37,899Z [Test worker] contracts.TransactionState. - State class com.bootcamp.states.TokenState is not annotated with @BelongsToContract, and does not have an enclosing class which implements Contract. Annotate TokenState with @BelongsToContract(com.bootcamp.contracts.TokenContract.class) to remove this warning. {}
[ERROR] 2022-07-21T11:04:37,899Z [Test worker] internal.Verifier. - Error validating transaction 2A55BD616C0B7A971F511EB8CD5E26A50135FD3051B1E863E5F7FEF920455E22. {}
java.lang.IllegalArgumentException: One command expected
	at com.bootcamp.contracts.TokenContract.verify(TokenContract.java:28) ~[main/:?]
	at net.corda.core.internal.ContractVerifier.apply(TransactionVerifierServiceInternal.kt:434) ~[corda-core-4.8.5.jar:?]
	at net.corda.core.internal.BasicVerifier.verifyContracts(TransactionVerifierServiceInternal.kt:386) ~[corda-core-4.8.5.jar:?]
	at net.corda.core.internal.Verifier.verify(TransactionVerifierServiceInternal.kt:72) ~[corda-core-4.8.5.jar:?]
	at net.corda.core.transactions.LedgerTransaction.verify(LedgerTransaction.kt:239) ~[corda-core-4.8.5.jar:?]
	at net.corda.core.transactions.TransactionBuilder.addMissingDependency(TransactionBuilder.kt:248) ~[corda-core-4.8.5.jar:?]
	at net.corda.core.transactions.TransactionBuilder.toWireTransactionWithContext(TransactionBuilder.kt:228) ~[corda-core-4.8.5.jar:?]
	at net.corda.core.transactions.TransactionBuilder.toWireTransactionWithContext$core(TransactionBuilder.kt:186) ~[corda-core-4.8.5.jar:?]
	at net.corda.core.transactions.TransactionBuilder.toWireTransaction(TransactionBuilder.kt:144) ~[corda-core-4.8.5.jar:?]
	at net.corda.testing.dsl.TestTransactionDSLInterpreter.toWireTransaction$test_utils(TestDSL.kt:146) ~[corda-test-utils-4.8.5.jar:?]
	at net.corda.testing.dsl.TestTransactionDSLInterpreter.verifies(TestDSL.kt:190) ~[corda-test-utils-4.8.5.jar:?]
	at net.corda.testing.dsl.Verifies$DefaultImpls.failsWith(LedgerDSLInterpreter.kt:45) ~[corda-test-utils-4.8.5.jar:?]
	at net.corda.testing.dsl.TransactionDSLInterpreter$DefaultImpls.failsWith(TransactionDSLInterpreter.kt) ~[corda-test-utils-4.8.5.jar:?]
	at net.corda.testing.dsl.TestTransactionDSLInterpreter.failsWith(TestDSL.kt:80) ~[corda-test-utils-4.8.5.jar:?]
	at net.corda.testing.dsl.Verifies$DefaultImpls.fails(LedgerDSLInterpreter.kt:75) ~[corda-test-utils-4.8.5.jar:?]
	at net.corda.testing.dsl.TransactionDSLInterpreter$DefaultImpls.fails(TransactionDSLInterpreter.kt) ~[corda-test-utils-4.8.5.jar:?]
	at net.corda.testing.dsl.TestTransactionDSLInterpreter.fails(TestDSL.kt:80) ~[corda-test-utils-4.8.5.jar:?]
	at net.corda.testing.dsl.TransactionDSL.fails(TransactionDSLInterpreter.kt) ~[corda-test-utils-4.8.5.jar:?]
	at com.bootcamp.contracts.ContractTests.lambda$tokenContractRequiresOneCommandInTheTransaction$4(ContractTests.java:76) ~[test/:?]
	at net.corda.testing.node.NodeTestUtils$transaction$1.invoke(NodeTestUtils.kt:54) ~[corda-node-driver-4.8.5.jar:?]
	at net.corda.testing.node.NodeTestUtils$transaction$1.invoke(NodeTestUtils.kt) ~[corda-node-driver-4.8.5.jar:?]
	at net.corda.testing.node.NodeTestUtils$ledger$2.invoke(NodeTestUtils.kt:39) ~[corda-node-driver-4.8.5.jar:?]
	at net.corda.testing.node.NodeTestUtils$ledger$2.invoke(NodeTestUtils.kt) ~[corda-node-driver-4.8.5.jar:?]
	at net.corda.testing.internal.InternalTestUtilsKt$withTestSerializationEnvIfNotSet$1.invoke(InternalTestUtils.kt:241) ~[corda-test-utils-4.8.5.jar:?]
	at net.corda.testing.internal.InternalTestUtilsKt$withTestSerializationEnvIfNotSet$1.invoke(InternalTestUtils.kt) ~[corda-test-utils-4.8.5.jar:?]
	at net.corda.testing.common.internal.CommonSerializationTestHelpersKt.asContextEnv(CommonSerializationTestHelpers.kt:19) ~[corda-test-common-4.8.5.jar:?]
	at net.corda.coretesting.internal.InternalSerializationTestHelpersKt.asTestContextEnv(InternalSerializationTestHelpers.kt:70) ~[corda-core-test-utils-4.8.5.jar:?]
	at net.corda.testing.internal.InternalTestUtilsKt.withTestSerializationEnvIfNotSet(InternalTestUtils.kt:241) ~[corda-test-utils-4.8.5.jar:?]
	at net.corda.testing.node.NodeTestUtils.ledger(NodeTestUtils.kt:36) ~[corda-node-driver-4.8.5.jar:?]
	at net.corda.testing.node.NodeTestUtils.transaction(NodeTestUtils.kt:53) ~[corda-node-driver-4.8.5.jar:?]
	at net.corda.testing.node.NodeTestUtils.transaction$default(NodeTestUtils.kt:51) ~[corda-node-driver-4.8.5.jar:?]
	at net.corda.testing.node.NodeTestUtils.transaction(NodeTestUtils.kt) ~[corda-node-driver-4.8.5.jar:?]
	at com.bootcamp.contracts.ContractTests.tokenContractRequiresOneCommandInTheTransaction(ContractTests.java:71) ~[test/:?]
	at sun.reflect.NativeMethodAccessorImpl.invoke0(Native Method) ~[?:1.8.0_332]
	at sun.reflect.NativeMethodAccessorImpl.invoke(NativeMethodAccessorImpl.java:62) ~[?:1.8.0_332]
	at sun.reflect.DelegatingMethodAccessorImpl.invoke(DelegatingMethodAccessorImpl.java:43) ~[?:1.8.0_332]
	at java.lang.reflect.Method.invoke(Method.java:498) ~[?:1.8.0_332]
	at org.junit.runners.model.FrameworkMethod$1.runReflectiveCall(FrameworkMethod.java:50) ~[junit-4.12.jar:4.12]
	at org.junit.internal.runners.model.ReflectiveCallable.run(ReflectiveCallable.java:12) ~[junit-4.12.jar:4.12]
	at org.junit.runners.model.FrameworkMethod.invokeExplosively(FrameworkMethod.java:47) ~[junit-4.12.jar:4.12]
	at org.junit.internal.runners.statements.InvokeMethod.evaluate(InvokeMethod.java:17) ~[junit-4.12.jar:4.12]
	at org.junit.runners.ParentRunner.runLeaf(ParentRunner.java:325) ~[junit-4.12.jar:4.12]
	at org.junit.runners.BlockJUnit4ClassRunner.runChild(BlockJUnit4ClassRunner.java:78) ~[junit-4.12.jar:4.12]
	at org.junit.runners.BlockJUnit4ClassRunner.runChild(BlockJUnit4ClassRunner.java:57) ~[junit-4.12.jar:4.12]
	at org.junit.runners.ParentRunner$3.run(ParentRunner.java:290) ~[junit-4.12.jar:4.12]
	at org.junit.runners.ParentRunner$1.schedule(ParentRunner.java:71) ~[junit-4.12.jar:4.12]
	at org.junit.runners.ParentRunner.runChildren(ParentRunner.java:288) ~[junit-4.12.jar:4.12]
	at org.junit.runners.ParentRunner.access$000(ParentRunner.java:58) ~[junit-4.12.jar:4.12]
	at org.junit.runners.ParentRunner$2.evaluate(ParentRunner.java:268) ~[junit-4.12.jar:4.12]
	at org.junit.runners.ParentRunner.run(ParentRunner.java:363) ~[junit-4.12.jar:4.12]
	at org.gradle.api.internal.tasks.testing.junit.JUnitTestClassExecutor.runTestClass(JUnitTestClassExecutor.java:110) ~[?:?]
	at org.gradle.api.internal.tasks.testing.junit.JUnitTestClassExecutor.execute(JUnitTestClassExecutor.java:58) ~[?:?]
	at org.gradle.api.internal.tasks.testing.junit.JUnitTestClassExecutor.execute(JUnitTestClassExecutor.java:38) ~[?:?]
	at org.gradle.api.internal.tasks.testing.junit.AbstractJUnitTestClassProcessor.processTestClass(AbstractJUnitTestClassProcessor.java:62) ~[?:?]
	at org.gradle.api.internal.tasks.testing.SuiteTestClassProcessor.processTestClass(SuiteTestClassProcessor.java:51) ~[?:?]
	at sun.reflect.NativeMethodAccessorImpl.invoke0(Native Method) ~[?:1.8.0_332]
	at sun.reflect.NativeMethodAccessorImpl.invoke(NativeMethodAccessorImpl.java:62) ~[?:1.8.0_332]
	at sun.reflect.DelegatingMethodAccessorImpl.invoke(DelegatingMethodAccessorImpl.java:43) ~[?:1.8.0_332]
	at java.lang.reflect.Method.invoke(Method.java:498) ~[?:1.8.0_332]
	at org.gradle.internal.dispatch.ReflectionDispatch.dispatch(ReflectionDispatch.java:36) ~[gradle-tooling-api-5.6.4.jar:5.6.4]
	at org.gradle.internal.dispatch.ReflectionDispatch.dispatch(ReflectionDispatch.java:24) ~[gradle-tooling-api-5.6.4.jar:5.6.4]
	at org.gradle.internal.dispatch.ContextClassLoaderDispatch.dispatch(ContextClassLoaderDispatch.java:33) ~[?:?]
	at org.gradle.internal.dispatch.ProxyDispatchAdapter$DispatchingInvocationHandler.invoke(ProxyDispatchAdapter.java:94) ~[gradle-tooling-api-5.6.4.jar:5.6.4]
	at com.sun.proxy.$Proxy2.processTestClass(Unknown Source) ~[?:?]
	at org.gradle.api.internal.tasks.testing.worker.TestWorker.processTestClass(TestWorker.java:118) ~[?:?]
	at sun.reflect.NativeMethodAccessorImpl.invoke0(Native Method) ~[?:1.8.0_332]
	at sun.reflect.NativeMethodAccessorImpl.invoke(NativeMethodAccessorImpl.java:62) ~[?:1.8.0_332]
	at sun.reflect.DelegatingMethodAccessorImpl.invoke(DelegatingMethodAccessorImpl.java:43) ~[?:1.8.0_332]
	at java.lang.reflect.Method.invoke(Method.java:498) ~[?:1.8.0_332]
	at org.gradle.internal.dispatch.ReflectionDispatch.dispatch(ReflectionDispatch.java:36) ~[gradle-tooling-api-5.6.4.jar:5.6.4]
	at org.gradle.internal.dispatch.ReflectionDispatch.dispatch(ReflectionDispatch.java:24) ~[gradle-tooling-api-5.6.4.jar:5.6.4]
	at org.gradle.internal.remote.internal.hub.MessageHubBackedObjectConnection$DispatchWrapper.dispatch(MessageHubBackedObjectConnection.java:182) ~[?:?]
	at org.gradle.internal.remote.internal.hub.MessageHubBackedObjectConnection$DispatchWrapper.dispatch(MessageHubBackedObjectConnection.java:164) ~[?:?]
	at org.gradle.internal.remote.internal.hub.MessageHub$Handler.run(MessageHub.java:412) ~[?:?]
	at org.gradle.internal.concurrent.ExecutorPolicy$CatchAndRecordFailures.onExecute(ExecutorPolicy.java:64) ~[gradle-tooling-api-5.6.4.jar:5.6.4]
	at org.gradle.internal.concurrent.ManagedExecutorImpl$1.run(ManagedExecutorImpl.java:48) ~[gradle-tooling-api-5.6.4.jar:5.6.4]
	at java.util.concurrent.ThreadPoolExecutor.runWorker(ThreadPoolExecutor.java:1149) ~[?:1.8.0_332]
	at java.util.concurrent.ThreadPoolExecutor$Worker.run(ThreadPoolExecutor.java:624) ~[?:1.8.0_332]
	at org.gradle.internal.concurrent.ThreadFactoryImpl$ManagedThreadRunnable.run(ThreadFactoryImpl.java:56) ~[gradle-tooling-api-5.6.4.jar:5.6.4]
	at java.lang.Thread.run(Thread.java:750) [?:1.8.0_332]
[WARN ] 2022-07-21T11:04:37,900Z [Test worker] contracts.TransactionState. - State class com.bootcamp.states.TokenState is not annotated with @BelongsToContract, and does not have an enclosing class which implements Contract. Annotate TokenState with @BelongsToContract(com.bootcamp.contracts.TokenContract.class) to remove this warning. {}
[ERROR] 2022-07-21T11:04:37,900Z [Test worker] internal.Verifier. - Error validating transaction 2A55BD616C0B7A971F511EB8CD5E26A50135FD3051B1E863E5F7FEF920455E22. {}
java.lang.IllegalArgumentException: One command expected
	at com.bootcamp.contracts.TokenContract.verify(TokenContract.java:28) ~[main/:?]
	at net.corda.core.internal.ContractVerifier.apply(TransactionVerifierServiceInternal.kt:434) ~[corda-core-4.8.5.jar:?]
	at net.corda.core.internal.BasicVerifier.verifyContracts(TransactionVerifierServiceInternal.kt:386) ~[corda-core-4.8.5.jar:?]
	at net.corda.core.internal.Verifier.verify(TransactionVerifierServiceInternal.kt:72) ~[corda-core-4.8.5.jar:?]
	at net.corda.core.transactions.LedgerTransaction.verify(LedgerTransaction.kt:239) ~[corda-core-4.8.5.jar:?]
	at net.corda.testing.dsl.TestTransactionDSLInterpreter.verifies(TestDSL.kt:190) ~[corda-test-utils-4.8.5.jar:?]
	at net.corda.testing.dsl.Verifies$DefaultImpls.failsWith(LedgerDSLInterpreter.kt:45) ~[corda-test-utils-4.8.5.jar:?]
	at net.corda.testing.dsl.TransactionDSLInterpreter$DefaultImpls.failsWith(TransactionDSLInterpreter.kt) ~[corda-test-utils-4.8.5.jar:?]
	at net.corda.testing.dsl.TestTransactionDSLInterpreter.failsWith(TestDSL.kt:80) ~[corda-test-utils-4.8.5.jar:?]
	at net.corda.testing.dsl.Verifies$DefaultImpls.fails(LedgerDSLInterpreter.kt:75) ~[corda-test-utils-4.8.5.jar:?]
	at net.corda.testing.dsl.TransactionDSLInterpreter$DefaultImpls.fails(TransactionDSLInterpreter.kt) ~[corda-test-utils-4.8.5.jar:?]
	at net.corda.testing.dsl.TestTransactionDSLInterpreter.fails(TestDSL.kt:80) ~[corda-test-utils-4.8.5.jar:?]
	at net.corda.testing.dsl.TransactionDSL.fails(TransactionDSLInterpreter.kt) ~[corda-test-utils-4.8.5.jar:?]
	at com.bootcamp.contracts.ContractTests.lambda$tokenContractRequiresOneCommandInTheTransaction$4(ContractTests.java:76) ~[test/:?]
	at net.corda.testing.node.NodeTestUtils$transaction$1.invoke(NodeTestUtils.kt:54) ~[corda-node-driver-4.8.5.jar:?]
	at net.corda.testing.node.NodeTestUtils$transaction$1.invoke(NodeTestUtils.kt) ~[corda-node-driver-4.8.5.jar:?]
	at net.corda.testing.node.NodeTestUtils$ledger$2.invoke(NodeTestUtils.kt:39) ~[corda-node-driver-4.8.5.jar:?]
	at net.corda.testing.node.NodeTestUtils$ledger$2.invoke(NodeTestUtils.kt) ~[corda-node-driver-4.8.5.jar:?]
	at net.corda.testing.internal.InternalTestUtilsKt$withTestSerializationEnvIfNotSet$1.invoke(InternalTestUtils.kt:241) ~[corda-test-utils-4.8.5.jar:?]
	at net.corda.testing.internal.InternalTestUtilsKt$withTestSerializationEnvIfNotSet$1.invoke(InternalTestUtils.kt) ~[corda-test-utils-4.8.5.jar:?]
	at net.corda.testing.common.internal.CommonSerializationTestHelpersKt.asContextEnv(CommonSerializationTestHelpers.kt:19) ~[corda-test-common-4.8.5.jar:?]
	at net.corda.coretesting.internal.InternalSerializationTestHelpersKt.asTestContextEnv(InternalSerializationTestHelpers.kt:70) ~[corda-core-test-utils-4.8.5.jar:?]
	at net.corda.testing.internal.InternalTestUtilsKt.withTestSerializationEnvIfNotSet(InternalTestUtils.kt:241) ~[corda-test-utils-4.8.5.jar:?]
	at net.corda.testing.node.NodeTestUtils.ledger(NodeTestUtils.kt:36) ~[corda-node-driver-4.8.5.jar:?]
	at net.corda.testing.node.NodeTestUtils.transaction(NodeTestUtils.kt:53) ~[corda-node-driver-4.8.5.jar:?]
	at net.corda.testing.node.NodeTestUtils.transaction$default(NodeTestUtils.kt:51) ~[corda-node-driver-4.8.5.jar:?]
	at net.corda.testing.node.NodeTestUtils.transaction(NodeTestUtils.kt) ~[corda-node-driver-4.8.5.jar:?]
	at com.bootcamp.contracts.ContractTests.tokenContractRequiresOneCommandInTheTransaction(ContractTests.java:71) ~[test/:?]
	at sun.reflect.NativeMethodAccessorImpl.invoke0(Native Method) ~[?:1.8.0_332]
	at sun.reflect.NativeMethodAccessorImpl.invoke(NativeMethodAccessorImpl.java:62) ~[?:1.8.0_332]
	at sun.reflect.DelegatingMethodAccessorImpl.invoke(DelegatingMethodAccessorImpl.java:43) ~[?:1.8.0_332]
	at java.lang.reflect.Method.invoke(Method.java:498) ~[?:1.8.0_332]
	at org.junit.runners.model.FrameworkMethod$1.runReflectiveCall(FrameworkMethod.java:50) ~[junit-4.12.jar:4.12]
	at org.junit.internal.runners.model.ReflectiveCallable.run(ReflectiveCallable.java:12) ~[junit-4.12.jar:4.12]
	at org.junit.runners.model.FrameworkMethod.invokeExplosively(FrameworkMethod.java:47) ~[junit-4.12.jar:4.12]
	at org.junit.internal.runners.statements.InvokeMethod.evaluate(InvokeMethod.java:17) ~[junit-4.12.jar:4.12]
	at org.junit.runners.ParentRunner.runLeaf(ParentRunner.java:325) ~[junit-4.12.jar:4.12]
	at org.junit.runners.BlockJUnit4ClassRunner.runChild(BlockJUnit4ClassRunner.java:78) ~[junit-4.12.jar:4.12]
	at org.junit.runners.BlockJUnit4ClassRunner.runChild(BlockJUnit4ClassRunner.java:57) ~[junit-4.12.jar:4.12]
	at org.junit.runners.ParentRunner$3.run(ParentRunner.java:290) ~[junit-4.12.jar:4.12]
	at org.junit.runners.ParentRunner$1.schedule(ParentRunner.java:71) ~[junit-4.12.jar:4.12]
	at org.junit.runners.ParentRunner.runChildren(ParentRunner.java:288) ~[junit-4.12.jar:4.12]
	at org.junit.runners.ParentRunner.access$000(ParentRunner.java:58) ~[junit-4.12.jar:4.12]
	at org.junit.runners.ParentRunner$2.evaluate(ParentRunner.java:268) ~[junit-4.12.jar:4.12]
	at org.junit.runners.ParentRunner.run(ParentRunner.java:363) ~[junit-4.12.jar:4.12]
	at org.gradle.api.internal.tasks.testing.junit.JUnitTestClassExecutor.runTestClass(JUnitTestClassExecutor.java:110) ~[?:?]
	at org.gradle.api.internal.tasks.testing.junit.JUnitTestClassExecutor.execute(JUnitTestClassExecutor.java:58) ~[?:?]
	at org.gradle.api.internal.tasks.testing.junit.JUnitTestClassExecutor.execute(JUnitTestClassExecutor.java:38) ~[?:?]
	at org.gradle.api.internal.tasks.testing.junit.AbstractJUnitTestClassProcessor.processTestClass(AbstractJUnitTestClassProcessor.java:62) ~[?:?]
	at org.gradle.api.internal.tasks.testing.SuiteTestClassProcessor.processTestClass(SuiteTestClassProcessor.java:51) ~[?:?]
	at sun.reflect.NativeMethodAccessorImpl.invoke0(Native Method) ~[?:1.8.0_332]
	at sun.reflect.NativeMethodAccessorImpl.invoke(NativeMethodAccessorImpl.java:62) ~[?:1.8.0_332]
	at sun.reflect.DelegatingMethodAccessorImpl.invoke(DelegatingMethodAccessorImpl.java:43) ~[?:1.8.0_332]
	at java.lang.reflect.Method.invoke(Method.java:498) ~[?:1.8.0_332]
	at org.gradle.internal.dispatch.ReflectionDispatch.dispatch(ReflectionDispatch.java:36) ~[gradle-tooling-api-5.6.4.jar:5.6.4]
	at org.gradle.internal.dispatch.ReflectionDispatch.dispatch(ReflectionDispatch.java:24) ~[gradle-tooling-api-5.6.4.jar:5.6.4]
	at org.gradle.internal.dispatch.ContextClassLoaderDispatch.dispatch(ContextClassLoaderDispatch.java:33) ~[?:?]
	at org.gradle.internal.dispatch.ProxyDispatchAdapter$DispatchingInvocationHandler.invoke(ProxyDispatchAdapter.java:94) ~[gradle-tooling-api-5.6.4.jar:5.6.4]
	at com.sun.proxy.$Proxy2.processTestClass(Unknown Source) ~[?:?]
	at org.gradle.api.internal.tasks.testing.worker.TestWorker.processTestClass(TestWorker.java:118) ~[?:?]
	at sun.reflect.NativeMethodAccessorImpl.invoke0(Native Method) ~[?:1.8.0_332]
	at sun.reflect.NativeMethodAccessorImpl.invoke(NativeMethodAccessorImpl.java:62) ~[?:1.8.0_332]
	at sun.reflect.DelegatingMethodAccessorImpl.invoke(DelegatingMethodAccessorImpl.java:43) ~[?:1.8.0_332]
	at java.lang.reflect.Method.invoke(Method.java:498) ~[?:1.8.0_332]
	at org.gradle.internal.dispatch.ReflectionDispatch.dispatch(ReflectionDispatch.java:36) ~[gradle-tooling-api-5.6.4.jar:5.6.4]
	at org.gradle.internal.dispatch.ReflectionDispatch.dispatch(ReflectionDispatch.java:24) ~[gradle-tooling-api-5.6.4.jar:5.6.4]
	at org.gradle.internal.remote.internal.hub.MessageHubBackedObjectConnection$DispatchWrapper.dispatch(MessageHubBackedObjectConnection.java:182) ~[?:?]
	at org.gradle.internal.remote.internal.hub.MessageHubBackedObjectConnection$DispatchWrapper.dispatch(MessageHubBackedObjectConnection.java:164) ~[?:?]
	at org.gradle.internal.remote.internal.hub.MessageHub$Handler.run(MessageHub.java:412) ~[?:?]
	at org.gradle.internal.concurrent.ExecutorPolicy$CatchAndRecordFailures.onExecute(ExecutorPolicy.java:64) ~[gradle-tooling-api-5.6.4.jar:5.6.4]
	at org.gradle.internal.concurrent.ManagedExecutorImpl$1.run(ManagedExecutorImpl.java:48) ~[gradle-tooling-api-5.6.4.jar:5.6.4]
	at java.util.concurrent.ThreadPoolExecutor.runWorker(ThreadPoolExecutor.java:1149) ~[?:1.8.0_332]
	at java.util.concurrent.ThreadPoolExecutor$Worker.run(ThreadPoolExecutor.java:624) ~[?:1.8.0_332]
	at org.gradle.internal.concurrent.ThreadFactoryImpl$ManagedThreadRunnable.run(ThreadFactoryImpl.java:56) ~[gradle-tooling-api-5.6.4.jar:5.6.4]
	at java.lang.Thread.run(Thread.java:750) [?:1.8.0_332]
[WARN ] 2022-07-21T11:04:37,921Z [Test worker] contracts.TransactionState. - State class com.bootcamp.states.TokenState is not annotated with @BelongsToContract, and does not have an enclosing class which implements Contract. Annotate TokenState with @BelongsToContract(com.bootcamp.contracts.TokenContract.class) to remove this warning. {}
[WARN ] 2022-07-21T11:04:37,921Z [Test worker] contracts.TransactionState. - State class com.bootcamp.states.TokenState is not annotated with @BelongsToContract, and does not have an enclosing class which implements Contract. Annotate TokenState with @BelongsToContract(com.bootcamp.contracts.TokenContract.class) to remove this warning. {}
[WARN ] 2022-07-21T11:04:37,935Z [Test worker] contracts.TransactionState. - State class com.bootcamp.states.TokenState is not annotated with @BelongsToContract, and does not have an enclosing class which implements Contract. Annotate TokenState with @BelongsToContract(com.bootcamp.contracts.TokenContract.class) to remove this warning. {}
[WARN ] 2022-07-21T11:04:37,936Z [Test worker] contracts.TransactionState. - State class com.bootcamp.states.TokenState is not annotated with @BelongsToContract, and does not have an enclosing class which implements Contract. Annotate TokenState with @BelongsToContract(com.bootcamp.contracts.TokenContract.class) to remove this warning. {}
[INFO ] 2022-07-21T11:04:37,936Z [Test worker] cordapp.JarScanningCordappLoader. - Loading CorDapps from RestrictedURL(url=file:/Users/karthik/Infosys/corda/bootcamp-cordapp/contracts/build/generated-custom-cordapps/20220721-110436.346-A99E223C0E1041A1/custom-cordapp_1_10_4f09f137-f761-4162-b8aa-9eb14d1c5b01.jar, rootPackageName=null) {}
[INFO ] 2022-07-21T11:04:37,936Z [Test worker] cordapp.JarScanningCordappLoader. - Scanning CorDapp in file:/Users/karthik/Infosys/corda/bootcamp-cordapp/contracts/build/generated-custom-cordapps/20220721-110436.346-A99E223C0E1041A1/custom-cordapp_1_10_4f09f137-f761-4162-b8aa-9eb14d1c5b01.jar {}
[WARN ] 2022-07-21T11:04:37,971Z [Test worker] contracts.TransactionState. - State class com.bootcamp.states.TokenState is not annotated with @BelongsToContract, and does not have an enclosing class which implements Contract. Annotate TokenState with @BelongsToContract(com.bootcamp.contracts.TokenContract.class) to remove this warning. {}
[WARN ] 2022-07-21T11:04:37,971Z [Test worker] contracts.TransactionState. - State class com.bootcamp.states.TokenState is not annotated with @BelongsToContract, and does not have an enclosing class which implements Contract. Annotate TokenState with @BelongsToContract(com.bootcamp.contracts.TokenContract.class) to remove this warning. {}
[WARN ] 2022-07-21T11:04:37,987Z [Test worker] contracts.TransactionState. - State class com.bootcamp.states.TokenState is not annotated with @BelongsToContract, and does not have an enclosing class which implements Contract. Annotate TokenState with @BelongsToContract(com.bootcamp.contracts.TokenContract.class) to remove this warning. {}
[ERROR] 2022-07-21T11:04:37,987Z [Test worker] internal.Verifier. - Error validating transaction 9FDCDEAB78B973E0F538C82AF8904851E8C31AF74855D94C0CDDF821E51E0F4D. {}
java.lang.IllegalArgumentException: Positive amount expected
	at com.bootcamp.contracts.TokenContract.verify(TokenContract.java:39) ~[main/:?]
	at net.corda.core.internal.ContractVerifier.apply(TransactionVerifierServiceInternal.kt:434) ~[corda-core-4.8.5.jar:?]
	at net.corda.core.internal.BasicVerifier.verifyContracts(TransactionVerifierServiceInternal.kt:386) ~[corda-core-4.8.5.jar:?]
	at net.corda.core.internal.Verifier.verify(TransactionVerifierServiceInternal.kt:72) ~[corda-core-4.8.5.jar:?]
	at net.corda.core.transactions.LedgerTransaction.verify(LedgerTransaction.kt:239) ~[corda-core-4.8.5.jar:?]
	at net.corda.core.transactions.TransactionBuilder.addMissingDependency(TransactionBuilder.kt:248) ~[corda-core-4.8.5.jar:?]
	at net.corda.core.transactions.TransactionBuilder.toWireTransactionWithContext(TransactionBuilder.kt:228) ~[corda-core-4.8.5.jar:?]
	at net.corda.core.transactions.TransactionBuilder.toWireTransactionWithContext$core(TransactionBuilder.kt:186) ~[corda-core-4.8.5.jar:?]
	at net.corda.core.transactions.TransactionBuilder.toWireTransaction(TransactionBuilder.kt:144) ~[corda-core-4.8.5.jar:?]
	at net.corda.testing.dsl.TestTransactionDSLInterpreter.toWireTransaction$test_utils(TestDSL.kt:146) ~[corda-test-utils-4.8.5.jar:?]
	at net.corda.testing.dsl.TestTransactionDSLInterpreter.verifies(TestDSL.kt:190) ~[corda-test-utils-4.8.5.jar:?]
	at net.corda.testing.dsl.Verifies$DefaultImpls.failsWith(LedgerDSLInterpreter.kt:45) ~[corda-test-utils-4.8.5.jar:?]
	at net.corda.testing.dsl.TransactionDSLInterpreter$DefaultImpls.failsWith(TransactionDSLInterpreter.kt) ~[corda-test-utils-4.8.5.jar:?]
	at net.corda.testing.dsl.TestTransactionDSLInterpreter.failsWith(TestDSL.kt:80) ~[corda-test-utils-4.8.5.jar:?]
	at net.corda.testing.dsl.Verifies$DefaultImpls.fails(LedgerDSLInterpreter.kt:75) ~[corda-test-utils-4.8.5.jar:?]
	at net.corda.testing.dsl.TransactionDSLInterpreter$DefaultImpls.fails(TransactionDSLInterpreter.kt) ~[corda-test-utils-4.8.5.jar:?]
	at net.corda.testing.dsl.TestTransactionDSLInterpreter.fails(TestDSL.kt:80) ~[corda-test-utils-4.8.5.jar:?]
	at net.corda.testing.dsl.TransactionDSL.fails(TransactionDSLInterpreter.kt) ~[corda-test-utils-4.8.5.jar:?]
	at com.bootcamp.contracts.ContractTests.lambda$tokenContractRequiresTheTransactionsOutputToHaveAPositiveAmount$8(ContractTests.java:118) ~[test/:?]
	at net.corda.testing.node.NodeTestUtils$transaction$1.invoke(NodeTestUtils.kt:54) ~[corda-node-driver-4.8.5.jar:?]
	at net.corda.testing.node.NodeTestUtils$transaction$1.invoke(NodeTestUtils.kt) ~[corda-node-driver-4.8.5.jar:?]
	at net.corda.testing.node.NodeTestUtils$ledger$2.invoke(NodeTestUtils.kt:39) ~[corda-node-driver-4.8.5.jar:?]
	at net.corda.testing.node.NodeTestUtils$ledger$2.invoke(NodeTestUtils.kt) ~[corda-node-driver-4.8.5.jar:?]
	at net.corda.testing.internal.InternalTestUtilsKt$withTestSerializationEnvIfNotSet$1.invoke(InternalTestUtils.kt:241) ~[corda-test-utils-4.8.5.jar:?]
	at net.corda.testing.internal.InternalTestUtilsKt$withTestSerializationEnvIfNotSet$1.invoke(InternalTestUtils.kt) ~[corda-test-utils-4.8.5.jar:?]
	at net.corda.testing.common.internal.CommonSerializationTestHelpersKt.asContextEnv(CommonSerializationTestHelpers.kt:19) ~[corda-test-common-4.8.5.jar:?]
	at net.corda.coretesting.internal.InternalSerializationTestHelpersKt.asTestContextEnv(InternalSerializationTestHelpers.kt:70) ~[corda-core-test-utils-4.8.5.jar:?]
	at net.corda.testing.internal.InternalTestUtilsKt.withTestSerializationEnvIfNotSet(InternalTestUtils.kt:241) ~[corda-test-utils-4.8.5.jar:?]
	at net.corda.testing.node.NodeTestUtils.ledger(NodeTestUtils.kt:36) ~[corda-node-driver-4.8.5.jar:?]
	at net.corda.testing.node.NodeTestUtils.transaction(NodeTestUtils.kt:53) ~[corda-node-driver-4.8.5.jar:?]
	at net.corda.testing.node.NodeTestUtils.transaction$default(NodeTestUtils.kt:51) ~[corda-node-driver-4.8.5.jar:?]
	at net.corda.testing.node.NodeTestUtils.transaction(NodeTestUtils.kt) ~[corda-node-driver-4.8.5.jar:?]
	at com.bootcamp.contracts.ContractTests.tokenContractRequiresTheTransactionsOutputToHaveAPositiveAmount(ContractTests.java:114) ~[test/:?]
	at sun.reflect.NativeMethodAccessorImpl.invoke0(Native Method) ~[?:1.8.0_332]
	at sun.reflect.NativeMethodAccessorImpl.invoke(NativeMethodAccessorImpl.java:62) ~[?:1.8.0_332]
	at sun.reflect.DelegatingMethodAccessorImpl.invoke(DelegatingMethodAccessorImpl.java:43) ~[?:1.8.0_332]
	at java.lang.reflect.Method.invoke(Method.java:498) ~[?:1.8.0_332]
	at org.junit.runners.model.FrameworkMethod$1.runReflectiveCall(FrameworkMethod.java:50) ~[junit-4.12.jar:4.12]
	at org.junit.internal.runners.model.ReflectiveCallable.run(ReflectiveCallable.java:12) ~[junit-4.12.jar:4.12]
	at org.junit.runners.model.FrameworkMethod.invokeExplosively(FrameworkMethod.java:47) ~[junit-4.12.jar:4.12]
	at org.junit.internal.runners.statements.InvokeMethod.evaluate(InvokeMethod.java:17) ~[junit-4.12.jar:4.12]
	at org.junit.runners.ParentRunner.runLeaf(ParentRunner.java:325) ~[junit-4.12.jar:4.12]
	at org.junit.runners.BlockJUnit4ClassRunner.runChild(BlockJUnit4ClassRunner.java:78) ~[junit-4.12.jar:4.12]
	at org.junit.runners.BlockJUnit4ClassRunner.runChild(BlockJUnit4ClassRunner.java:57) ~[junit-4.12.jar:4.12]
	at org.junit.runners.ParentRunner$3.run(ParentRunner.java:290) ~[junit-4.12.jar:4.12]
	at org.junit.runners.ParentRunner$1.schedule(ParentRunner.java:71) ~[junit-4.12.jar:4.12]
	at org.junit.runners.ParentRunner.runChildren(ParentRunner.java:288) ~[junit-4.12.jar:4.12]
	at org.junit.runners.ParentRunner.access$000(ParentRunner.java:58) ~[junit-4.12.jar:4.12]
	at org.junit.runners.ParentRunner$2.evaluate(ParentRunner.java:268) ~[junit-4.12.jar:4.12]
	at org.junit.runners.ParentRunner.run(ParentRunner.java:363) ~[junit-4.12.jar:4.12]
	at org.gradle.api.internal.tasks.testing.junit.JUnitTestClassExecutor.runTestClass(JUnitTestClassExecutor.java:110) ~[?:?]
	at org.gradle.api.internal.tasks.testing.junit.JUnitTestClassExecutor.execute(JUnitTestClassExecutor.java:58) ~[?:?]
	at org.gradle.api.internal.tasks.testing.junit.JUnitTestClassExecutor.execute(JUnitTestClassExecutor.java:38) ~[?:?]
	at org.gradle.api.internal.tasks.testing.junit.AbstractJUnitTestClassProcessor.processTestClass(AbstractJUnitTestClassProcessor.java:62) ~[?:?]
	at org.gradle.api.internal.tasks.testing.SuiteTestClassProcessor.processTestClass(SuiteTestClassProcessor.java:51) ~[?:?]
	at sun.reflect.NativeMethodAccessorImpl.invoke0(Native Method) ~[?:1.8.0_332]
	at sun.reflect.NativeMethodAccessorImpl.invoke(NativeMethodAccessorImpl.java:62) ~[?:1.8.0_332]
	at sun.reflect.DelegatingMethodAccessorImpl.invoke(DelegatingMethodAccessorImpl.java:43) ~[?:1.8.0_332]
	at java.lang.reflect.Method.invoke(Method.java:498) ~[?:1.8.0_332]
	at org.gradle.internal.dispatch.ReflectionDispatch.dispatch(ReflectionDispatch.java:36) ~[gradle-tooling-api-5.6.4.jar:5.6.4]
	at org.gradle.internal.dispatch.ReflectionDispatch.dispatch(ReflectionDispatch.java:24) ~[gradle-tooling-api-5.6.4.jar:5.6.4]
	at org.gradle.internal.dispatch.ContextClassLoaderDispatch.dispatch(ContextClassLoaderDispatch.java:33) ~[?:?]
	at org.gradle.internal.dispatch.ProxyDispatchAdapter$DispatchingInvocationHandler.invoke(ProxyDispatchAdapter.java:94) ~[gradle-tooling-api-5.6.4.jar:5.6.4]
	at com.sun.proxy.$Proxy2.processTestClass(Unknown Source) ~[?:?]
	at org.gradle.api.internal.tasks.testing.worker.TestWorker.processTestClass(TestWorker.java:118) ~[?:?]
	at sun.reflect.NativeMethodAccessorImpl.invoke0(Native Method) ~[?:1.8.0_332]
	at sun.reflect.NativeMethodAccessorImpl.invoke(NativeMethodAccessorImpl.java:62) ~[?:1.8.0_332]
	at sun.reflect.DelegatingMethodAccessorImpl.invoke(DelegatingMethodAccessorImpl.java:43) ~[?:1.8.0_332]
	at java.lang.reflect.Method.invoke(Method.java:498) ~[?:1.8.0_332]
	at org.gradle.internal.dispatch.ReflectionDispatch.dispatch(ReflectionDispatch.java:36) ~[gradle-tooling-api-5.6.4.jar:5.6.4]
	at org.gradle.internal.dispatch.ReflectionDispatch.dispatch(ReflectionDispatch.java:24) ~[gradle-tooling-api-5.6.4.jar:5.6.4]
	at org.gradle.internal.remote.internal.hub.MessageHubBackedObjectConnection$DispatchWrapper.dispatch(MessageHubBackedObjectConnection.java:182) ~[?:?]
	at org.gradle.internal.remote.internal.hub.MessageHubBackedObjectConnection$DispatchWrapper.dispatch(MessageHubBackedObjectConnection.java:164) ~[?:?]
	at org.gradle.internal.remote.internal.hub.MessageHub$Handler.run(MessageHub.java:412) ~[?:?]
	at org.gradle.internal.concurrent.ExecutorPolicy$CatchAndRecordFailures.onExecute(ExecutorPolicy.java:64) ~[gradle-tooling-api-5.6.4.jar:5.6.4]
	at org.gradle.internal.concurrent.ManagedExecutorImpl$1.run(ManagedExecutorImpl.java:48) ~[gradle-tooling-api-5.6.4.jar:5.6.4]
	at java.util.concurrent.ThreadPoolExecutor.runWorker(ThreadPoolExecutor.java:1149) ~[?:1.8.0_332]
	at java.util.concurrent.ThreadPoolExecutor$Worker.run(ThreadPoolExecutor.java:624) ~[?:1.8.0_332]
	at org.gradle.internal.concurrent.ThreadFactoryImpl$ManagedThreadRunnable.run(ThreadFactoryImpl.java:56) ~[gradle-tooling-api-5.6.4.jar:5.6.4]
	at java.lang.Thread.run(Thread.java:750) [?:1.8.0_332]
[WARN ] 2022-07-21T11:04:37,987Z [Test worker] contracts.TransactionState. - State class com.bootcamp.states.TokenState is not annotated with @BelongsToContract, and does not have an enclosing class which implements Contract. Annotate TokenState with @BelongsToContract(com.bootcamp.contracts.TokenContract.class) to remove this warning. {}
[ERROR] 2022-07-21T11:04:37,987Z [Test worker] internal.Verifier. - Error validating transaction 9FDCDEAB78B973E0F538C82AF8904851E8C31AF74855D94C0CDDF821E51E0F4D. {}
java.lang.IllegalArgumentException: Positive amount expected
	at com.bootcamp.contracts.TokenContract.verify(TokenContract.java:39) ~[main/:?]
	at net.corda.core.internal.ContractVerifier.apply(TransactionVerifierServiceInternal.kt:434) ~[corda-core-4.8.5.jar:?]
	at net.corda.core.internal.BasicVerifier.verifyContracts(TransactionVerifierServiceInternal.kt:386) ~[corda-core-4.8.5.jar:?]
	at net.corda.core.internal.Verifier.verify(TransactionVerifierServiceInternal.kt:72) ~[corda-core-4.8.5.jar:?]
	at net.corda.core.transactions.LedgerTransaction.verify(LedgerTransaction.kt:239) ~[corda-core-4.8.5.jar:?]
	at net.corda.testing.dsl.TestTransactionDSLInterpreter.verifies(TestDSL.kt:190) ~[corda-test-utils-4.8.5.jar:?]
	at net.corda.testing.dsl.Verifies$DefaultImpls.failsWith(LedgerDSLInterpreter.kt:45) ~[corda-test-utils-4.8.5.jar:?]
	at net.corda.testing.dsl.TransactionDSLInterpreter$DefaultImpls.failsWith(TransactionDSLInterpreter.kt) ~[corda-test-utils-4.8.5.jar:?]
	at net.corda.testing.dsl.TestTransactionDSLInterpreter.failsWith(TestDSL.kt:80) ~[corda-test-utils-4.8.5.jar:?]
	at net.corda.testing.dsl.Verifies$DefaultImpls.fails(LedgerDSLInterpreter.kt:75) ~[corda-test-utils-4.8.5.jar:?]
	at net.corda.testing.dsl.TransactionDSLInterpreter$DefaultImpls.fails(TransactionDSLInterpreter.kt) ~[corda-test-utils-4.8.5.jar:?]
	at net.corda.testing.dsl.TestTransactionDSLInterpreter.fails(TestDSL.kt:80) ~[corda-test-utils-4.8.5.jar:?]
	at net.corda.testing.dsl.TransactionDSL.fails(TransactionDSLInterpreter.kt) ~[corda-test-utils-4.8.5.jar:?]
	at com.bootcamp.contracts.ContractTests.lambda$tokenContractRequiresTheTransactionsOutputToHaveAPositiveAmount$8(ContractTests.java:118) ~[test/:?]
	at net.corda.testing.node.NodeTestUtils$transaction$1.invoke(NodeTestUtils.kt:54) ~[corda-node-driver-4.8.5.jar:?]
	at net.corda.testing.node.NodeTestUtils$transaction$1.invoke(NodeTestUtils.kt) ~[corda-node-driver-4.8.5.jar:?]
	at net.corda.testing.node.NodeTestUtils$ledger$2.invoke(NodeTestUtils.kt:39) ~[corda-node-driver-4.8.5.jar:?]
	at net.corda.testing.node.NodeTestUtils$ledger$2.invoke(NodeTestUtils.kt) ~[corda-node-driver-4.8.5.jar:?]
	at net.corda.testing.internal.InternalTestUtilsKt$withTestSerializationEnvIfNotSet$1.invoke(InternalTestUtils.kt:241) ~[corda-test-utils-4.8.5.jar:?]
	at net.corda.testing.internal.InternalTestUtilsKt$withTestSerializationEnvIfNotSet$1.invoke(InternalTestUtils.kt) ~[corda-test-utils-4.8.5.jar:?]
	at net.corda.testing.common.internal.CommonSerializationTestHelpersKt.asContextEnv(CommonSerializationTestHelpers.kt:19) ~[corda-test-common-4.8.5.jar:?]
	at net.corda.coretesting.internal.InternalSerializationTestHelpersKt.asTestContextEnv(InternalSerializationTestHelpers.kt:70) ~[corda-core-test-utils-4.8.5.jar:?]
	at net.corda.testing.internal.InternalTestUtilsKt.withTestSerializationEnvIfNotSet(InternalTestUtils.kt:241) ~[corda-test-utils-4.8.5.jar:?]
	at net.corda.testing.node.NodeTestUtils.ledger(NodeTestUtils.kt:36) ~[corda-node-driver-4.8.5.jar:?]
	at net.corda.testing.node.NodeTestUtils.transaction(NodeTestUtils.kt:53) ~[corda-node-driver-4.8.5.jar:?]
	at net.corda.testing.node.NodeTestUtils.transaction$default(NodeTestUtils.kt:51) ~[corda-node-driver-4.8.5.jar:?]
	at net.corda.testing.node.NodeTestUtils.transaction(NodeTestUtils.kt) ~[corda-node-driver-4.8.5.jar:?]
	at com.bootcamp.contracts.ContractTests.tokenContractRequiresTheTransactionsOutputToHaveAPositiveAmount(ContractTests.java:114) ~[test/:?]
	at sun.reflect.NativeMethodAccessorImpl.invoke0(Native Method) ~[?:1.8.0_332]
	at sun.reflect.NativeMethodAccessorImpl.invoke(NativeMethodAccessorImpl.java:62) ~[?:1.8.0_332]
	at sun.reflect.DelegatingMethodAccessorImpl.invoke(DelegatingMethodAccessorImpl.java:43) ~[?:1.8.0_332]
	at java.lang.reflect.Method.invoke(Method.java:498) ~[?:1.8.0_332]
	at org.junit.runners.model.FrameworkMethod$1.runReflectiveCall(FrameworkMethod.java:50) ~[junit-4.12.jar:4.12]
	at org.junit.internal.runners.model.ReflectiveCallable.run(ReflectiveCallable.java:12) ~[junit-4.12.jar:4.12]
	at org.junit.runners.model.FrameworkMethod.invokeExplosively(FrameworkMethod.java:47) ~[junit-4.12.jar:4.12]
	at org.junit.internal.runners.statements.InvokeMethod.evaluate(InvokeMethod.java:17) ~[junit-4.12.jar:4.12]
	at org.junit.runners.ParentRunner.runLeaf(ParentRunner.java:325) ~[junit-4.12.jar:4.12]
	at org.junit.runners.BlockJUnit4ClassRunner.runChild(BlockJUnit4ClassRunner.java:78) ~[junit-4.12.jar:4.12]
	at org.junit.runners.BlockJUnit4ClassRunner.runChild(BlockJUnit4ClassRunner.java:57) ~[junit-4.12.jar:4.12]
	at org.junit.runners.ParentRunner$3.run(ParentRunner.java:290) ~[junit-4.12.jar:4.12]
	at org.junit.runners.ParentRunner$1.schedule(ParentRunner.java:71) ~[junit-4.12.jar:4.12]
	at org.junit.runners.ParentRunner.runChildren(ParentRunner.java:288) ~[junit-4.12.jar:4.12]
	at org.junit.runners.ParentRunner.access$000(ParentRunner.java:58) ~[junit-4.12.jar:4.12]
	at org.junit.runners.ParentRunner$2.evaluate(ParentRunner.java:268) ~[junit-4.12.jar:4.12]
	at org.junit.runners.ParentRunner.run(ParentRunner.java:363) ~[junit-4.12.jar:4.12]
	at org.gradle.api.internal.tasks.testing.junit.JUnitTestClassExecutor.runTestClass(JUnitTestClassExecutor.java:110) ~[?:?]
	at org.gradle.api.internal.tasks.testing.junit.JUnitTestClassExecutor.execute(JUnitTestClassExecutor.java:58) ~[?:?]
	at org.gradle.api.internal.tasks.testing.junit.JUnitTestClassExecutor.execute(JUnitTestClassExecutor.java:38) ~[?:?]
	at org.gradle.api.internal.tasks.testing.junit.AbstractJUnitTestClassProcessor.processTestClass(AbstractJUnitTestClassProcessor.java:62) ~[?:?]
	at org.gradle.api.internal.tasks.testing.SuiteTestClassProcessor.processTestClass(SuiteTestClassProcessor.java:51) ~[?:?]
	at sun.reflect.NativeMethodAccessorImpl.invoke0(Native Method) ~[?:1.8.0_332]
	at sun.reflect.NativeMethodAccessorImpl.invoke(NativeMethodAccessorImpl.java:62) ~[?:1.8.0_332]
	at sun.reflect.DelegatingMethodAccessorImpl.invoke(DelegatingMethodAccessorImpl.java:43) ~[?:1.8.0_332]
	at java.lang.reflect.Method.invoke(Method.java:498) ~[?:1.8.0_332]
	at org.gradle.internal.dispatch.ReflectionDispatch.dispatch(ReflectionDispatch.java:36) ~[gradle-tooling-api-5.6.4.jar:5.6.4]
	at org.gradle.internal.dispatch.ReflectionDispatch.dispatch(ReflectionDispatch.java:24) ~[gradle-tooling-api-5.6.4.jar:5.6.4]
	at org.gradle.internal.dispatch.ContextClassLoaderDispatch.dispatch(ContextClassLoaderDispatch.java:33) ~[?:?]
	at org.gradle.internal.dispatch.ProxyDispatchAdapter$DispatchingInvocationHandler.invoke(ProxyDispatchAdapter.java:94) ~[gradle-tooling-api-5.6.4.jar:5.6.4]
	at com.sun.proxy.$Proxy2.processTestClass(Unknown Source) ~[?:?]
	at org.gradle.api.internal.tasks.testing.worker.TestWorker.processTestClass(TestWorker.java:118) ~[?:?]
	at sun.reflect.NativeMethodAccessorImpl.invoke0(Native Method) ~[?:1.8.0_332]
	at sun.reflect.NativeMethodAccessorImpl.invoke(NativeMethodAccessorImpl.java:62) ~[?:1.8.0_332]
	at sun.reflect.DelegatingMethodAccessorImpl.invoke(DelegatingMethodAccessorImpl.java:43) ~[?:1.8.0_332]
	at java.lang.reflect.Method.invoke(Method.java:498) ~[?:1.8.0_332]
	at org.gradle.internal.dispatch.ReflectionDispatch.dispatch(ReflectionDispatch.java:36) ~[gradle-tooling-api-5.6.4.jar:5.6.4]
	at org.gradle.internal.dispatch.ReflectionDispatch.dispatch(ReflectionDispatch.java:24) ~[gradle-tooling-api-5.6.4.jar:5.6.4]
	at org.gradle.internal.remote.internal.hub.MessageHubBackedObjectConnection$DispatchWrapper.dispatch(MessageHubBackedObjectConnection.java:182) ~[?:?]
	at org.gradle.internal.remote.internal.hub.MessageHubBackedObjectConnection$DispatchWrapper.dispatch(MessageHubBackedObjectConnection.java:164) ~[?:?]
	at org.gradle.internal.remote.internal.hub.MessageHub$Handler.run(MessageHub.java:412) ~[?:?]
	at org.gradle.internal.concurrent.ExecutorPolicy$CatchAndRecordFailures.onExecute(ExecutorPolicy.java:64) ~[gradle-tooling-api-5.6.4.jar:5.6.4]
	at org.gradle.internal.concurrent.ManagedExecutorImpl$1.run(ManagedExecutorImpl.java:48) ~[gradle-tooling-api-5.6.4.jar:5.6.4]
	at java.util.concurrent.ThreadPoolExecutor.runWorker(ThreadPoolExecutor.java:1149) ~[?:1.8.0_332]
	at java.util.concurrent.ThreadPoolExecutor$Worker.run(ThreadPoolExecutor.java:624) ~[?:1.8.0_332]
	at org.gradle.internal.concurrent.ThreadFactoryImpl$ManagedThreadRunnable.run(ThreadFactoryImpl.java:56) ~[gradle-tooling-api-5.6.4.jar:5.6.4]
	at java.lang.Thread.run(Thread.java:750) [?:1.8.0_332]
[WARN ] 2022-07-21T11:04:38,008Z [Test worker] contracts.TransactionState. - State class com.bootcamp.states.TokenState is not annotated with @BelongsToContract, and does not have an enclosing class which implements Contract. Annotate TokenState with @BelongsToContract(com.bootcamp.contracts.TokenContract.class) to remove this warning. {}
[WARN ] 2022-07-21T11:04:38,008Z [Test worker] contracts.TransactionState. - State class com.bootcamp.states.TokenState is not annotated with @BelongsToContract, and does not have an enclosing class which implements Contract. Annotate TokenState with @BelongsToContract(com.bootcamp.contracts.TokenContract.class) to remove this warning. {}
[WARN ] 2022-07-21T11:04:38,028Z [Test worker] contracts.TransactionState. - State class com.bootcamp.states.TokenState is not annotated with @BelongsToContract, and does not have an enclosing class which implements Contract. Annotate TokenState with @BelongsToContract(com.bootcamp.contracts.TokenContract.class) to remove this warning. {}
[ERROR] 2022-07-21T11:04:38,028Z [Test worker] internal.Verifier. - Error validating transaction 07DC4C7B9AA7BDAD9149038DF073D649CC9B84E838104995FE69165CAB5948EB. {}
java.lang.IllegalArgumentException: Positive amount expected
	at com.bootcamp.contracts.TokenContract.verify(TokenContract.java:39) ~[main/:?]
	at net.corda.core.internal.ContractVerifier.apply(TransactionVerifierServiceInternal.kt:434) ~[corda-core-4.8.5.jar:?]
	at net.corda.core.internal.BasicVerifier.verifyContracts(TransactionVerifierServiceInternal.kt:386) ~[corda-core-4.8.5.jar:?]
	at net.corda.core.internal.Verifier.verify(TransactionVerifierServiceInternal.kt:72) ~[corda-core-4.8.5.jar:?]
	at net.corda.core.transactions.LedgerTransaction.verify(LedgerTransaction.kt:239) ~[corda-core-4.8.5.jar:?]
	at net.corda.core.transactions.TransactionBuilder.addMissingDependency(TransactionBuilder.kt:248) ~[corda-core-4.8.5.jar:?]
	at net.corda.core.transactions.TransactionBuilder.toWireTransactionWithContext(TransactionBuilder.kt:228) ~[corda-core-4.8.5.jar:?]
	at net.corda.core.transactions.TransactionBuilder.toWireTransactionWithContext$core(TransactionBuilder.kt:186) ~[corda-core-4.8.5.jar:?]
	at net.corda.core.transactions.TransactionBuilder.toWireTransaction(TransactionBuilder.kt:144) ~[corda-core-4.8.5.jar:?]
	at net.corda.testing.dsl.TestTransactionDSLInterpreter.toWireTransaction$test_utils(TestDSL.kt:146) ~[corda-test-utils-4.8.5.jar:?]
	at net.corda.testing.dsl.TestTransactionDSLInterpreter.verifies(TestDSL.kt:190) ~[corda-test-utils-4.8.5.jar:?]
	at net.corda.testing.dsl.Verifies$DefaultImpls.failsWith(LedgerDSLInterpreter.kt:45) ~[corda-test-utils-4.8.5.jar:?]
	at net.corda.testing.dsl.TransactionDSLInterpreter$DefaultImpls.failsWith(TransactionDSLInterpreter.kt) ~[corda-test-utils-4.8.5.jar:?]
	at net.corda.testing.dsl.TestTransactionDSLInterpreter.failsWith(TestDSL.kt:80) ~[corda-test-utils-4.8.5.jar:?]
	at net.corda.testing.dsl.Verifies$DefaultImpls.fails(LedgerDSLInterpreter.kt:75) ~[corda-test-utils-4.8.5.jar:?]
	at net.corda.testing.dsl.TransactionDSLInterpreter$DefaultImpls.fails(TransactionDSLInterpreter.kt) ~[corda-test-utils-4.8.5.jar:?]
	at net.corda.testing.dsl.TestTransactionDSLInterpreter.fails(TestDSL.kt:80) ~[corda-test-utils-4.8.5.jar:?]
	at net.corda.testing.dsl.TransactionDSL.fails(TransactionDSLInterpreter.kt) ~[corda-test-utils-4.8.5.jar:?]
	at com.bootcamp.contracts.ContractTests.lambda$tokenContractRequiresTheTransactionsOutputToHaveAPositiveAmount$9(ContractTests.java:126) ~[test/:?]
	at net.corda.testing.node.NodeTestUtils$transaction$1.invoke(NodeTestUtils.kt:54) ~[corda-node-driver-4.8.5.jar:?]
	at net.corda.testing.node.NodeTestUtils$transaction$1.invoke(NodeTestUtils.kt) ~[corda-node-driver-4.8.5.jar:?]
	at net.corda.testing.node.NodeTestUtils$ledger$2.invoke(NodeTestUtils.kt:39) ~[corda-node-driver-4.8.5.jar:?]
	at net.corda.testing.node.NodeTestUtils$ledger$2.invoke(NodeTestUtils.kt) ~[corda-node-driver-4.8.5.jar:?]
	at net.corda.testing.internal.InternalTestUtilsKt$withTestSerializationEnvIfNotSet$1.invoke(InternalTestUtils.kt:241) ~[corda-test-utils-4.8.5.jar:?]
	at net.corda.testing.internal.InternalTestUtilsKt$withTestSerializationEnvIfNotSet$1.invoke(InternalTestUtils.kt) ~[corda-test-utils-4.8.5.jar:?]
	at net.corda.testing.common.internal.CommonSerializationTestHelpersKt.asContextEnv(CommonSerializationTestHelpers.kt:19) ~[corda-test-common-4.8.5.jar:?]
	at net.corda.coretesting.internal.InternalSerializationTestHelpersKt.asTestContextEnv(InternalSerializationTestHelpers.kt:70) ~[corda-core-test-utils-4.8.5.jar:?]
	at net.corda.testing.internal.InternalTestUtilsKt.withTestSerializationEnvIfNotSet(InternalTestUtils.kt:241) ~[corda-test-utils-4.8.5.jar:?]
	at net.corda.testing.node.NodeTestUtils.ledger(NodeTestUtils.kt:36) ~[corda-node-driver-4.8.5.jar:?]
	at net.corda.testing.node.NodeTestUtils.transaction(NodeTestUtils.kt:53) ~[corda-node-driver-4.8.5.jar:?]
	at net.corda.testing.node.NodeTestUtils.transaction$default(NodeTestUtils.kt:51) ~[corda-node-driver-4.8.5.jar:?]
	at net.corda.testing.node.NodeTestUtils.transaction(NodeTestUtils.kt) ~[corda-node-driver-4.8.5.jar:?]
	at com.bootcamp.contracts.ContractTests.tokenContractRequiresTheTransactionsOutputToHaveAPositiveAmount(ContractTests.java:122) ~[test/:?]
	at sun.reflect.NativeMethodAccessorImpl.invoke0(Native Method) ~[?:1.8.0_332]
	at sun.reflect.NativeMethodAccessorImpl.invoke(NativeMethodAccessorImpl.java:62) ~[?:1.8.0_332]
	at sun.reflect.DelegatingMethodAccessorImpl.invoke(DelegatingMethodAccessorImpl.java:43) ~[?:1.8.0_332]
	at java.lang.reflect.Method.invoke(Method.java:498) ~[?:1.8.0_332]
	at org.junit.runners.model.FrameworkMethod$1.runReflectiveCall(FrameworkMethod.java:50) ~[junit-4.12.jar:4.12]
	at org.junit.internal.runners.model.ReflectiveCallable.run(ReflectiveCallable.java:12) ~[junit-4.12.jar:4.12]
	at org.junit.runners.model.FrameworkMethod.invokeExplosively(FrameworkMethod.java:47) ~[junit-4.12.jar:4.12]
	at org.junit.internal.runners.statements.InvokeMethod.evaluate(InvokeMethod.java:17) ~[junit-4.12.jar:4.12]
	at org.junit.runners.ParentRunner.runLeaf(ParentRunner.java:325) ~[junit-4.12.jar:4.12]
	at org.junit.runners.BlockJUnit4ClassRunner.runChild(BlockJUnit4ClassRunner.java:78) ~[junit-4.12.jar:4.12]
	at org.junit.runners.BlockJUnit4ClassRunner.runChild(BlockJUnit4ClassRunner.java:57) ~[junit-4.12.jar:4.12]
	at org.junit.runners.ParentRunner$3.run(ParentRunner.java:290) ~[junit-4.12.jar:4.12]
	at org.junit.runners.ParentRunner$1.schedule(ParentRunner.java:71) ~[junit-4.12.jar:4.12]
	at org.junit.runners.ParentRunner.runChildren(ParentRunner.java:288) ~[junit-4.12.jar:4.12]
	at org.junit.runners.ParentRunner.access$000(ParentRunner.java:58) ~[junit-4.12.jar:4.12]
	at org.junit.runners.ParentRunner$2.evaluate(ParentRunner.java:268) ~[junit-4.12.jar:4.12]
	at org.junit.runners.ParentRunner.run(ParentRunner.java:363) ~[junit-4.12.jar:4.12]
	at org.gradle.api.internal.tasks.testing.junit.JUnitTestClassExecutor.runTestClass(JUnitTestClassExecutor.java:110) ~[?:?]
	at org.gradle.api.internal.tasks.testing.junit.JUnitTestClassExecutor.execute(JUnitTestClassExecutor.java:58) ~[?:?]
	at org.gradle.api.internal.tasks.testing.junit.JUnitTestClassExecutor.execute(JUnitTestClassExecutor.java:38) ~[?:?]
	at org.gradle.api.internal.tasks.testing.junit.AbstractJUnitTestClassProcessor.processTestClass(AbstractJUnitTestClassProcessor.java:62) ~[?:?]
	at org.gradle.api.internal.tasks.testing.SuiteTestClassProcessor.processTestClass(SuiteTestClassProcessor.java:51) ~[?:?]
	at sun.reflect.NativeMethodAccessorImpl.invoke0(Native Method) ~[?:1.8.0_332]
	at sun.reflect.NativeMethodAccessorImpl.invoke(NativeMethodAccessorImpl.java:62) ~[?:1.8.0_332]
	at sun.reflect.DelegatingMethodAccessorImpl.invoke(DelegatingMethodAccessorImpl.java:43) ~[?:1.8.0_332]
	at java.lang.reflect.Method.invoke(Method.java:498) ~[?:1.8.0_332]
	at org.gradle.internal.dispatch.ReflectionDispatch.dispatch(ReflectionDispatch.java:36) ~[gradle-tooling-api-5.6.4.jar:5.6.4]
	at org.gradle.internal.dispatch.ReflectionDispatch.dispatch(ReflectionDispatch.java:24) ~[gradle-tooling-api-5.6.4.jar:5.6.4]
	at org.gradle.internal.dispatch.ContextClassLoaderDispatch.dispatch(ContextClassLoaderDispatch.java:33) ~[?:?]
	at org.gradle.internal.dispatch.ProxyDispatchAdapter$DispatchingInvocationHandler.invoke(ProxyDispatchAdapter.java:94) ~[gradle-tooling-api-5.6.4.jar:5.6.4]
	at com.sun.proxy.$Proxy2.processTestClass(Unknown Source) ~[?:?]
	at org.gradle.api.internal.tasks.testing.worker.TestWorker.processTestClass(TestWorker.java:118) ~[?:?]
	at sun.reflect.NativeMethodAccessorImpl.invoke0(Native Method) ~[?:1.8.0_332]
	at sun.reflect.NativeMethodAccessorImpl.invoke(NativeMethodAccessorImpl.java:62) ~[?:1.8.0_332]
	at sun.reflect.DelegatingMethodAccessorImpl.invoke(DelegatingMethodAccessorImpl.java:43) ~[?:1.8.0_332]
	at java.lang.reflect.Method.invoke(Method.java:498) ~[?:1.8.0_332]
	at org.gradle.internal.dispatch.ReflectionDispatch.dispatch(ReflectionDispatch.java:36) ~[gradle-tooling-api-5.6.4.jar:5.6.4]
	at org.gradle.internal.dispatch.ReflectionDispatch.dispatch(ReflectionDispatch.java:24) ~[gradle-tooling-api-5.6.4.jar:5.6.4]
	at org.gradle.internal.remote.internal.hub.MessageHubBackedObjectConnection$DispatchWrapper.dispatch(MessageHubBackedObjectConnection.java:182) ~[?:?]
	at org.gradle.internal.remote.internal.hub.MessageHubBackedObjectConnection$DispatchWrapper.dispatch(MessageHubBackedObjectConnection.java:164) ~[?:?]
	at org.gradle.internal.remote.internal.hub.MessageHub$Handler.run(MessageHub.java:412) ~[?:?]
	at org.gradle.internal.concurrent.ExecutorPolicy$CatchAndRecordFailures.onExecute(ExecutorPolicy.java:64) ~[gradle-tooling-api-5.6.4.jar:5.6.4]
	at org.gradle.internal.concurrent.ManagedExecutorImpl$1.run(ManagedExecutorImpl.java:48) ~[gradle-tooling-api-5.6.4.jar:5.6.4]
	at java.util.concurrent.ThreadPoolExecutor.runWorker(ThreadPoolExecutor.java:1149) ~[?:1.8.0_332]
	at java.util.concurrent.ThreadPoolExecutor$Worker.run(ThreadPoolExecutor.java:624) ~[?:1.8.0_332]
	at org.gradle.internal.concurrent.ThreadFactoryImpl$ManagedThreadRunnable.run(ThreadFactoryImpl.java:56) ~[gradle-tooling-api-5.6.4.jar:5.6.4]
	at java.lang.Thread.run(Thread.java:750) [?:1.8.0_332]
[WARN ] 2022-07-21T11:04:38,029Z [Test worker] contracts.TransactionState. - State class com.bootcamp.states.TokenState is not annotated with @BelongsToContract, and does not have an enclosing class which implements Contract. Annotate TokenState with @BelongsToContract(com.bootcamp.contracts.TokenContract.class) to remove this warning. {}
[ERROR] 2022-07-21T11:04:38,029Z [Test worker] internal.Verifier. - Error validating transaction 07DC4C7B9AA7BDAD9149038DF073D649CC9B84E838104995FE69165CAB5948EB. {}
java.lang.IllegalArgumentException: Positive amount expected
	at com.bootcamp.contracts.TokenContract.verify(TokenContract.java:39) ~[main/:?]
	at net.corda.core.internal.ContractVerifier.apply(TransactionVerifierServiceInternal.kt:434) ~[corda-core-4.8.5.jar:?]
	at net.corda.core.internal.BasicVerifier.verifyContracts(TransactionVerifierServiceInternal.kt:386) ~[corda-core-4.8.5.jar:?]
	at net.corda.core.internal.Verifier.verify(TransactionVerifierServiceInternal.kt:72) ~[corda-core-4.8.5.jar:?]
	at net.corda.core.transactions.LedgerTransaction.verify(LedgerTransaction.kt:239) ~[corda-core-4.8.5.jar:?]
	at net.corda.testing.dsl.TestTransactionDSLInterpreter.verifies(TestDSL.kt:190) ~[corda-test-utils-4.8.5.jar:?]
	at net.corda.testing.dsl.Verifies$DefaultImpls.failsWith(LedgerDSLInterpreter.kt:45) ~[corda-test-utils-4.8.5.jar:?]
	at net.corda.testing.dsl.TransactionDSLInterpreter$DefaultImpls.failsWith(TransactionDSLInterpreter.kt) ~[corda-test-utils-4.8.5.jar:?]
	at net.corda.testing.dsl.TestTransactionDSLInterpreter.failsWith(TestDSL.kt:80) ~[corda-test-utils-4.8.5.jar:?]
	at net.corda.testing.dsl.Verifies$DefaultImpls.fails(LedgerDSLInterpreter.kt:75) ~[corda-test-utils-4.8.5.jar:?]
	at net.corda.testing.dsl.TransactionDSLInterpreter$DefaultImpls.fails(TransactionDSLInterpreter.kt) ~[corda-test-utils-4.8.5.jar:?]
	at net.corda.testing.dsl.TestTransactionDSLInterpreter.fails(TestDSL.kt:80) ~[corda-test-utils-4.8.5.jar:?]
	at net.corda.testing.dsl.TransactionDSL.fails(TransactionDSLInterpreter.kt) ~[corda-test-utils-4.8.5.jar:?]
	at com.bootcamp.contracts.ContractTests.lambda$tokenContractRequiresTheTransactionsOutputToHaveAPositiveAmount$9(ContractTests.java:126) ~[test/:?]
	at net.corda.testing.node.NodeTestUtils$transaction$1.invoke(NodeTestUtils.kt:54) ~[corda-node-driver-4.8.5.jar:?]
	at net.corda.testing.node.NodeTestUtils$transaction$1.invoke(NodeTestUtils.kt) ~[corda-node-driver-4.8.5.jar:?]
	at net.corda.testing.node.NodeTestUtils$ledger$2.invoke(NodeTestUtils.kt:39) ~[corda-node-driver-4.8.5.jar:?]
	at net.corda.testing.node.NodeTestUtils$ledger$2.invoke(NodeTestUtils.kt) ~[corda-node-driver-4.8.5.jar:?]
	at net.corda.testing.internal.InternalTestUtilsKt$withTestSerializationEnvIfNotSet$1.invoke(InternalTestUtils.kt:241) ~[corda-test-utils-4.8.5.jar:?]
	at net.corda.testing.internal.InternalTestUtilsKt$withTestSerializationEnvIfNotSet$1.invoke(InternalTestUtils.kt) ~[corda-test-utils-4.8.5.jar:?]
	at net.corda.testing.common.internal.CommonSerializationTestHelpersKt.asContextEnv(CommonSerializationTestHelpers.kt:19) ~[corda-test-common-4.8.5.jar:?]
	at net.corda.coretesting.internal.InternalSerializationTestHelpersKt.asTestContextEnv(InternalSerializationTestHelpers.kt:70) ~[corda-core-test-utils-4.8.5.jar:?]
	at net.corda.testing.internal.InternalTestUtilsKt.withTestSerializationEnvIfNotSet(InternalTestUtils.kt:241) ~[corda-test-utils-4.8.5.jar:?]
	at net.corda.testing.node.NodeTestUtils.ledger(NodeTestUtils.kt:36) ~[corda-node-driver-4.8.5.jar:?]
	at net.corda.testing.node.NodeTestUtils.transaction(NodeTestUtils.kt:53) ~[corda-node-driver-4.8.5.jar:?]
	at net.corda.testing.node.NodeTestUtils.transaction$default(NodeTestUtils.kt:51) ~[corda-node-driver-4.8.5.jar:?]
	at net.corda.testing.node.NodeTestUtils.transaction(NodeTestUtils.kt) ~[corda-node-driver-4.8.5.jar:?]
	at com.bootcamp.contracts.ContractTests.tokenContractRequiresTheTransactionsOutputToHaveAPositiveAmount(ContractTests.java:122) ~[test/:?]
	at sun.reflect.NativeMethodAccessorImpl.invoke0(Native Method) ~[?:1.8.0_332]
	at sun.reflect.NativeMethodAccessorImpl.invoke(NativeMethodAccessorImpl.java:62) ~[?:1.8.0_332]
	at sun.reflect.DelegatingMethodAccessorImpl.invoke(DelegatingMethodAccessorImpl.java:43) ~[?:1.8.0_332]
	at java.lang.reflect.Method.invoke(Method.java:498) ~[?:1.8.0_332]
	at org.junit.runners.model.FrameworkMethod$1.runReflectiveCall(FrameworkMethod.java:50) ~[junit-4.12.jar:4.12]
	at org.junit.internal.runners.model.ReflectiveCallable.run(ReflectiveCallable.java:12) ~[junit-4.12.jar:4.12]
	at org.junit.runners.model.FrameworkMethod.invokeExplosively(FrameworkMethod.java:47) ~[junit-4.12.jar:4.12]
	at org.junit.internal.runners.statements.InvokeMethod.evaluate(InvokeMethod.java:17) ~[junit-4.12.jar:4.12]
	at org.junit.runners.ParentRunner.runLeaf(ParentRunner.java:325) ~[junit-4.12.jar:4.12]
	at org.junit.runners.BlockJUnit4ClassRunner.runChild(BlockJUnit4ClassRunner.java:78) ~[junit-4.12.jar:4.12]
	at org.junit.runners.BlockJUnit4ClassRunner.runChild(BlockJUnit4ClassRunner.java:57) ~[junit-4.12.jar:4.12]
	at org.junit.runners.ParentRunner$3.run(ParentRunner.java:290) ~[junit-4.12.jar:4.12]
	at org.junit.runners.ParentRunner$1.schedule(ParentRunner.java:71) ~[junit-4.12.jar:4.12]
	at org.junit.runners.ParentRunner.runChildren(ParentRunner.java:288) ~[junit-4.12.jar:4.12]
	at org.junit.runners.ParentRunner.access$000(ParentRunner.java:58) ~[junit-4.12.jar:4.12]
	at org.junit.runners.ParentRunner$2.evaluate(ParentRunner.java:268) ~[junit-4.12.jar:4.12]
	at org.junit.runners.ParentRunner.run(ParentRunner.java:363) ~[junit-4.12.jar:4.12]
	at org.gradle.api.internal.tasks.testing.junit.JUnitTestClassExecutor.runTestClass(JUnitTestClassExecutor.java:110) ~[?:?]
	at org.gradle.api.internal.tasks.testing.junit.JUnitTestClassExecutor.execute(JUnitTestClassExecutor.java:58) ~[?:?]
	at org.gradle.api.internal.tasks.testing.junit.JUnitTestClassExecutor.execute(JUnitTestClassExecutor.java:38) ~[?:?]
	at org.gradle.api.internal.tasks.testing.junit.AbstractJUnitTestClassProcessor.processTestClass(AbstractJUnitTestClassProcessor.java:62) ~[?:?]
	at org.gradle.api.internal.tasks.testing.SuiteTestClassProcessor.processTestClass(SuiteTestClassProcessor.java:51) ~[?:?]
	at sun.reflect.NativeMethodAccessorImpl.invoke0(Native Method) ~[?:1.8.0_332]
	at sun.reflect.NativeMethodAccessorImpl.invoke(NativeMethodAccessorImpl.java:62) ~[?:1.8.0_332]
	at sun.reflect.DelegatingMethodAccessorImpl.invoke(DelegatingMethodAccessorImpl.java:43) ~[?:1.8.0_332]
	at java.lang.reflect.Method.invoke(Method.java:498) ~[?:1.8.0_332]
	at org.gradle.internal.dispatch.ReflectionDispatch.dispatch(ReflectionDispatch.java:36) ~[gradle-tooling-api-5.6.4.jar:5.6.4]
	at org.gradle.internal.dispatch.ReflectionDispatch.dispatch(ReflectionDispatch.java:24) ~[gradle-tooling-api-5.6.4.jar:5.6.4]
	at org.gradle.internal.dispatch.ContextClassLoaderDispatch.dispatch(ContextClassLoaderDispatch.java:33) ~[?:?]
	at org.gradle.internal.dispatch.ProxyDispatchAdapter$DispatchingInvocationHandler.invoke(ProxyDispatchAdapter.java:94) ~[gradle-tooling-api-5.6.4.jar:5.6.4]
	at com.sun.proxy.$Proxy2.processTestClass(Unknown Source) ~[?:?]
	at org.gradle.api.internal.tasks.testing.worker.TestWorker.processTestClass(TestWorker.java:118) ~[?:?]
	at sun.reflect.NativeMethodAccessorImpl.invoke0(Native Method) ~[?:1.8.0_332]
	at sun.reflect.NativeMethodAccessorImpl.invoke(NativeMethodAccessorImpl.java:62) ~[?:1.8.0_332]
	at sun.reflect.DelegatingMethodAccessorImpl.invoke(DelegatingMethodAccessorImpl.java:43) ~[?:1.8.0_332]
	at java.lang.reflect.Method.invoke(Method.java:498) ~[?:1.8.0_332]
	at org.gradle.internal.dispatch.ReflectionDispatch.dispatch(ReflectionDispatch.java:36) ~[gradle-tooling-api-5.6.4.jar:5.6.4]
	at org.gradle.internal.dispatch.ReflectionDispatch.dispatch(ReflectionDispatch.java:24) ~[gradle-tooling-api-5.6.4.jar:5.6.4]
	at org.gradle.internal.remote.internal.hub.MessageHubBackedObjectConnection$DispatchWrapper.dispatch(MessageHubBackedObjectConnection.java:182) ~[?:?]
	at org.gradle.internal.remote.internal.hub.MessageHubBackedObjectConnection$DispatchWrapper.dispatch(MessageHubBackedObjectConnection.java:164) ~[?:?]
	at org.gradle.internal.remote.internal.hub.MessageHub$Handler.run(MessageHub.java:412) ~[?:?]
	at org.gradle.internal.concurrent.ExecutorPolicy$CatchAndRecordFailures.onExecute(ExecutorPolicy.java:64) ~[gradle-tooling-api-5.6.4.jar:5.6.4]
	at org.gradle.internal.concurrent.ManagedExecutorImpl$1.run(ManagedExecutorImpl.java:48) ~[gradle-tooling-api-5.6.4.jar:5.6.4]
	at java.util.concurrent.ThreadPoolExecutor.runWorker(ThreadPoolExecutor.java:1149) ~[?:1.8.0_332]
	at java.util.concurrent.ThreadPoolExecutor$Worker.run(ThreadPoolExecutor.java:624) ~[?:1.8.0_332]
	at org.gradle.internal.concurrent.ThreadFactoryImpl$ManagedThreadRunnable.run(ThreadFactoryImpl.java:56) ~[gradle-tooling-api-5.6.4.jar:5.6.4]
	at java.lang.Thread.run(Thread.java:750) [?:1.8.0_332]
[WARN ] 2022-07-21T11:04:38,048Z [Test worker] contracts.TransactionState. - State class com.bootcamp.states.TokenState is not annotated with @BelongsToContract, and does not have an enclosing class which implements Contract. Annotate TokenState with @BelongsToContract(com.bootcamp.contracts.TokenContract.class) to remove this warning. {}
[WARN ] 2022-07-21T11:04:38,048Z [Test worker] contracts.TransactionState. - State class com.bootcamp.states.TokenState is not annotated with @BelongsToContract, and does not have an enclosing class which implements Contract. Annotate TokenState with @BelongsToContract(com.bootcamp.contracts.TokenContract.class) to remove this warning. {}
[WARN ] 2022-07-21T11:04:38,081Z [Test worker] contracts.TransactionState. - State class com.bootcamp.states.TokenState is not annotated with @BelongsToContract, and does not have an enclosing class which implements Contract. Annotate TokenState with @BelongsToContract(com.bootcamp.contracts.TokenContract.class) to remove this warning. {}
[WARN ] 2022-07-21T11:04:38,082Z [Test worker] contracts.TransactionState. - State class com.bootcamp.states.TokenState is not annotated with @BelongsToContract, and does not have an enclosing class which implements Contract. Annotate TokenState with @BelongsToContract(com.bootcamp.contracts.TokenContract.class) to remove this warning. {}
[WARN ] 2022-07-21T11:04:38,094Z [Test worker] contracts.TransactionState. - State class com.bootcamp.states.TokenState is not annotated with @BelongsToContract, and does not have an enclosing class which implements Contract. Annotate TokenState with @BelongsToContract(com.bootcamp.contracts.TokenContract.class) to remove this warning. {}
[WARN ] 2022-07-21T11:04:38,094Z [Test worker] contracts.TransactionState. - State class com.bootcamp.states.TokenState is not annotated with @BelongsToContract, and does not have an enclosing class which implements Contract. Annotate TokenState with @BelongsToContract(com.bootcamp.contracts.TokenContract.class) to remove this warning. {}
[WARN ] 2022-07-21T11:04:38,115Z [Test worker] contracts.TransactionState. - State class com.bootcamp.states.TokenState is not annotated with @BelongsToContract, and does not have an enclosing class which implements Contract. Annotate TokenState with @BelongsToContract(com.bootcamp.contracts.TokenContract.class) to remove this warning. {}
[WARN ] 2022-07-21T11:04:38,115Z [Test worker] contracts.TransactionState. - State class com.bootcamp.states.TokenState is not annotated with @BelongsToContract, and does not have an enclosing class which implements Contract. Annotate TokenState with @BelongsToContract(com.bootcamp.contracts.TokenContract.class) to remove this warning. {}
[INFO ] 2022-07-21T11:04:38,116Z [Test worker] cordapp.JarScanningCordappLoader. - Loading CorDapps from RestrictedURL(url=file:/Users/karthik/Infosys/corda/bootcamp-cordapp/contracts/build/generated-custom-cordapps/20220721-110436.346-A99E223C0E1041A1/custom-cordapp_1_10_4f09f137-f761-4162-b8aa-9eb14d1c5b01.jar, rootPackageName=null) {}
[INFO ] 2022-07-21T11:04:38,116Z [Test worker] cordapp.JarScanningCordappLoader. - Scanning CorDapp in file:/Users/karthik/Infosys/corda/bootcamp-cordapp/contracts/build/generated-custom-cordapps/20220721-110436.346-A99E223C0E1041A1/custom-cordapp_1_10_4f09f137-f761-4162-b8aa-9eb14d1c5b01.jar {}
[WARN ] 2022-07-21T11:04:38,147Z [Test worker] contracts.TransactionState. - State class com.bootcamp.states.TokenState is not annotated with @BelongsToContract, and does not have an enclosing class which implements Contract. Annotate TokenState with @BelongsToContract(com.bootcamp.contracts.TokenContract.class) to remove this warning. {}
[WARN ] 2022-07-21T11:04:38,147Z [Test worker] contracts.AttachmentConstraint. - Found state com.bootcamp.contracts.TokenContract that is constrained by the insecure: AlwaysAcceptAttachmentConstraint. {}
[WARN ] 2022-07-21T11:04:38,158Z [Test worker] contracts.TransactionState. - State class com.bootcamp.states.TokenState is not annotated with @BelongsToContract, and does not have an enclosing class which implements Contract. Annotate TokenState with @BelongsToContract(com.bootcamp.contracts.TokenContract.class) to remove this warning. {}
[ERROR] 2022-07-21T11:04:38,159Z [Test worker] internal.Verifier. - Error validating transaction D5AE5159AA18FBE64F82AE257BA707BD77FCEC7FDCEB70C48C291ED57C5031FC. {}
java.lang.IllegalArgumentException: Issue command expected
	at com.bootcamp.contracts.TokenContract.verify(TokenContract.java:34) ~[main/:?]
	at net.corda.core.internal.ContractVerifier.apply(TransactionVerifierServiceInternal.kt:434) ~[corda-core-4.8.5.jar:?]
	at net.corda.core.internal.BasicVerifier.verifyContracts(TransactionVerifierServiceInternal.kt:386) ~[corda-core-4.8.5.jar:?]
	at net.corda.core.internal.Verifier.verify(TransactionVerifierServiceInternal.kt:72) ~[corda-core-4.8.5.jar:?]
	at net.corda.core.transactions.LedgerTransaction.verify(LedgerTransaction.kt:239) ~[corda-core-4.8.5.jar:?]
	at net.corda.core.transactions.TransactionBuilder.addMissingDependency(TransactionBuilder.kt:248) ~[corda-core-4.8.5.jar:?]
	at net.corda.core.transactions.TransactionBuilder.toWireTransactionWithContext(TransactionBuilder.kt:228) ~[corda-core-4.8.5.jar:?]
	at net.corda.core.transactions.TransactionBuilder.toWireTransactionWithContext$core(TransactionBuilder.kt:186) ~[corda-core-4.8.5.jar:?]
	at net.corda.core.transactions.TransactionBuilder.toWireTransaction(TransactionBuilder.kt:144) ~[corda-core-4.8.5.jar:?]
	at net.corda.testing.dsl.TestTransactionDSLInterpreter.toWireTransaction$test_utils(TestDSL.kt:146) ~[corda-test-utils-4.8.5.jar:?]
	at net.corda.testing.dsl.TestLedgerDSLInterpreter.recordTransactionWithTransactionMap(TestDSL.kt:313) ~[corda-test-utils-4.8.5.jar:?]
	at net.corda.testing.dsl.TestLedgerDSLInterpreter._unverifiedTransaction(TestDSL.kt:351) ~[corda-test-utils-4.8.5.jar:?]
	at net.corda.testing.dsl.TransactionDSL.input(TransactionDSLInterpreter.kt:150) ~[corda-test-utils-4.8.5.jar:?]
	at com.bootcamp.contracts.ContractTests.lambda$tokenContractRequiresZeroInputsInTheTransaction$0(ContractTests.java:33) ~[test/:?]
	at net.corda.testing.node.NodeTestUtils$transaction$1.invoke(NodeTestUtils.kt:54) ~[corda-node-driver-4.8.5.jar:?]
	at net.corda.testing.node.NodeTestUtils$transaction$1.invoke(NodeTestUtils.kt) ~[corda-node-driver-4.8.5.jar:?]
	at net.corda.testing.node.NodeTestUtils$ledger$2.invoke(NodeTestUtils.kt:39) ~[corda-node-driver-4.8.5.jar:?]
	at net.corda.testing.node.NodeTestUtils$ledger$2.invoke(NodeTestUtils.kt) ~[corda-node-driver-4.8.5.jar:?]
	at net.corda.testing.internal.InternalTestUtilsKt$withTestSerializationEnvIfNotSet$1.invoke(InternalTestUtils.kt:241) ~[corda-test-utils-4.8.5.jar:?]
	at net.corda.testing.internal.InternalTestUtilsKt$withTestSerializationEnvIfNotSet$1.invoke(InternalTestUtils.kt) ~[corda-test-utils-4.8.5.jar:?]
	at net.corda.testing.common.internal.CommonSerializationTestHelpersKt.asContextEnv(CommonSerializationTestHelpers.kt:19) ~[corda-test-common-4.8.5.jar:?]
	at net.corda.coretesting.internal.InternalSerializationTestHelpersKt.asTestContextEnv(InternalSerializationTestHelpers.kt:70) ~[corda-core-test-utils-4.8.5.jar:?]
	at net.corda.testing.internal.InternalTestUtilsKt.withTestSerializationEnvIfNotSet(InternalTestUtils.kt:241) ~[corda-test-utils-4.8.5.jar:?]
	at net.corda.testing.node.NodeTestUtils.ledger(NodeTestUtils.kt:36) ~[corda-node-driver-4.8.5.jar:?]
	at net.corda.testing.node.NodeTestUtils.transaction(NodeTestUtils.kt:53) ~[corda-node-driver-4.8.5.jar:?]
	at net.corda.testing.node.NodeTestUtils.transaction$default(NodeTestUtils.kt:51) ~[corda-node-driver-4.8.5.jar:?]
	at net.corda.testing.node.NodeTestUtils.transaction(NodeTestUtils.kt) ~[corda-node-driver-4.8.5.jar:?]
	at com.bootcamp.contracts.ContractTests.tokenContractRequiresZeroInputsInTheTransaction(ContractTests.java:31) ~[test/:?]
	at sun.reflect.NativeMethodAccessorImpl.invoke0(Native Method) ~[?:1.8.0_332]
	at sun.reflect.NativeMethodAccessorImpl.invoke(NativeMethodAccessorImpl.java:62) ~[?:1.8.0_332]
	at sun.reflect.DelegatingMethodAccessorImpl.invoke(DelegatingMethodAccessorImpl.java:43) ~[?:1.8.0_332]
	at java.lang.reflect.Method.invoke(Method.java:498) ~[?:1.8.0_332]
	at org.junit.runners.model.FrameworkMethod$1.runReflectiveCall(FrameworkMethod.java:50) ~[junit-4.12.jar:4.12]
	at org.junit.internal.runners.model.ReflectiveCallable.run(ReflectiveCallable.java:12) ~[junit-4.12.jar:4.12]
	at org.junit.runners.model.FrameworkMethod.invokeExplosively(FrameworkMethod.java:47) ~[junit-4.12.jar:4.12]
	at org.junit.internal.runners.statements.InvokeMethod.evaluate(InvokeMethod.java:17) ~[junit-4.12.jar:4.12]
	at org.junit.runners.ParentRunner.runLeaf(ParentRunner.java:325) ~[junit-4.12.jar:4.12]
	at org.junit.runners.BlockJUnit4ClassRunner.runChild(BlockJUnit4ClassRunner.java:78) ~[junit-4.12.jar:4.12]
	at org.junit.runners.BlockJUnit4ClassRunner.runChild(BlockJUnit4ClassRunner.java:57) ~[junit-4.12.jar:4.12]
	at org.junit.runners.ParentRunner$3.run(ParentRunner.java:290) ~[junit-4.12.jar:4.12]
	at org.junit.runners.ParentRunner$1.schedule(ParentRunner.java:71) ~[junit-4.12.jar:4.12]
	at org.junit.runners.ParentRunner.runChildren(ParentRunner.java:288) ~[junit-4.12.jar:4.12]
	at org.junit.runners.ParentRunner.access$000(ParentRunner.java:58) ~[junit-4.12.jar:4.12]
	at org.junit.runners.ParentRunner$2.evaluate(ParentRunner.java:268) ~[junit-4.12.jar:4.12]
	at org.junit.runners.ParentRunner.run(ParentRunner.java:363) ~[junit-4.12.jar:4.12]
	at org.gradle.api.internal.tasks.testing.junit.JUnitTestClassExecutor.runTestClass(JUnitTestClassExecutor.java:110) ~[?:?]
	at org.gradle.api.internal.tasks.testing.junit.JUnitTestClassExecutor.execute(JUnitTestClassExecutor.java:58) ~[?:?]
	at org.gradle.api.internal.tasks.testing.junit.JUnitTestClassExecutor.execute(JUnitTestClassExecutor.java:38) ~[?:?]
	at org.gradle.api.internal.tasks.testing.junit.AbstractJUnitTestClassProcessor.processTestClass(AbstractJUnitTestClassProcessor.java:62) ~[?:?]
	at org.gradle.api.internal.tasks.testing.SuiteTestClassProcessor.processTestClass(SuiteTestClassProcessor.java:51) ~[?:?]
	at sun.reflect.NativeMethodAccessorImpl.invoke0(Native Method) ~[?:1.8.0_332]
	at sun.reflect.NativeMethodAccessorImpl.invoke(NativeMethodAccessorImpl.java:62) ~[?:1.8.0_332]
	at sun.reflect.DelegatingMethodAccessorImpl.invoke(DelegatingMethodAccessorImpl.java:43) ~[?:1.8.0_332]
	at java.lang.reflect.Method.invoke(Method.java:498) ~[?:1.8.0_332]
	at org.gradle.internal.dispatch.ReflectionDispatch.dispatch(ReflectionDispatch.java:36) ~[gradle-tooling-api-5.6.4.jar:5.6.4]
	at org.gradle.internal.dispatch.ReflectionDispatch.dispatch(ReflectionDispatch.java:24) ~[gradle-tooling-api-5.6.4.jar:5.6.4]
	at org.gradle.internal.dispatch.ContextClassLoaderDispatch.dispatch(ContextClassLoaderDispatch.java:33) ~[?:?]
	at org.gradle.internal.dispatch.ProxyDispatchAdapter$DispatchingInvocationHandler.invoke(ProxyDispatchAdapter.java:94) ~[gradle-tooling-api-5.6.4.jar:5.6.4]
	at com.sun.proxy.$Proxy2.processTestClass(Unknown Source) ~[?:?]
	at org.gradle.api.internal.tasks.testing.worker.TestWorker.processTestClass(TestWorker.java:118) ~[?:?]
	at sun.reflect.NativeMethodAccessorImpl.invoke0(Native Method) ~[?:1.8.0_332]
	at sun.reflect.NativeMethodAccessorImpl.invoke(NativeMethodAccessorImpl.java:62) ~[?:1.8.0_332]
	at sun.reflect.DelegatingMethodAccessorImpl.invoke(DelegatingMethodAccessorImpl.java:43) ~[?:1.8.0_332]
	at java.lang.reflect.Method.invoke(Method.java:498) ~[?:1.8.0_332]
	at org.gradle.internal.dispatch.ReflectionDispatch.dispatch(ReflectionDispatch.java:36) ~[gradle-tooling-api-5.6.4.jar:5.6.4]
	at org.gradle.internal.dispatch.ReflectionDispatch.dispatch(ReflectionDispatch.java:24) ~[gradle-tooling-api-5.6.4.jar:5.6.4]
	at org.gradle.internal.remote.internal.hub.MessageHubBackedObjectConnection$DispatchWrapper.dispatch(MessageHubBackedObjectConnection.java:182) ~[?:?]
	at org.gradle.internal.remote.internal.hub.MessageHubBackedObjectConnection$DispatchWrapper.dispatch(MessageHubBackedObjectConnection.java:164) ~[?:?]
	at org.gradle.internal.remote.internal.hub.MessageHub$Handler.run(MessageHub.java:412) ~[?:?]
	at org.gradle.internal.concurrent.ExecutorPolicy$CatchAndRecordFailures.onExecute(ExecutorPolicy.java:64) ~[gradle-tooling-api-5.6.4.jar:5.6.4]
	at org.gradle.internal.concurrent.ManagedExecutorImpl$1.run(ManagedExecutorImpl.java:48) ~[gradle-tooling-api-5.6.4.jar:5.6.4]
	at java.util.concurrent.ThreadPoolExecutor.runWorker(ThreadPoolExecutor.java:1149) ~[?:1.8.0_332]
	at java.util.concurrent.ThreadPoolExecutor$Worker.run(ThreadPoolExecutor.java:624) ~[?:1.8.0_332]
	at org.gradle.internal.concurrent.ThreadFactoryImpl$ManagedThreadRunnable.run(ThreadFactoryImpl.java:56) ~[gradle-tooling-api-5.6.4.jar:5.6.4]
	at java.lang.Thread.run(Thread.java:750) [?:1.8.0_332]
[WARN ] 2022-07-21T11:04:38,160Z [Test worker] contracts.TransactionState. - State class com.bootcamp.states.TokenState is not annotated with @BelongsToContract, and does not have an enclosing class which implements Contract. Annotate TokenState with @BelongsToContract(com.bootcamp.contracts.TokenContract.class) to remove this warning. {}
[WARN ] 2022-07-21T11:04:38,160Z [Test worker] contracts.TransactionState. - State class com.bootcamp.states.TokenState is not annotated with @BelongsToContract, and does not have an enclosing class which implements Contract. Annotate TokenState with @BelongsToContract(com.bootcamp.contracts.TokenContract.class) to remove this warning. {}
[WARN ] 2022-07-21T11:04:38,216Z [Test worker] contracts.TransactionState. - State class com.bootcamp.states.TokenState is not annotated with @BelongsToContract, and does not have an enclosing class which implements Contract. Annotate TokenState with @BelongsToContract(com.bootcamp.contracts.TokenContract.class) to remove this warning. {}
[WARN ] 2022-07-21T11:04:38,217Z [Test worker] contracts.TransactionState. - State class com.bootcamp.states.TokenState is not annotated with @BelongsToContract, and does not have an enclosing class which implements Contract. Annotate TokenState with @BelongsToContract(com.bootcamp.contracts.TokenContract.class) to remove this warning. {}
[ERROR] 2022-07-21T11:04:38,218Z [Test worker] internal.Verifier. - Error validating transaction 6DE7E9AD25415FCB1AE4FE8AD3CB73180937E09F0BD9A59D271E79892A3676EC. {}
java.lang.IllegalArgumentException: Zero Inputs expected
	at com.bootcamp.contracts.TokenContract.verify(TokenContract.java:22) ~[main/:?]
	at net.corda.core.internal.ContractVerifier.apply(TransactionVerifierServiceInternal.kt:434) ~[corda-core-4.8.5.jar:?]
	at net.corda.core.internal.BasicVerifier.verifyContracts(TransactionVerifierServiceInternal.kt:386) ~[corda-core-4.8.5.jar:?]
	at net.corda.core.internal.Verifier.verify(TransactionVerifierServiceInternal.kt:72) ~[corda-core-4.8.5.jar:?]
	at net.corda.core.transactions.LedgerTransaction.verify(LedgerTransaction.kt:239) ~[corda-core-4.8.5.jar:?]
	at net.corda.core.transactions.TransactionBuilder.addMissingDependency(TransactionBuilder.kt:248) ~[corda-core-4.8.5.jar:?]
	at net.corda.core.transactions.TransactionBuilder.toWireTransactionWithContext(TransactionBuilder.kt:228) ~[corda-core-4.8.5.jar:?]
	at net.corda.core.transactions.TransactionBuilder.toWireTransactionWithContext$core(TransactionBuilder.kt:186) ~[corda-core-4.8.5.jar:?]
	at net.corda.core.transactions.TransactionBuilder.toWireTransaction(TransactionBuilder.kt:144) ~[corda-core-4.8.5.jar:?]
	at net.corda.testing.dsl.TestTransactionDSLInterpreter.toWireTransaction$test_utils(TestDSL.kt:146) ~[corda-test-utils-4.8.5.jar:?]
	at net.corda.testing.dsl.TestTransactionDSLInterpreter.verifies(TestDSL.kt:190) ~[corda-test-utils-4.8.5.jar:?]
	at net.corda.testing.dsl.Verifies$DefaultImpls.failsWith(LedgerDSLInterpreter.kt:45) ~[corda-test-utils-4.8.5.jar:?]
	at net.corda.testing.dsl.TransactionDSLInterpreter$DefaultImpls.failsWith(TransactionDSLInterpreter.kt) ~[corda-test-utils-4.8.5.jar:?]
	at net.corda.testing.dsl.TestTransactionDSLInterpreter.failsWith(TestDSL.kt:80) ~[corda-test-utils-4.8.5.jar:?]
	at net.corda.testing.dsl.Verifies$DefaultImpls.fails(LedgerDSLInterpreter.kt:75) ~[corda-test-utils-4.8.5.jar:?]
	at net.corda.testing.dsl.TransactionDSLInterpreter$DefaultImpls.fails(TransactionDSLInterpreter.kt) ~[corda-test-utils-4.8.5.jar:?]
	at net.corda.testing.dsl.TestTransactionDSLInterpreter.fails(TestDSL.kt:80) ~[corda-test-utils-4.8.5.jar:?]
	at net.corda.testing.dsl.TransactionDSL.fails(TransactionDSLInterpreter.kt) ~[corda-test-utils-4.8.5.jar:?]
	at com.bootcamp.contracts.ContractTests.lambda$tokenContractRequiresZeroInputsInTheTransaction$0(ContractTests.java:36) ~[test/:?]
	at net.corda.testing.node.NodeTestUtils$transaction$1.invoke(NodeTestUtils.kt:54) ~[corda-node-driver-4.8.5.jar:?]
	at net.corda.testing.node.NodeTestUtils$transaction$1.invoke(NodeTestUtils.kt) ~[corda-node-driver-4.8.5.jar:?]
	at net.corda.testing.node.NodeTestUtils$ledger$2.invoke(NodeTestUtils.kt:39) ~[corda-node-driver-4.8.5.jar:?]
	at net.corda.testing.node.NodeTestUtils$ledger$2.invoke(NodeTestUtils.kt) ~[corda-node-driver-4.8.5.jar:?]
	at net.corda.testing.internal.InternalTestUtilsKt$withTestSerializationEnvIfNotSet$1.invoke(InternalTestUtils.kt:241) ~[corda-test-utils-4.8.5.jar:?]
	at net.corda.testing.internal.InternalTestUtilsKt$withTestSerializationEnvIfNotSet$1.invoke(InternalTestUtils.kt) ~[corda-test-utils-4.8.5.jar:?]
	at net.corda.testing.common.internal.CommonSerializationTestHelpersKt.asContextEnv(CommonSerializationTestHelpers.kt:19) ~[corda-test-common-4.8.5.jar:?]
	at net.corda.coretesting.internal.InternalSerializationTestHelpersKt.asTestContextEnv(InternalSerializationTestHelpers.kt:70) ~[corda-core-test-utils-4.8.5.jar:?]
	at net.corda.testing.internal.InternalTestUtilsKt.withTestSerializationEnvIfNotSet(InternalTestUtils.kt:241) ~[corda-test-utils-4.8.5.jar:?]
	at net.corda.testing.node.NodeTestUtils.ledger(NodeTestUtils.kt:36) ~[corda-node-driver-4.8.5.jar:?]
	at net.corda.testing.node.NodeTestUtils.transaction(NodeTestUtils.kt:53) ~[corda-node-driver-4.8.5.jar:?]
	at net.corda.testing.node.NodeTestUtils.transaction$default(NodeTestUtils.kt:51) ~[corda-node-driver-4.8.5.jar:?]
	at net.corda.testing.node.NodeTestUtils.transaction(NodeTestUtils.kt) ~[corda-node-driver-4.8.5.jar:?]
	at com.bootcamp.contracts.ContractTests.tokenContractRequiresZeroInputsInTheTransaction(ContractTests.java:31) ~[test/:?]
	at sun.reflect.NativeMethodAccessorImpl.invoke0(Native Method) ~[?:1.8.0_332]
	at sun.reflect.NativeMethodAccessorImpl.invoke(NativeMethodAccessorImpl.java:62) ~[?:1.8.0_332]
	at sun.reflect.DelegatingMethodAccessorImpl.invoke(DelegatingMethodAccessorImpl.java:43) ~[?:1.8.0_332]
	at java.lang.reflect.Method.invoke(Method.java:498) ~[?:1.8.0_332]
	at org.junit.runners.model.FrameworkMethod$1.runReflectiveCall(FrameworkMethod.java:50) ~[junit-4.12.jar:4.12]
	at org.junit.internal.runners.model.ReflectiveCallable.run(ReflectiveCallable.java:12) ~[junit-4.12.jar:4.12]
	at org.junit.runners.model.FrameworkMethod.invokeExplosively(FrameworkMethod.java:47) ~[junit-4.12.jar:4.12]
	at org.junit.internal.runners.statements.InvokeMethod.evaluate(InvokeMethod.java:17) ~[junit-4.12.jar:4.12]
	at org.junit.runners.ParentRunner.runLeaf(ParentRunner.java:325) ~[junit-4.12.jar:4.12]
	at org.junit.runners.BlockJUnit4ClassRunner.runChild(BlockJUnit4ClassRunner.java:78) ~[junit-4.12.jar:4.12]
	at org.junit.runners.BlockJUnit4ClassRunner.runChild(BlockJUnit4ClassRunner.java:57) ~[junit-4.12.jar:4.12]
	at org.junit.runners.ParentRunner$3.run(ParentRunner.java:290) ~[junit-4.12.jar:4.12]
	at org.junit.runners.ParentRunner$1.schedule(ParentRunner.java:71) ~[junit-4.12.jar:4.12]
	at org.junit.runners.ParentRunner.runChildren(ParentRunner.java:288) ~[junit-4.12.jar:4.12]
	at org.junit.runners.ParentRunner.access$000(ParentRunner.java:58) ~[junit-4.12.jar:4.12]
	at org.junit.runners.ParentRunner$2.evaluate(ParentRunner.java:268) ~[junit-4.12.jar:4.12]
	at org.junit.runners.ParentRunner.run(ParentRunner.java:363) ~[junit-4.12.jar:4.12]
	at org.gradle.api.internal.tasks.testing.junit.JUnitTestClassExecutor.runTestClass(JUnitTestClassExecutor.java:110) ~[?:?]
	at org.gradle.api.internal.tasks.testing.junit.JUnitTestClassExecutor.execute(JUnitTestClassExecutor.java:58) ~[?:?]
	at org.gradle.api.internal.tasks.testing.junit.JUnitTestClassExecutor.execute(JUnitTestClassExecutor.java:38) ~[?:?]
	at org.gradle.api.internal.tasks.testing.junit.AbstractJUnitTestClassProcessor.processTestClass(AbstractJUnitTestClassProcessor.java:62) ~[?:?]
	at org.gradle.api.internal.tasks.testing.SuiteTestClassProcessor.processTestClass(SuiteTestClassProcessor.java:51) ~[?:?]
	at sun.reflect.NativeMethodAccessorImpl.invoke0(Native Method) ~[?:1.8.0_332]
	at sun.reflect.NativeMethodAccessorImpl.invoke(NativeMethodAccessorImpl.java:62) ~[?:1.8.0_332]
	at sun.reflect.DelegatingMethodAccessorImpl.invoke(DelegatingMethodAccessorImpl.java:43) ~[?:1.8.0_332]
	at java.lang.reflect.Method.invoke(Method.java:498) ~[?:1.8.0_332]
	at org.gradle.internal.dispatch.ReflectionDispatch.dispatch(ReflectionDispatch.java:36) ~[gradle-tooling-api-5.6.4.jar:5.6.4]
	at org.gradle.internal.dispatch.ReflectionDispatch.dispatch(ReflectionDispatch.java:24) ~[gradle-tooling-api-5.6.4.jar:5.6.4]
	at org.gradle.internal.dispatch.ContextClassLoaderDispatch.dispatch(ContextClassLoaderDispatch.java:33) ~[?:?]
	at org.gradle.internal.dispatch.ProxyDispatchAdapter$DispatchingInvocationHandler.invoke(ProxyDispatchAdapter.java:94) ~[gradle-tooling-api-5.6.4.jar:5.6.4]
	at com.sun.proxy.$Proxy2.processTestClass(Unknown Source) ~[?:?]
	at org.gradle.api.internal.tasks.testing.worker.TestWorker.processTestClass(TestWorker.java:118) ~[?:?]
	at sun.reflect.NativeMethodAccessorImpl.invoke0(Native Method) ~[?:1.8.0_332]
	at sun.reflect.NativeMethodAccessorImpl.invoke(NativeMethodAccessorImpl.java:62) ~[?:1.8.0_332]
	at sun.reflect.DelegatingMethodAccessorImpl.invoke(DelegatingMethodAccessorImpl.java:43) ~[?:1.8.0_332]
	at java.lang.reflect.Method.invoke(Method.java:498) ~[?:1.8.0_332]
	at org.gradle.internal.dispatch.ReflectionDispatch.dispatch(ReflectionDispatch.java:36) ~[gradle-tooling-api-5.6.4.jar:5.6.4]
	at org.gradle.internal.dispatch.ReflectionDispatch.dispatch(ReflectionDispatch.java:24) ~[gradle-tooling-api-5.6.4.jar:5.6.4]
	at org.gradle.internal.remote.internal.hub.MessageHubBackedObjectConnection$DispatchWrapper.dispatch(MessageHubBackedObjectConnection.java:182) ~[?:?]
	at org.gradle.internal.remote.internal.hub.MessageHubBackedObjectConnection$DispatchWrapper.dispatch(MessageHubBackedObjectConnection.java:164) ~[?:?]
	at org.gradle.internal.remote.internal.hub.MessageHub$Handler.run(MessageHub.java:412) ~[?:?]
	at org.gradle.internal.concurrent.ExecutorPolicy$CatchAndRecordFailures.onExecute(ExecutorPolicy.java:64) ~[gradle-tooling-api-5.6.4.jar:5.6.4]
	at org.gradle.internal.concurrent.ManagedExecutorImpl$1.run(ManagedExecutorImpl.java:48) ~[gradle-tooling-api-5.6.4.jar:5.6.4]
	at java.util.concurrent.ThreadPoolExecutor.runWorker(ThreadPoolExecutor.java:1149) ~[?:1.8.0_332]
	at java.util.concurrent.ThreadPoolExecutor$Worker.run(ThreadPoolExecutor.java:624) ~[?:1.8.0_332]
	at org.gradle.internal.concurrent.ThreadFactoryImpl$ManagedThreadRunnable.run(ThreadFactoryImpl.java:56) ~[gradle-tooling-api-5.6.4.jar:5.6.4]
	at java.lang.Thread.run(Thread.java:750) [?:1.8.0_332]
[WARN ] 2022-07-21T11:04:38,218Z [Test worker] contracts.TransactionState. - State class com.bootcamp.states.TokenState is not annotated with @BelongsToContract, and does not have an enclosing class which implements Contract. Annotate TokenState with @BelongsToContract(com.bootcamp.contracts.TokenContract.class) to remove this warning. {}
[WARN ] 2022-07-21T11:04:38,219Z [Test worker] contracts.TransactionState. - State class com.bootcamp.states.TokenState is not annotated with @BelongsToContract, and does not have an enclosing class which implements Contract. Annotate TokenState with @BelongsToContract(com.bootcamp.contracts.TokenContract.class) to remove this warning. {}
[ERROR] 2022-07-21T11:04:38,219Z [Test worker] internal.Verifier. - Error validating transaction 6DE7E9AD25415FCB1AE4FE8AD3CB73180937E09F0BD9A59D271E79892A3676EC. {}
java.lang.IllegalArgumentException: Zero Inputs expected
	at com.bootcamp.contracts.TokenContract.verify(TokenContract.java:22) ~[main/:?]
	at net.corda.core.internal.ContractVerifier.apply(TransactionVerifierServiceInternal.kt:434) ~[corda-core-4.8.5.jar:?]
	at net.corda.core.internal.BasicVerifier.verifyContracts(TransactionVerifierServiceInternal.kt:386) ~[corda-core-4.8.5.jar:?]
	at net.corda.core.internal.Verifier.verify(TransactionVerifierServiceInternal.kt:72) ~[corda-core-4.8.5.jar:?]
	at net.corda.core.transactions.LedgerTransaction.verify(LedgerTransaction.kt:239) ~[corda-core-4.8.5.jar:?]
	at net.corda.testing.dsl.TestTransactionDSLInterpreter.verifies(TestDSL.kt:190) ~[corda-test-utils-4.8.5.jar:?]
	at net.corda.testing.dsl.Verifies$DefaultImpls.failsWith(LedgerDSLInterpreter.kt:45) ~[corda-test-utils-4.8.5.jar:?]
	at net.corda.testing.dsl.TransactionDSLInterpreter$DefaultImpls.failsWith(TransactionDSLInterpreter.kt) ~[corda-test-utils-4.8.5.jar:?]
	at net.corda.testing.dsl.TestTransactionDSLInterpreter.failsWith(TestDSL.kt:80) ~[corda-test-utils-4.8.5.jar:?]
	at net.corda.testing.dsl.Verifies$DefaultImpls.fails(LedgerDSLInterpreter.kt:75) ~[corda-test-utils-4.8.5.jar:?]
	at net.corda.testing.dsl.TransactionDSLInterpreter$DefaultImpls.fails(TransactionDSLInterpreter.kt) ~[corda-test-utils-4.8.5.jar:?]
	at net.corda.testing.dsl.TestTransactionDSLInterpreter.fails(TestDSL.kt:80) ~[corda-test-utils-4.8.5.jar:?]
	at net.corda.testing.dsl.TransactionDSL.fails(TransactionDSLInterpreter.kt) ~[corda-test-utils-4.8.5.jar:?]
	at com.bootcamp.contracts.ContractTests.lambda$tokenContractRequiresZeroInputsInTheTransaction$0(ContractTests.java:36) ~[test/:?]
	at net.corda.testing.node.NodeTestUtils$transaction$1.invoke(NodeTestUtils.kt:54) ~[corda-node-driver-4.8.5.jar:?]
	at net.corda.testing.node.NodeTestUtils$transaction$1.invoke(NodeTestUtils.kt) ~[corda-node-driver-4.8.5.jar:?]
	at net.corda.testing.node.NodeTestUtils$ledger$2.invoke(NodeTestUtils.kt:39) ~[corda-node-driver-4.8.5.jar:?]
	at net.corda.testing.node.NodeTestUtils$ledger$2.invoke(NodeTestUtils.kt) ~[corda-node-driver-4.8.5.jar:?]
	at net.corda.testing.internal.InternalTestUtilsKt$withTestSerializationEnvIfNotSet$1.invoke(InternalTestUtils.kt:241) ~[corda-test-utils-4.8.5.jar:?]
	at net.corda.testing.internal.InternalTestUtilsKt$withTestSerializationEnvIfNotSet$1.invoke(InternalTestUtils.kt) ~[corda-test-utils-4.8.5.jar:?]
	at net.corda.testing.common.internal.CommonSerializationTestHelpersKt.asContextEnv(CommonSerializationTestHelpers.kt:19) ~[corda-test-common-4.8.5.jar:?]
	at net.corda.coretesting.internal.InternalSerializationTestHelpersKt.asTestContextEnv(InternalSerializationTestHelpers.kt:70) ~[corda-core-test-utils-4.8.5.jar:?]
	at net.corda.testing.internal.InternalTestUtilsKt.withTestSerializationEnvIfNotSet(InternalTestUtils.kt:241) ~[corda-test-utils-4.8.5.jar:?]
	at net.corda.testing.node.NodeTestUtils.ledger(NodeTestUtils.kt:36) ~[corda-node-driver-4.8.5.jar:?]
	at net.corda.testing.node.NodeTestUtils.transaction(NodeTestUtils.kt:53) ~[corda-node-driver-4.8.5.jar:?]
	at net.corda.testing.node.NodeTestUtils.transaction$default(NodeTestUtils.kt:51) ~[corda-node-driver-4.8.5.jar:?]
	at net.corda.testing.node.NodeTestUtils.transaction(NodeTestUtils.kt) ~[corda-node-driver-4.8.5.jar:?]
	at com.bootcamp.contracts.ContractTests.tokenContractRequiresZeroInputsInTheTransaction(ContractTests.java:31) ~[test/:?]
	at sun.reflect.NativeMethodAccessorImpl.invoke0(Native Method) ~[?:1.8.0_332]
	at sun.reflect.NativeMethodAccessorImpl.invoke(NativeMethodAccessorImpl.java:62) ~[?:1.8.0_332]
	at sun.reflect.DelegatingMethodAccessorImpl.invoke(DelegatingMethodAccessorImpl.java:43) ~[?:1.8.0_332]
	at java.lang.reflect.Method.invoke(Method.java:498) ~[?:1.8.0_332]
	at org.junit.runners.model.FrameworkMethod$1.runReflectiveCall(FrameworkMethod.java:50) ~[junit-4.12.jar:4.12]
	at org.junit.internal.runners.model.ReflectiveCallable.run(ReflectiveCallable.java:12) ~[junit-4.12.jar:4.12]
	at org.junit.runners.model.FrameworkMethod.invokeExplosively(FrameworkMethod.java:47) ~[junit-4.12.jar:4.12]
	at org.junit.internal.runners.statements.InvokeMethod.evaluate(InvokeMethod.java:17) ~[junit-4.12.jar:4.12]
	at org.junit.runners.ParentRunner.runLeaf(ParentRunner.java:325) ~[junit-4.12.jar:4.12]
	at org.junit.runners.BlockJUnit4ClassRunner.runChild(BlockJUnit4ClassRunner.java:78) ~[junit-4.12.jar:4.12]
	at org.junit.runners.BlockJUnit4ClassRunner.runChild(BlockJUnit4ClassRunner.java:57) ~[junit-4.12.jar:4.12]
	at org.junit.runners.ParentRunner$3.run(ParentRunner.java:290) ~[junit-4.12.jar:4.12]
	at org.junit.runners.ParentRunner$1.schedule(ParentRunner.java:71) ~[junit-4.12.jar:4.12]
	at org.junit.runners.ParentRunner.runChildren(ParentRunner.java:288) ~[junit-4.12.jar:4.12]
	at org.junit.runners.ParentRunner.access$000(ParentRunner.java:58) ~[junit-4.12.jar:4.12]
	at org.junit.runners.ParentRunner$2.evaluate(ParentRunner.java:268) ~[junit-4.12.jar:4.12]
	at org.junit.runners.ParentRunner.run(ParentRunner.java:363) ~[junit-4.12.jar:4.12]
	at org.gradle.api.internal.tasks.testing.junit.JUnitTestClassExecutor.runTestClass(JUnitTestClassExecutor.java:110) ~[?:?]
	at org.gradle.api.internal.tasks.testing.junit.JUnitTestClassExecutor.execute(JUnitTestClassExecutor.java:58) ~[?:?]
	at org.gradle.api.internal.tasks.testing.junit.JUnitTestClassExecutor.execute(JUnitTestClassExecutor.java:38) ~[?:?]
	at org.gradle.api.internal.tasks.testing.junit.AbstractJUnitTestClassProcessor.processTestClass(AbstractJUnitTestClassProcessor.java:62) ~[?:?]
	at org.gradle.api.internal.tasks.testing.SuiteTestClassProcessor.processTestClass(SuiteTestClassProcessor.java:51) ~[?:?]
	at sun.reflect.NativeMethodAccessorImpl.invoke0(Native Method) ~[?:1.8.0_332]
	at sun.reflect.NativeMethodAccessorImpl.invoke(NativeMethodAccessorImpl.java:62) ~[?:1.8.0_332]
	at sun.reflect.DelegatingMethodAccessorImpl.invoke(DelegatingMethodAccessorImpl.java:43) ~[?:1.8.0_332]
	at java.lang.reflect.Method.invoke(Method.java:498) ~[?:1.8.0_332]
	at org.gradle.internal.dispatch.ReflectionDispatch.dispatch(ReflectionDispatch.java:36) ~[gradle-tooling-api-5.6.4.jar:5.6.4]
	at org.gradle.internal.dispatch.ReflectionDispatch.dispatch(ReflectionDispatch.java:24) ~[gradle-tooling-api-5.6.4.jar:5.6.4]
	at org.gradle.internal.dispatch.ContextClassLoaderDispatch.dispatch(ContextClassLoaderDispatch.java:33) ~[?:?]
	at org.gradle.internal.dispatch.ProxyDispatchAdapter$DispatchingInvocationHandler.invoke(ProxyDispatchAdapter.java:94) ~[gradle-tooling-api-5.6.4.jar:5.6.4]
	at com.sun.proxy.$Proxy2.processTestClass(Unknown Source) ~[?:?]
	at org.gradle.api.internal.tasks.testing.worker.TestWorker.processTestClass(TestWorker.java:118) ~[?:?]
	at sun.reflect.NativeMethodAccessorImpl.invoke0(Native Method) ~[?:1.8.0_332]
	at sun.reflect.NativeMethodAccessorImpl.invoke(NativeMethodAccessorImpl.java:62) ~[?:1.8.0_332]
	at sun.reflect.DelegatingMethodAccessorImpl.invoke(DelegatingMethodAccessorImpl.java:43) ~[?:1.8.0_332]
	at java.lang.reflect.Method.invoke(Method.java:498) ~[?:1.8.0_332]
	at org.gradle.internal.dispatch.ReflectionDispatch.dispatch(ReflectionDispatch.java:36) ~[gradle-tooling-api-5.6.4.jar:5.6.4]
	at org.gradle.internal.dispatch.ReflectionDispatch.dispatch(ReflectionDispatch.java:24) ~[gradle-tooling-api-5.6.4.jar:5.6.4]
	at org.gradle.internal.remote.internal.hub.MessageHubBackedObjectConnection$DispatchWrapper.dispatch(MessageHubBackedObjectConnection.java:182) ~[?:?]
	at org.gradle.internal.remote.internal.hub.MessageHubBackedObjectConnection$DispatchWrapper.dispatch(MessageHubBackedObjectConnection.java:164) ~[?:?]
	at org.gradle.internal.remote.internal.hub.MessageHub$Handler.run(MessageHub.java:412) ~[?:?]
	at org.gradle.internal.concurrent.ExecutorPolicy$CatchAndRecordFailures.onExecute(ExecutorPolicy.java:64) ~[gradle-tooling-api-5.6.4.jar:5.6.4]
	at org.gradle.internal.concurrent.ManagedExecutorImpl$1.run(ManagedExecutorImpl.java:48) ~[gradle-tooling-api-5.6.4.jar:5.6.4]
	at java.util.concurrent.ThreadPoolExecutor.runWorker(ThreadPoolExecutor.java:1149) ~[?:1.8.0_332]
	at java.util.concurrent.ThreadPoolExecutor$Worker.run(ThreadPoolExecutor.java:624) ~[?:1.8.0_332]
	at org.gradle.internal.concurrent.ThreadFactoryImpl$ManagedThreadRunnable.run(ThreadFactoryImpl.java:56) ~[gradle-tooling-api-5.6.4.jar:5.6.4]
	at java.lang.Thread.run(Thread.java:750) [?:1.8.0_332]
[WARN ] 2022-07-21T11:04:38,234Z [Test worker] contracts.TransactionState. - State class com.bootcamp.states.TokenState is not annotated with @BelongsToContract, and does not have an enclosing class which implements Contract. Annotate TokenState with @BelongsToContract(com.bootcamp.contracts.TokenContract.class) to remove this warning. {}
[WARN ] 2022-07-21T11:04:38,234Z [Test worker] contracts.TransactionState. - State class com.bootcamp.states.TokenState is not annotated with @BelongsToContract, and does not have an enclosing class which implements Contract. Annotate TokenState with @BelongsToContract(com.bootcamp.contracts.TokenContract.class) to remove this warning. {}
[WARN ] 2022-07-21T11:04:38,252Z [Test worker] contracts.TransactionState. - State class com.bootcamp.states.TokenState is not annotated with @BelongsToContract, and does not have an enclosing class which implements Contract. Annotate TokenState with @BelongsToContract(com.bootcamp.contracts.TokenContract.class) to remove this warning. {}
[WARN ] 2022-07-21T11:04:38,253Z [Test worker] contracts.TransactionState. - State class com.bootcamp.states.TokenState is not annotated with @BelongsToContract, and does not have an enclosing class which implements Contract. Annotate TokenState with @BelongsToContract(com.bootcamp.contracts.TokenContract.class) to remove this warning. {}
